#
# There is insufficient memory for the Java Runtime Environment to continue.
# Native memory allocation (malloc) failed to allocate 340496 bytes for Chunk::new
# Possible reasons:
#   The system is out of physical RAM or swap space
#   The process is running with CompressedOops enabled, and the Java Heap may be blocking the growth of the native heap
# Possible solutions:
#   Reduce memory load on the system
#   Increase physical memory or swap space
#   Check if swap backing store is full
#   Decrease Java heap size (-Xmx/-Xms)
#   Decrease number of Java threads
#   Decrease Java thread stack sizes (-Xss)
#   Set larger code cache with -XX:ReservedCodeCacheSize=
#   JVM is running with Unscaled Compressed Oops mode in which the Java heap is
#     placed in the first 4GB address space. The Java Heap base address is the
#     maximum limit for the native heap growth. Please use -XX:HeapBaseMinAddress
#     to set the Java Heap base and to place the Java Heap above 4GB virtual address.
# This output file may be truncated or incomplete.
#
#  Out of Memory Error (./src/hotspot/share/memory/arena.cpp:197), pid=15712, tid=16692
#
# JRE version: OpenJDK Runtime Environment JBR-11.0.13.7-1751.25-jcef (11.0.13+7) (build 11.0.13+7-b1751.25)
# Java VM: OpenJDK 64-Bit Server VM JBR-11.0.13.7-1751.25-jcef (11.0.13+7-b1751.25, mixed mode, tiered, compressed oops, g1 gc, windows-amd64)
# No core dump will be written. Minidumps are not enabled by default on client versions of Windows
#

---------------  S U M M A R Y ------------

Command Line: -Dfile.encoding=UTF-8 -Dsun.jnu.encoding=UTF-8 -Djava.net.preferIPv4Stack=true -Djava.rmi.server.hostname=127.0.0.1 -Duser.timezone=UTC -Xmx750m -Xms128m -Dfile.encoding=UTF-8 com.intellij.database.remote.RemoteJdbcServer com.mysql.cj.jdbc.Driver

Host: Intel(R) Core(TM) i5-8300H CPU @ 2.30GHz, 8 cores, 15G,  Windows 10 , 64 bit Build 19041 (10.0.19041.1741)
Time: Mon Jul  4 20:40:41 2022 대한민국 표준시 elapsed time: 2.287902 seconds (0d 0h 0m 2s)

---------------  T H R E A D  ---------------

Current thread (0x0000023d64a55000):  JavaThread "C2 CompilerThread2" daemon [_thread_in_native, id=16692, stack(0x000000db81e00000,0x000000db81f00000)]


Current CompileTask:
C2:   2288 1691       4       java.io.DataOutputStream::writeShort (35 bytes)

Stack: [0x000000db81e00000,0x000000db81f00000]
Native frames: (J=compiled Java code, j=interpreted, Vv=VM code, C=native code)
V  [jvm.dll+0x613daa]
V  [jvm.dll+0x799b30]
V  [jvm.dll+0x79b14d]
V  [jvm.dll+0x79b823]
V  [jvm.dll+0x24c958]
V  [jvm.dll+0xc14dc]
V  [jvm.dll+0xc1a0c]
V  [jvm.dll+0x360c3d]
V  [jvm.dll+0x32d723]
V  [jvm.dll+0x32cc1a]
V  [jvm.dll+0x204d82]
V  [jvm.dll+0x203f07]
V  [jvm.dll+0x18b2a1]
V  [jvm.dll+0x212c3b]
V  [jvm.dll+0x211491]
V  [jvm.dll+0x760b9f]
V  [jvm.dll+0x759755]
V  [jvm.dll+0x612a16]
C  [ucrtbase.dll+0x21bb2]
C  [KERNEL32.DLL+0x17034]
C  [ntdll.dll+0x52651]


---------------  P R O C E S S  ---------------

Threads class SMR info:
_java_thread_list=0x0000023d658f9130, length=20, elements={
0x0000023d4bedd000, 0x0000023d63bc7000, 0x0000023d63bc8000, 0x0000023d63bf6000,
0x0000023d63bf7000, 0x0000023d63bf8000, 0x0000023d63c07800, 0x0000023d63c10000,
0x0000023d63c19800, 0x0000023d64686000, 0x0000023d64704000, 0x0000023d649d4000,
0x0000023d649dc000, 0x0000023d649df000, 0x0000023d649df800, 0x0000023d65920000,
0x0000023d64ecd800, 0x0000023d6591e000, 0x0000023d658c1800, 0x0000023d64a55000
}

Java Threads: ( => current thread )
  0x0000023d4bedd000 JavaThread "main" [_thread_blocked, id=17132, stack(0x000000db80700000,0x000000db80800000)]
  0x0000023d63bc7000 JavaThread "Reference Handler" daemon [_thread_blocked, id=21420, stack(0x000000db80e00000,0x000000db80f00000)]
  0x0000023d63bc8000 JavaThread "Finalizer" daemon [_thread_blocked, id=12456, stack(0x000000db80f00000,0x000000db81000000)]
  0x0000023d63bf6000 JavaThread "Signal Dispatcher" daemon [_thread_blocked, id=3084, stack(0x000000db81000000,0x000000db81100000)]
  0x0000023d63bf7000 JavaThread "Attach Listener" daemon [_thread_blocked, id=18108, stack(0x000000db81100000,0x000000db81200000)]
  0x0000023d63bf8000 JavaThread "Service Thread" daemon [_thread_blocked, id=17776, stack(0x000000db81200000,0x000000db81300000)]
  0x0000023d63c07800 JavaThread "C2 CompilerThread0" daemon [_thread_blocked, id=17724, stack(0x000000db81300000,0x000000db81400000)]
  0x0000023d63c10000 JavaThread "C1 CompilerThread0" daemon [_thread_in_native, id=10000, stack(0x000000db81400000,0x000000db81500000)]
  0x0000023d63c19800 JavaThread "Sweeper thread" daemon [_thread_blocked, id=16604, stack(0x000000db81500000,0x000000db81600000)]
  0x0000023d64686000 JavaThread "Common-Cleaner" daemon [_thread_blocked, id=19664, stack(0x000000db81700000,0x000000db81800000)]
  0x0000023d64704000 JavaThread "mysql-cj-abandoned-connection-cleanup" daemon [_thread_blocked, id=9664, stack(0x000000db81800000,0x000000db81900000)]
  0x0000023d649d4000 JavaThread "RMI TCP Accept-60094" daemon [_thread_in_native, id=3152, stack(0x000000db81900000,0x000000db81a00000)]
  0x0000023d649dc000 JavaThread "RMI TCP Accept-0" daemon [_thread_in_native, id=12476, stack(0x000000db81a00000,0x000000db81b00000)]
  0x0000023d649df000 JavaThread "RMI Reaper" [_thread_blocked, id=816, stack(0x000000db81b00000,0x000000db81c00000)]
  0x0000023d649df800 JavaThread "RMI GC Daemon" daemon [_thread_blocked, id=19428, stack(0x000000db81c00000,0x000000db81d00000)]
  0x0000023d65920000 JavaThread "RMI TCP Connection(1)-127.0.0.1" daemon [_thread_in_native, id=9072, stack(0x000000db81f00000,0x000000db82000000)]
  0x0000023d64ecd800 JavaThread "RMI TCP Connection(2)-127.0.0.1" daemon [_thread_in_native, id=11608, stack(0x000000db82000000,0x000000db82100000)]
  0x0000023d6591e000 JavaThread "RMI Scheduler(0)" daemon [_thread_blocked, id=20660, stack(0x000000db82100000,0x000000db82200000)]
  0x0000023d658c1800 JavaThread "C2 CompilerThread1" daemon [_thread_in_native, id=8416, stack(0x000000db81d00000,0x000000db81e00000)]
=>0x0000023d64a55000 JavaThread "C2 CompilerThread2" daemon [_thread_in_native, id=16692, stack(0x000000db81e00000,0x000000db81f00000)]

Other Threads:
  0x0000023d63ba2800 VMThread "VM Thread" [stack: 0x000000db80d00000,0x000000db80e00000] [id=17240]
  0x0000023d64681000 WatcherThread [stack: 0x000000db81600000,0x000000db81700000] [id=16576]
  0x0000023d4bef4000 GCTaskThread "GC Thread#0" [stack: 0x000000db80800000,0x000000db80900000] [id=13988]
  0x0000023d64a75800 GCTaskThread "GC Thread#1" [stack: 0x000000db82200000,0x000000db82300000] [id=9456]
  0x0000023d65080800 GCTaskThread "GC Thread#2" [stack: 0x000000db82300000,0x000000db82400000] [id=12092]
  0x0000023d65081000 GCTaskThread "GC Thread#3" [stack: 0x000000db82400000,0x000000db82500000] [id=21128]
  0x0000023d4bf0e000 ConcurrentGCThread "G1 Main Marker" [stack: 0x000000db80900000,0x000000db80a00000] [id=14652]
  0x0000023d4bf0f800 ConcurrentGCThread "G1 Conc#0" [stack: 0x000000db80a00000,0x000000db80b00000] [id=19556]
  0x0000023d65d56800 ConcurrentGCThread "G1 Conc#1" [stack: 0x000000db82600000,0x000000db82700000] [id=15288]
  0x0000023d4bfac800 ConcurrentGCThread "G1 Refine#0" [stack: 0x000000db80b00000,0x000000db80c00000] [id=16032]
  0x0000023d648ad800 ConcurrentGCThread "G1 Refine#1" [stack: 0x000000db82500000,0x000000db82600000] [id=15688]
  0x0000023d4bfaf000 ConcurrentGCThread "G1 Young RemSet Sampling" [stack: 0x000000db80c00000,0x000000db80d00000] [id=19436]

Threads with active compile tasks:
C2 CompilerThread0   2323 1743       4       java.lang.String::replace (42 bytes)
C1 CompilerThread0   2323 1744       3       java.lang.reflect.ProxyGenerator$ProxyMethod::codeUnwrapReturnValue (213 bytes)
C2 CompilerThread1   2323 1746 %     4       java.io.DataOutputStream::writeUTF @ 211 (435 bytes)
C2 CompilerThread2   2323 1691       4       java.io.DataOutputStream::writeShort (35 bytes)

VM state:not at safepoint (normal execution)

VM Mutex/Monitor currently owned by a thread: None

Heap address: 0x00000000d1200000, size: 750 MB, Compressed Oops mode: 32-bit
Narrow klass base: 0x0000000000000000, Narrow klass shift: 3
Compressed class space size: 1073741824 Address: 0x0000000100000000

Heap:
 garbage-first heap   total 131072K, used 7032K [0x00000000d1200000, 0x0000000100000000)
  region size 1024K, 3 young (3072K), 2 survivors (2048K)
 Metaspace       used 20714K, capacity 21327K, committed 21552K, reserved 1069056K
  class space    used 2191K, capacity 2419K, committed 2432K, reserved 1048576K
Heap Regions: E=young(eden), S=young(survivor), O=old, HS=humongous(starts), HC=humongous(continues), CS=collection set, F=free, A=archive, TAMS=top-at-mark-start (previous, next)
|   0|0x00000000d1200000, 0x00000000d1300000, 0x00000000d1300000|100%| O|  |TAMS 0x00000000d1300000, 0x00000000d1200000| Untracked 
|   1|0x00000000d1300000, 0x00000000d1400000, 0x00000000d1400000|100%| O|  |TAMS 0x00000000d1400000, 0x00000000d1300000| Untracked 
|   2|0x00000000d1400000, 0x00000000d1500000, 0x00000000d1500000|100%| O|  |TAMS 0x00000000d1500000, 0x00000000d1400000| Untracked 
|   3|0x00000000d1500000, 0x00000000d1600000, 0x00000000d1600000|100%| O|  |TAMS 0x00000000d1600000, 0x00000000d1500000| Untracked 
|   4|0x00000000d1600000, 0x00000000d1700000, 0x00000000d1700000|100%| O|  |TAMS 0x00000000d1700000, 0x00000000d1600000| Untracked 
|   5|0x00000000d1700000, 0x00000000d17aa800, 0x00000000d1800000| 66%| O|  |TAMS 0x00000000d17aa800, 0x00000000d1700000| Untracked 
|   6|0x00000000d1800000, 0x00000000d1800000, 0x00000000d1900000|  0%| F|  |TAMS 0x00000000d1800000, 0x00000000d1800000| Untracked 
|   7|0x00000000d1900000, 0x00000000d1900000, 0x00000000d1a00000|  0%| F|  |TAMS 0x00000000d1900000, 0x00000000d1900000| Untracked 
|   8|0x00000000d1a00000, 0x00000000d1a00000, 0x00000000d1b00000|  0%| F|  |TAMS 0x00000000d1a00000, 0x00000000d1a00000| Untracked 
|   9|0x00000000d1b00000, 0x00000000d1b00000, 0x00000000d1c00000|  0%| F|  |TAMS 0x00000000d1b00000, 0x00000000d1b00000| Untracked 
|  10|0x00000000d1c00000, 0x00000000d1c00000, 0x00000000d1d00000|  0%| F|  |TAMS 0x00000000d1c00000, 0x00000000d1c00000| Untracked 
|  11|0x00000000d1d00000, 0x00000000d1d00000, 0x00000000d1e00000|  0%| F|  |TAMS 0x00000000d1d00000, 0x00000000d1d00000| Untracked 
|  12|0x00000000d1e00000, 0x00000000d1e00000, 0x00000000d1f00000|  0%| F|  |TAMS 0x00000000d1e00000, 0x00000000d1e00000| Untracked 
|  13|0x00000000d1f00000, 0x00000000d1f00000, 0x00000000d2000000|  0%| F|  |TAMS 0x00000000d1f00000, 0x00000000d1f00000| Untracked 
|  14|0x00000000d2000000, 0x00000000d2000000, 0x00000000d2100000|  0%| F|  |TAMS 0x00000000d2000000, 0x00000000d2000000| Untracked 
|  15|0x00000000d2100000, 0x00000000d2100000, 0x00000000d2200000|  0%| F|  |TAMS 0x00000000d2100000, 0x00000000d2100000| Untracked 
|  16|0x00000000d2200000, 0x00000000d2200000, 0x00000000d2300000|  0%| F|  |TAMS 0x00000000d2200000, 0x00000000d2200000| Untracked 
|  17|0x00000000d2300000, 0x00000000d2300000, 0x00000000d2400000|  0%| F|  |TAMS 0x00000000d2300000, 0x00000000d2300000| Untracked 
|  18|0x00000000d2400000, 0x00000000d2400000, 0x00000000d2500000|  0%| F|  |TAMS 0x00000000d2400000, 0x00000000d2400000| Untracked 
|  19|0x00000000d2500000, 0x00000000d2500000, 0x00000000d2600000|  0%| F|  |TAMS 0x00000000d2500000, 0x00000000d2500000| Untracked 
|  20|0x00000000d2600000, 0x00000000d2600000, 0x00000000d2700000|  0%| F|  |TAMS 0x00000000d2600000, 0x00000000d2600000| Untracked 
|  21|0x00000000d2700000, 0x00000000d2700000, 0x00000000d2800000|  0%| F|  |TAMS 0x00000000d2700000, 0x00000000d2700000| Untracked 
|  22|0x00000000d2800000, 0x00000000d2800000, 0x00000000d2900000|  0%| F|  |TAMS 0x00000000d2800000, 0x00000000d2800000| Untracked 
|  23|0x00000000d2900000, 0x00000000d2900000, 0x00000000d2a00000|  0%| F|  |TAMS 0x00000000d2900000, 0x00000000d2900000| Untracked 
|  24|0x00000000d2a00000, 0x00000000d2a00000, 0x00000000d2b00000|  0%| F|  |TAMS 0x00000000d2a00000, 0x00000000d2a00000| Untracked 
|  25|0x00000000d2b00000, 0x00000000d2b00000, 0x00000000d2c00000|  0%| F|  |TAMS 0x00000000d2b00000, 0x00000000d2b00000| Untracked 
|  26|0x00000000d2c00000, 0x00000000d2c00000, 0x00000000d2d00000|  0%| F|  |TAMS 0x00000000d2c00000, 0x00000000d2c00000| Untracked 
|  27|0x00000000d2d00000, 0x00000000d2d00000, 0x00000000d2e00000|  0%| F|  |TAMS 0x00000000d2d00000, 0x00000000d2d00000| Untracked 
|  28|0x00000000d2e00000, 0x00000000d2e00000, 0x00000000d2f00000|  0%| F|  |TAMS 0x00000000d2e00000, 0x00000000d2e00000| Untracked 
|  29|0x00000000d2f00000, 0x00000000d2f00000, 0x00000000d3000000|  0%| F|  |TAMS 0x00000000d2f00000, 0x00000000d2f00000| Untracked 
|  30|0x00000000d3000000, 0x00000000d3000000, 0x00000000d3100000|  0%| F|  |TAMS 0x00000000d3000000, 0x00000000d3000000| Untracked 
|  31|0x00000000d3100000, 0x00000000d3100000, 0x00000000d3200000|  0%| F|  |TAMS 0x00000000d3100000, 0x00000000d3100000| Untracked 
|  32|0x00000000d3200000, 0x00000000d3200000, 0x00000000d3300000|  0%| F|  |TAMS 0x00000000d3200000, 0x00000000d3200000| Untracked 
|  33|0x00000000d3300000, 0x00000000d3300000, 0x00000000d3400000|  0%| F|  |TAMS 0x00000000d3300000, 0x00000000d3300000| Untracked 
|  34|0x00000000d3400000, 0x00000000d3400000, 0x00000000d3500000|  0%| F|  |TAMS 0x00000000d3400000, 0x00000000d3400000| Untracked 
|  35|0x00000000d3500000, 0x00000000d3500000, 0x00000000d3600000|  0%| F|  |TAMS 0x00000000d3500000, 0x00000000d3500000| Untracked 
|  36|0x00000000d3600000, 0x00000000d3600000, 0x00000000d3700000|  0%| F|  |TAMS 0x00000000d3600000, 0x00000000d3600000| Untracked 
|  37|0x00000000d3700000, 0x00000000d3700000, 0x00000000d3800000|  0%| F|  |TAMS 0x00000000d3700000, 0x00000000d3700000| Untracked 
|  38|0x00000000d3800000, 0x00000000d3800000, 0x00000000d3900000|  0%| F|  |TAMS 0x00000000d3800000, 0x00000000d3800000| Untracked 
|  39|0x00000000d3900000, 0x00000000d3900000, 0x00000000d3a00000|  0%| F|  |TAMS 0x00000000d3900000, 0x00000000d3900000| Untracked 
|  40|0x00000000d3a00000, 0x00000000d3a00000, 0x00000000d3b00000|  0%| F|  |TAMS 0x00000000d3a00000, 0x00000000d3a00000| Untracked 
|  41|0x00000000d3b00000, 0x00000000d3b00000, 0x00000000d3c00000|  0%| F|  |TAMS 0x00000000d3b00000, 0x00000000d3b00000| Untracked 
|  42|0x00000000d3c00000, 0x00000000d3c00000, 0x00000000d3d00000|  0%| F|  |TAMS 0x00000000d3c00000, 0x00000000d3c00000| Untracked 
|  43|0x00000000d3d00000, 0x00000000d3d00000, 0x00000000d3e00000|  0%| F|  |TAMS 0x00000000d3d00000, 0x00000000d3d00000| Untracked 
|  44|0x00000000d3e00000, 0x00000000d3e00000, 0x00000000d3f00000|  0%| F|  |TAMS 0x00000000d3e00000, 0x00000000d3e00000| Untracked 
|  45|0x00000000d3f00000, 0x00000000d3f00000, 0x00000000d4000000|  0%| F|  |TAMS 0x00000000d3f00000, 0x00000000d3f00000| Untracked 
|  46|0x00000000d4000000, 0x00000000d4000000, 0x00000000d4100000|  0%| F|  |TAMS 0x00000000d4000000, 0x00000000d4000000| Untracked 
|  47|0x00000000d4100000, 0x00000000d4100000, 0x00000000d4200000|  0%| F|  |TAMS 0x00000000d4100000, 0x00000000d4100000| Untracked 
|  48|0x00000000d4200000, 0x00000000d4200000, 0x00000000d4300000|  0%| F|  |TAMS 0x00000000d4200000, 0x00000000d4200000| Untracked 
|  49|0x00000000d4300000, 0x00000000d4300000, 0x00000000d4400000|  0%| F|  |TAMS 0x00000000d4300000, 0x00000000d4300000| Untracked 
|  50|0x00000000d4400000, 0x00000000d4400000, 0x00000000d4500000|  0%| F|  |TAMS 0x00000000d4400000, 0x00000000d4400000| Untracked 
|  51|0x00000000d4500000, 0x00000000d4500000, 0x00000000d4600000|  0%| F|  |TAMS 0x00000000d4500000, 0x00000000d4500000| Untracked 
|  52|0x00000000d4600000, 0x00000000d4600000, 0x00000000d4700000|  0%| F|  |TAMS 0x00000000d4600000, 0x00000000d4600000| Untracked 
|  53|0x00000000d4700000, 0x00000000d4700000, 0x00000000d4800000|  0%| F|  |TAMS 0x00000000d4700000, 0x00000000d4700000| Untracked 
|  54|0x00000000d4800000, 0x00000000d4800000, 0x00000000d4900000|  0%| F|  |TAMS 0x00000000d4800000, 0x00000000d4800000| Untracked 
|  55|0x00000000d4900000, 0x00000000d4900000, 0x00000000d4a00000|  0%| F|  |TAMS 0x00000000d4900000, 0x00000000d4900000| Untracked 
|  56|0x00000000d4a00000, 0x00000000d4a00000, 0x00000000d4b00000|  0%| F|  |TAMS 0x00000000d4a00000, 0x00000000d4a00000| Untracked 
|  57|0x00000000d4b00000, 0x00000000d4b00000, 0x00000000d4c00000|  0%| F|  |TAMS 0x00000000d4b00000, 0x00000000d4b00000| Untracked 
|  58|0x00000000d4c00000, 0x00000000d4c00000, 0x00000000d4d00000|  0%| F|  |TAMS 0x00000000d4c00000, 0x00000000d4c00000| Untracked 
|  59|0x00000000d4d00000, 0x00000000d4d00000, 0x00000000d4e00000|  0%| F|  |TAMS 0x00000000d4d00000, 0x00000000d4d00000| Untracked 
|  60|0x00000000d4e00000, 0x00000000d4e00000, 0x00000000d4f00000|  0%| F|  |TAMS 0x00000000d4e00000, 0x00000000d4e00000| Untracked 
|  61|0x00000000d4f00000, 0x00000000d4f00000, 0x00000000d5000000|  0%| F|  |TAMS 0x00000000d4f00000, 0x00000000d4f00000| Untracked 
|  62|0x00000000d5000000, 0x00000000d5000000, 0x00000000d5100000|  0%| F|  |TAMS 0x00000000d5000000, 0x00000000d5000000| Untracked 
|  63|0x00000000d5100000, 0x00000000d5100000, 0x00000000d5200000|  0%| F|  |TAMS 0x00000000d5100000, 0x00000000d5100000| Untracked 
|  64|0x00000000d5200000, 0x00000000d5200000, 0x00000000d5300000|  0%| F|  |TAMS 0x00000000d5200000, 0x00000000d5200000| Untracked 
|  65|0x00000000d5300000, 0x00000000d5300000, 0x00000000d5400000|  0%| F|  |TAMS 0x00000000d5300000, 0x00000000d5300000| Untracked 
|  66|0x00000000d5400000, 0x00000000d5400000, 0x00000000d5500000|  0%| F|  |TAMS 0x00000000d5400000, 0x00000000d5400000| Untracked 
|  67|0x00000000d5500000, 0x00000000d5500000, 0x00000000d5600000|  0%| F|  |TAMS 0x00000000d5500000, 0x00000000d5500000| Untracked 
|  68|0x00000000d5600000, 0x00000000d5600000, 0x00000000d5700000|  0%| F|  |TAMS 0x00000000d5600000, 0x00000000d5600000| Untracked 
|  69|0x00000000d5700000, 0x00000000d5700000, 0x00000000d5800000|  0%| F|  |TAMS 0x00000000d5700000, 0x00000000d5700000| Untracked 
|  70|0x00000000d5800000, 0x00000000d5800000, 0x00000000d5900000|  0%| F|  |TAMS 0x00000000d5800000, 0x00000000d5800000| Untracked 
|  71|0x00000000d5900000, 0x00000000d5900000, 0x00000000d5a00000|  0%| F|  |TAMS 0x00000000d5900000, 0x00000000d5900000| Untracked 
|  72|0x00000000d5a00000, 0x00000000d5a00000, 0x00000000d5b00000|  0%| F|  |TAMS 0x00000000d5a00000, 0x00000000d5a00000| Untracked 
|  73|0x00000000d5b00000, 0x00000000d5b00000, 0x00000000d5c00000|  0%| F|  |TAMS 0x00000000d5b00000, 0x00000000d5b00000| Untracked 
|  74|0x00000000d5c00000, 0x00000000d5c00000, 0x00000000d5d00000|  0%| F|  |TAMS 0x00000000d5c00000, 0x00000000d5c00000| Untracked 
|  75|0x00000000d5d00000, 0x00000000d5d00000, 0x00000000d5e00000|  0%| F|  |TAMS 0x00000000d5d00000, 0x00000000d5d00000| Untracked 
|  76|0x00000000d5e00000, 0x00000000d5e00000, 0x00000000d5f00000|  0%| F|  |TAMS 0x00000000d5e00000, 0x00000000d5e00000| Untracked 
|  77|0x00000000d5f00000, 0x00000000d5f00000, 0x00000000d6000000|  0%| F|  |TAMS 0x00000000d5f00000, 0x00000000d5f00000| Untracked 
|  78|0x00000000d6000000, 0x00000000d6000000, 0x00000000d6100000|  0%| F|  |TAMS 0x00000000d6000000, 0x00000000d6000000| Untracked 
|  79|0x00000000d6100000, 0x00000000d6100000, 0x00000000d6200000|  0%| F|  |TAMS 0x00000000d6100000, 0x00000000d6100000| Untracked 
|  80|0x00000000d6200000, 0x00000000d6200000, 0x00000000d6300000|  0%| F|  |TAMS 0x00000000d6200000, 0x00000000d6200000| Untracked 
|  81|0x00000000d6300000, 0x00000000d6300000, 0x00000000d6400000|  0%| F|  |TAMS 0x00000000d6300000, 0x00000000d6300000| Untracked 
|  82|0x00000000d6400000, 0x00000000d6400000, 0x00000000d6500000|  0%| F|  |TAMS 0x00000000d6400000, 0x00000000d6400000| Untracked 
|  83|0x00000000d6500000, 0x00000000d6500000, 0x00000000d6600000|  0%| F|  |TAMS 0x00000000d6500000, 0x00000000d6500000| Untracked 
|  84|0x00000000d6600000, 0x00000000d6600000, 0x00000000d6700000|  0%| F|  |TAMS 0x00000000d6600000, 0x00000000d6600000| Untracked 
|  85|0x00000000d6700000, 0x00000000d6700000, 0x00000000d6800000|  0%| F|  |TAMS 0x00000000d6700000, 0x00000000d6700000| Untracked 
|  86|0x00000000d6800000, 0x00000000d6800000, 0x00000000d6900000|  0%| F|  |TAMS 0x00000000d6800000, 0x00000000d6800000| Untracked 
|  87|0x00000000d6900000, 0x00000000d6900000, 0x00000000d6a00000|  0%| F|  |TAMS 0x00000000d6900000, 0x00000000d6900000| Untracked 
|  88|0x00000000d6a00000, 0x00000000d6a00000, 0x00000000d6b00000|  0%| F|  |TAMS 0x00000000d6a00000, 0x00000000d6a00000| Untracked 
|  89|0x00000000d6b00000, 0x00000000d6b00000, 0x00000000d6c00000|  0%| F|  |TAMS 0x00000000d6b00000, 0x00000000d6b00000| Untracked 
|  90|0x00000000d6c00000, 0x00000000d6c00000, 0x00000000d6d00000|  0%| F|  |TAMS 0x00000000d6c00000, 0x00000000d6c00000| Untracked 
|  91|0x00000000d6d00000, 0x00000000d6d00000, 0x00000000d6e00000|  0%| F|  |TAMS 0x00000000d6d00000, 0x00000000d6d00000| Untracked 
|  92|0x00000000d6e00000, 0x00000000d6e00000, 0x00000000d6f00000|  0%| F|  |TAMS 0x00000000d6e00000, 0x00000000d6e00000| Untracked 
|  93|0x00000000d6f00000, 0x00000000d6f00000, 0x00000000d7000000|  0%| F|  |TAMS 0x00000000d6f00000, 0x00000000d6f00000| Untracked 
|  94|0x00000000d7000000, 0x00000000d7000000, 0x00000000d7100000|  0%| F|  |TAMS 0x00000000d7000000, 0x00000000d7000000| Untracked 
|  95|0x00000000d7100000, 0x00000000d7100000, 0x00000000d7200000|  0%| F|  |TAMS 0x00000000d7100000, 0x00000000d7100000| Untracked 
|  96|0x00000000d7200000, 0x00000000d7200000, 0x00000000d7300000|  0%| F|  |TAMS 0x00000000d7200000, 0x00000000d7200000| Untracked 
|  97|0x00000000d7300000, 0x00000000d7300000, 0x00000000d7400000|  0%| F|  |TAMS 0x00000000d7300000, 0x00000000d7300000| Untracked 
|  98|0x00000000d7400000, 0x00000000d7400000, 0x00000000d7500000|  0%| F|  |TAMS 0x00000000d7400000, 0x00000000d7400000| Untracked 
|  99|0x00000000d7500000, 0x00000000d7500000, 0x00000000d7600000|  0%| F|  |TAMS 0x00000000d7500000, 0x00000000d7500000| Untracked 
| 100|0x00000000d7600000, 0x00000000d7600000, 0x00000000d7700000|  0%| F|  |TAMS 0x00000000d7600000, 0x00000000d7600000| Untracked 
| 101|0x00000000d7700000, 0x00000000d7700000, 0x00000000d7800000|  0%| F|  |TAMS 0x00000000d7700000, 0x00000000d7700000| Untracked 
| 102|0x00000000d7800000, 0x00000000d7800000, 0x00000000d7900000|  0%| F|  |TAMS 0x00000000d7800000, 0x00000000d7800000| Untracked 
| 103|0x00000000d7900000, 0x00000000d7900000, 0x00000000d7a00000|  0%| F|  |TAMS 0x00000000d7900000, 0x00000000d7900000| Untracked 
| 104|0x00000000d7a00000, 0x00000000d7a00000, 0x00000000d7b00000|  0%| F|  |TAMS 0x00000000d7a00000, 0x00000000d7a00000| Untracked 
| 105|0x00000000d7b00000, 0x00000000d7b00000, 0x00000000d7c00000|  0%| F|  |TAMS 0x00000000d7b00000, 0x00000000d7b00000| Untracked 
| 106|0x00000000d7c00000, 0x00000000d7c00000, 0x00000000d7d00000|  0%| F|  |TAMS 0x00000000d7c00000, 0x00000000d7c00000| Untracked 
| 107|0x00000000d7d00000, 0x00000000d7d00000, 0x00000000d7e00000|  0%| F|  |TAMS 0x00000000d7d00000, 0x00000000d7d00000| Untracked 
| 108|0x00000000d7e00000, 0x00000000d7e00000, 0x00000000d7f00000|  0%| F|  |TAMS 0x00000000d7e00000, 0x00000000d7e00000| Untracked 
| 109|0x00000000d7f00000, 0x00000000d7f00000, 0x00000000d8000000|  0%| F|  |TAMS 0x00000000d7f00000, 0x00000000d7f00000| Untracked 
| 110|0x00000000d8000000, 0x00000000d8000000, 0x00000000d8100000|  0%| F|  |TAMS 0x00000000d8000000, 0x00000000d8000000| Untracked 
| 111|0x00000000d8100000, 0x00000000d8100000, 0x00000000d8200000|  0%| F|  |TAMS 0x00000000d8100000, 0x00000000d8100000| Untracked 
| 112|0x00000000d8200000, 0x00000000d8200000, 0x00000000d8300000|  0%| F|  |TAMS 0x00000000d8200000, 0x00000000d8200000| Untracked 
| 113|0x00000000d8300000, 0x00000000d8300000, 0x00000000d8400000|  0%| F|  |TAMS 0x00000000d8300000, 0x00000000d8300000| Untracked 
| 114|0x00000000d8400000, 0x00000000d8400000, 0x00000000d8500000|  0%| F|  |TAMS 0x00000000d8400000, 0x00000000d8400000| Untracked 
| 115|0x00000000d8500000, 0x00000000d8533ae0, 0x00000000d8600000| 20%| S|CS|TAMS 0x00000000d8500000, 0x00000000d8500000| Complete 
| 116|0x00000000d8600000, 0x00000000d8700000, 0x00000000d8700000|100%| S|CS|TAMS 0x00000000d8600000, 0x00000000d8600000| Complete 
| 117|0x00000000d8700000, 0x00000000d8700000, 0x00000000d8800000|  0%| F|  |TAMS 0x00000000d8700000, 0x00000000d8700000| Untracked 
| 118|0x00000000d8800000, 0x00000000d8800000, 0x00000000d8900000|  0%| F|  |TAMS 0x00000000d8800000, 0x00000000d8800000| Untracked 
| 119|0x00000000d8900000, 0x00000000d8900000, 0x00000000d8a00000|  0%| F|  |TAMS 0x00000000d8900000, 0x00000000d8900000| Untracked 
| 120|0x00000000d8a00000, 0x00000000d8a00000, 0x00000000d8b00000|  0%| F|  |TAMS 0x00000000d8a00000, 0x00000000d8a00000| Untracked 
| 121|0x00000000d8b00000, 0x00000000d8b00000, 0x00000000d8c00000|  0%| F|  |TAMS 0x00000000d8b00000, 0x00000000d8b00000| Untracked 
| 122|0x00000000d8c00000, 0x00000000d8c00000, 0x00000000d8d00000|  0%| F|  |TAMS 0x00000000d8c00000, 0x00000000d8c00000| Untracked 
| 123|0x00000000d8d00000, 0x00000000d8d00000, 0x00000000d8e00000|  0%| F|  |TAMS 0x00000000d8d00000, 0x00000000d8d00000| Untracked 
| 124|0x00000000d8e00000, 0x00000000d8e00000, 0x00000000d8f00000|  0%| F|  |TAMS 0x00000000d8e00000, 0x00000000d8e00000| Untracked 
| 125|0x00000000d8f00000, 0x00000000d8f00000, 0x00000000d9000000|  0%| F|  |TAMS 0x00000000d8f00000, 0x00000000d8f00000| Untracked 
| 126|0x00000000d9000000, 0x00000000d9000000, 0x00000000d9100000|  0%| F|  |TAMS 0x00000000d9000000, 0x00000000d9000000| Untracked 
| 127|0x00000000d9100000, 0x00000000d9200000, 0x00000000d9200000|100%| E|  |TAMS 0x00000000d9100000, 0x00000000d9100000| Complete 

Card table byte_map: [0x0000023d5f720000,0x0000023d5f8a0000] _byte_map_base: 0x0000023d5f097000

Marking Bits (Prev, Next): (CMBitMap*) 0x0000023d4bf093b0, (CMBitMap*) 0x0000023d4bf09378
 Prev Bits: [0x0000023d605e0000, 0x0000023d61198000)
 Next Bits: [0x0000023d5fa20000, 0x0000023d605d8000)

Polling page: 0x0000023d4a650000

Metaspace:

Usage:
  Non-class:     18.47 MB capacity,    18.09 MB ( 98%) used,   324.05 KB (  2%) free+waste,    61.50 KB ( <1%) overhead. 
      Class:      2.36 MB capacity,     2.14 MB ( 91%) used,   198.19 KB (  8%) free+waste,    29.63 KB (  1%) overhead. 
       Both:     20.83 MB capacity,    20.23 MB ( 97%) used,   522.23 KB (  2%) free+waste,    91.13 KB ( <1%) overhead. 

Virtual space:
  Non-class space:       20.00 MB reserved,      18.67 MB ( 93%) committed 
      Class space:        1.00 GB reserved,       2.38 MB ( <1%) committed 
             Both:        1.02 GB reserved,      21.05 MB (  2%) committed 

Chunk freelists:
   Non-Class:  32.00 KB
       Class:  13.00 KB
        Both:  45.00 KB

MaxMetaspaceSize: 17179869184.00 GB
CompressedClassSpaceSize: 1.00 GB
Initial GC threshold: 20.80 MB
Current GC threshold: 35.08 MB
CDS: off

CodeHeap 'non-profiled nmethods': size=120000Kb used=714Kb max_used=714Kb free=119286Kb
 bounds [0x0000023d57600000, 0x0000023d57870000, 0x0000023d5eb30000]
CodeHeap 'profiled nmethods': size=120000Kb used=3286Kb max_used=3286Kb free=116714Kb
 bounds [0x0000023d500d0000, 0x0000023d50410000, 0x0000023d57600000]
CodeHeap 'non-nmethods': size=5760Kb used=1237Kb max_used=1252Kb free=4522Kb
 bounds [0x0000023d4fb30000, 0x0000023d4fda0000, 0x0000023d500d0000]
 total_blobs=2269 nmethods=1749 adapters=433
 compilation: enabled
              stopped_count=0, restarted_count=0
 full_count=0

Compilation events (20 events):
Event: 2.268 Thread 0x0000023d63c10000 nmethod 1683 0x0000023d503cf490 code [0x0000023d503cf780, 0x0000023d503d0538]
Event: 2.268 Thread 0x0000023d63c10000 1689       3       java.lang.reflect.ProxyGenerator$ConstantPool$IndirectEntry::write (61 bytes)
Event: 2.268 Thread 0x0000023d63c10000 nmethod 1689 0x0000023d503d0a10 code [0x0000023d503d0c60, 0x0000023d503d15a8]
Event: 2.268 Thread 0x0000023d63c10000 1690       3       java.lang.reflect.ProxyGenerator$ConstantPool$ValueEntry::write (190 bytes)
Event: 2.269 Thread 0x0000023d63c10000 nmethod 1690 0x0000023d503d1890 code [0x0000023d503d1d00, 0x0000023d503d4128]
Event: 2.269 Thread 0x0000023d63c10000 1693       3       java.io.DataOutputStream::writeInt (65 bytes)
Event: 2.270 Thread 0x0000023d64a55000 1691       4       java.io.DataOutputStream::writeShort (35 bytes)
Event: 2.270 Thread 0x0000023d63c10000 nmethod 1693 0x0000023d503d4a90 code [0x0000023d503d4c80, 0x0000023d503d5198]
Event: 2.270 Thread 0x0000023d63c10000 1687       3       java.lang.reflect.ProxyGenerator$ConstantPool::getString (21 bytes)
Event: 2.270 Thread 0x0000023d63c10000 nmethod 1687 0x0000023d503d5390 code [0x0000023d503d55a0, 0x0000023d503d59e8]
Event: 2.270 Thread 0x0000023d63c10000 1688       3       java.lang.reflect.ProxyGenerator::code_ldc (64 bytes)
Event: 2.270 Thread 0x0000023d63c10000 nmethod 1688 0x0000023d503d5c10 code [0x0000023d503d5e60, 0x0000023d503d6828]
Event: 2.277 Thread 0x0000023d63c10000 1695       3       java.lang.Class::forName (15 bytes)
Event: 2.277 Thread 0x0000023d63c10000 nmethod 1695 0x0000023d503d6b90 code [0x0000023d503d6d60, 0x0000023d503d6f78]
Event: 2.277 Thread 0x0000023d63c10000 1697       3       java.lang.Class::getMethodsRecursive (99 bytes)
Event: 2.278 Thread 0x0000023d63c10000 nmethod 1697 0x0000023d503d7090 code [0x0000023d503d72c0, 0x0000023d503d7848]
Event: 2.278 Thread 0x0000023d63c10000 1696       3       java.lang.ClassLoader::getClassLoader (11 bytes)
Event: 2.278 Thread 0x0000023d63c10000 nmethod 1696 0x0000023d503d7b90 code [0x0000023d503d7d40, 0x0000023d503d7e98]
Event: 2.278 Thread 0x0000023d63c10000 1698       3       java.lang.Class::getMethod (59 bytes)
Event: 2.278 Thread 0x0000023d63c10000 nmethod 1698 0x0000023d503d7f90 code [0x0000023d503d8260, 0x0000023d503d8e88]

GC Heap History (2 events):
Event: 1.944 GC heap before
{Heap before GC invocations=0 (full 0):
 garbage-first heap   total 131072K, used 23552K [0x00000000d1200000, 0x0000000100000000)
  region size 1024K, 24 young (24576K), 0 survivors (0K)
 Metaspace       used 15614K, capacity 16139K, committed 16256K, reserved 1062912K
  class space    used 1643K, capacity 1849K, committed 1920K, reserved 1048576K
}
Event: 1.949 GC heap after
{Heap after GC invocations=1 (full 0):
 garbage-first heap   total 131072K, used 5915K [0x00000000d1200000, 0x0000000100000000)
  region size 1024K, 3 young (3072K), 3 survivors (3072K)
 Metaspace       used 15614K, capacity 16139K, committed 16256K, reserved 1062912K
  class space    used 1643K, capacity 1849K, committed 1920K, reserved 1048576K
}

Deoptimization events (20 events):
Event: 2.169 Thread 0x0000023d64ecd800 Uncommon trap: trap_request=0xffffffc6 fr.pc=0x0000023d57696eec relative=0x000000000000060c
Event: 2.169 Thread 0x0000023d64ecd800 Uncommon trap: reason=bimorphic_or_optimized_type_check action=maybe_recompile pc=0x0000023d57696eec method=java.util.regex.Pattern$SliceI.match(Ljava/util/regex/Matcher;ILjava/lang/CharSequence;)Z @ 92 c2
Event: 2.169 Thread 0x0000023d64ecd800 DEOPT PACKING pc=0x0000023d57696eec sp=0x000000db820fafc0
Event: 2.169 Thread 0x0000023d64ecd800 DEOPT UNPACKING pc=0x0000023d4fb7a1af sp=0x000000db820faf58 mode 2
Event: 2.244 Thread 0x0000023d64ecd800 Uncommon trap: trap_request=0xffffff4d fr.pc=0x0000023d5768dae0 relative=0x0000000000000200
Event: 2.244 Thread 0x0000023d64ecd800 Uncommon trap: reason=unstable_if action=reinterpret pc=0x0000023d5768dae0 method=java.util.regex.Matcher.reset()Ljava/util/regex/Matcher; @ 71 c2
Event: 2.244 Thread 0x0000023d64ecd800 DEOPT PACKING pc=0x0000023d5768dae0 sp=0x000000db820fb040
Event: 2.244 Thread 0x0000023d64ecd800 DEOPT UNPACKING pc=0x0000023d4fb7a1af sp=0x000000db820fafc8 mode 2
Event: 2.244 Thread 0x0000023d64ecd800 Uncommon trap: trap_request=0xffffffde fr.pc=0x0000023d57678ed4 relative=0x00000000000005f4
Event: 2.244 Thread 0x0000023d64ecd800 Uncommon trap: reason=class_check action=maybe_recompile pc=0x0000023d57678ed4 method=java.util.regex.Pattern$BmpCharPropertyGreedy.match(Ljava/util/regex/Matcher;ILjava/lang/CharSequence;)Z @ 26 c2
Event: 2.244 Thread 0x0000023d64ecd800 DEOPT PACKING pc=0x0000023d57678ed4 sp=0x000000db820fad20
Event: 2.244 Thread 0x0000023d64ecd800 DEOPT UNPACKING pc=0x0000023d4fb7a1af sp=0x000000db820fac50 mode 2
Event: 2.244 Thread 0x0000023d64ecd800 Uncommon trap: trap_request=0xffffffde fr.pc=0x0000023d57678ed4 relative=0x00000000000005f4
Event: 2.244 Thread 0x0000023d64ecd800 Uncommon trap: reason=class_check action=maybe_recompile pc=0x0000023d57678ed4 method=java.util.regex.Pattern$BmpCharPropertyGreedy.match(Ljava/util/regex/Matcher;ILjava/lang/CharSequence;)Z @ 26 c2
Event: 2.244 Thread 0x0000023d64ecd800 DEOPT PACKING pc=0x0000023d57678ed4 sp=0x000000db820faa80
Event: 2.244 Thread 0x0000023d64ecd800 DEOPT UNPACKING pc=0x0000023d4fb7a1af sp=0x000000db820fa9b0 mode 2
Event: 2.244 Thread 0x0000023d64ecd800 Uncommon trap: trap_request=0xffffff4d fr.pc=0x0000023d57678e54 relative=0x0000000000000574
Event: 2.244 Thread 0x0000023d64ecd800 Uncommon trap: reason=unstable_if action=reinterpret pc=0x0000023d57678e54 method=java.util.regex.Pattern$BmpCharProperty.match(Ljava/util/regex/Matcher;ILjava/lang/CharSequence;)Z @ 5 c2
Event: 2.244 Thread 0x0000023d64ecd800 DEOPT PACKING pc=0x0000023d57678e54 sp=0x000000db820fa7e0
Event: 2.244 Thread 0x0000023d64ecd800 DEOPT UNPACKING pc=0x0000023d4fb7a1af sp=0x000000db820fa798 mode 2

Classes redefined (0 events):
No events

Internal exceptions (20 events):
Event: 1.520 Thread 0x0000023d4bedd000 Exception <a 'java/lang/NoSuchMethodError'{0x00000000d8801ea0}: 'java.lang.Object java.lang.invoke.DirectMethodHandle$Holder.invokeSpecial(java.lang.Object, java.lang.Object, int, int, java.lang.Object, int, java.lang.Object, java.lang.Object)'> (0x00000000d8801ea0) thrown at [./src/hotspot/share/interpreter/linkResolver.cpp, line 773]
Event: 1.520 Thread 0x0000023d4bedd000 Exception <a 'java/lang/NoSuchMethodError'{0x00000000d88054e0}: 'java.lang.Object java.lang.invoke.DelegatingMethodHandle$Holder.reinvoke_L(java.lang.Object, int, int, java.lang.Object, int, java.lang.Object, java.lang.Object)'> (0x00000000d88054e0) thrown at [./src/hotspot/share/interpreter/linkResolver.cpp, line 773]
Event: 1.523 Thread 0x0000023d4bedd000 Exception <a 'java/lang/NoSuchMethodError'{0x00000000d882f778}: 'java.lang.Object java.lang.invoke.DirectMethodHandle$Holder.invokeStatic(java.lang.Object, java.lang.Object, java.lang.Object, java.lang.Object, java.lang.Object, java.lang.Object, java.lang.Object, java.lang.Object, int)'> (0x00000000d882f778) thrown at [./src/hotspot/share/interpreter/linkResolver.cpp, line 773]
Event: 1.525 Thread 0x0000023d4bedd000 Exception <a 'java/lang/NoSuchMethodError'{0x00000000d8849cb0}: 'java.lang.Object java.lang.invoke.DirectMethodHandle$Holder.invokeStatic(java.lang.Object, java.lang.Object, java.lang.Object, java.lang.Object, java.lang.Object, java.lang.Object, java.lang.Object, java.lang.Object, int, int)'> (0x00000000d8849cb0) thrown at [./src/hotspot/share/interpreter/linkResolver.cpp, line 773]
Event: 1.528 Thread 0x0000023d4bedd000 Exception <a 'java/lang/NoSuchMethodError'{0x00000000d8865208}: 'java.lang.Object java.lang.invoke.DirectMethodHandle$Holder.invokeStatic(java.lang.Object, java.lang.Object, java.lang.Object, java.lang.Object, java.lang.Object, java.lang.Object, java.lang.Object, java.lang.Object, int, int, java.lang.Object)'> (0x00000000d8865208) thrown at [./src/hotspot/share/interpreter/linkResolver.cpp, line 773]
Event: 1.531 Thread 0x0000023d4bedd000 Exception <a 'java/lang/NoSuchMethodError'{0x00000000d8882188}: 'java.lang.Object java.lang.invoke.DirectMethodHandle$Holder.invokeStatic(java.lang.Object, java.lang.Object, java.lang.Object, java.lang.Object, java.lang.Object, java.lang.Object, java.lang.Object, java.lang.Object, int, int, java.lang.Object, java.lang.Object)'> (0x00000000d8882188) thrown at [./src/hotspot/share/interpreter/linkResolver.cpp, line 773]
Event: 1.544 Thread 0x0000023d4bedd000 Exception <a 'java/lang/NoSuchMethodError'{0x00000000d87067c8}: 'java.lang.Object java.lang.invoke.DirectMethodHandle$Holder.invokeStatic(java.lang.Object, java.lang.Object, java.lang.Object, java.lang.Object, int)'> (0x00000000d87067c8) thrown at [./src/hotspot/share/interpreter/linkResolver.cpp, line 773]
Event: 1.557 Thread 0x0000023d4bedd000 Exception <a 'java/lang/NoSuchMethodError'{0x00000000d87ca5b8}: 'java.lang.Object java.lang.invoke.DelegatingMethodHandle$Holder.reinvoke_L(java.lang.Object, java.lang.Object, long)'> (0x00000000d87ca5b8) thrown at [./src/hotspot/share/interpreter/linkResolver.cpp, line 773]
Event: 1.557 Thread 0x0000023d4bedd000 Exception <a 'java/lang/NoSuchMethodError'{0x00000000d87cd7a8}: 'java.lang.Object java.lang.invoke.Invokers$Holder.linkToTargetMethod(java.lang.Object, long, java.lang.Object)'> (0x00000000d87cd7a8) thrown at [./src/hotspot/share/interpreter/linkResolver.cpp, line 773]
Event: 1.569 Thread 0x0000023d65920000 Exception <a 'java/lang/NoSuchMethodError'{0x00000000d8648f20}: 'java.lang.Object java.lang.invoke.DelegatingMethodHandle$Holder.reinvoke_L(java.lang.Object, int, java.lang.Object)'> (0x00000000d8648f20) thrown at [./src/hotspot/share/interpreter/linkResolver.cpp, line 773]
Event: 1.602 Thread 0x0000023d64ecd800 Exception <a 'java/lang/NoSuchMethodError'{0x00000000d8598c10}: <clinit>> (0x00000000d8598c10) thrown at [./src/hotspot/share/prims/jni.cpp, line 1366]
Event: 1.666 Thread 0x0000023d64ecd800 Exception <a 'java/lang/NoSuchMethodError'{0x00000000d83b0180}: 'int java.lang.invoke.DirectMethodHandle$Holder.invokeSpecialIFC(java.lang.Object, java.lang.Object, int)'> (0x00000000d83b0180) thrown at [./src/hotspot/share/interpreter/linkResolver.cpp, line 773]
Event: 1.706 Thread 0x0000023d64ecd800 Exception <a 'java/lang/NoSuchMethodError'{0x00000000d82ab8b8}: 'java.lang.Object java.lang.invoke.DirectMethodHandle$Holder.invokeVirtual(java.lang.Object, java.lang.Object, java.lang.Object)'> (0x00000000d82ab8b8) thrown at [./src/hotspot/share/interpreter/linkResolver.cpp, line 773]
Event: 1.845 Thread 0x0000023d64ecd800 Exception <a 'java/lang/NoSuchMethodError'{0x00000000d7d0b4e0}: 'void java.lang.invoke.DirectMethodHandle$Holder.invokeStaticInit(java.lang.Object, java.lang.Object)'> (0x00000000d7d0b4e0) thrown at [./src/hotspot/share/interpreter/linkResolver.cpp, line 773]
Event: 1.918 Thread 0x0000023d64ecd800 Exception <a 'sun/nio/fs/WindowsException'{0x00000000d7a77218}> (0x00000000d7a77218) thrown at [./src/hotspot/share/prims/jni.cpp, line 616]
Event: 1.933 Thread 0x0000023d64ecd800 Exception <a 'java/lang/NoSuchMethodError'{0x00000000d7a995d0}: 'int java.lang.invoke.DirectMethodHandle$Holder.invokeStaticInit(java.lang.Object, java.lang.Object, java.lang.Object, java.lang.Object)'> (0x00000000d7a995d0) thrown at [./src/hotspot/share/interpreter/linkResolver.cpp, line 773]
Event: 1.934 Thread 0x0000023d64ecd800 Exception <a 'java/lang/IncompatibleClassChangeError'{0x00000000d7aa2800}: Found class java.lang.Object, but interface was expected> (0x00000000d7aa2800) thrown at [./src/hotspot/share/interpreter/linkResolver.cpp, line 839]
Event: 1.935 Thread 0x0000023d64ecd800 Exception <a 'java/lang/NoSuchMethodError'{0x00000000d7aa7de0}: 'int java.lang.invoke.DirectMethodHandle$Holder.invokeStaticInit(java.lang.Object, java.lang.Object)'> (0x00000000d7aa7de0) thrown at [./src/hotspot/share/interpreter/linkResolver.cpp, line 773]
Event: 2.152 Thread 0x0000023d64ecd800 Implicit null exception at 0x0000023d5764d577 to 0x0000023d5764da84
Event: 2.152 Thread 0x0000023d64ecd800 Implicit null exception at 0x0000023d5763cdf4 to 0x0000023d5763d2d4

Events (20 events):
Event: 2.254 Executing VM operation: RevokeBias
Event: 2.254 Executing VM operation: RevokeBias done
Event: 2.254 Executing VM operation: RevokeBias
Event: 2.255 Executing VM operation: RevokeBias done
Event: 2.257 loading class com/mysql/cj/jdbc/CommentClientInfoProvider
Event: 2.257 loading class com/mysql/cj/jdbc/CommentClientInfoProvider done
Event: 2.257 loading class com/mysql/cj/jdbc/ClientInfoProvider
Event: 2.257 loading class com/mysql/cj/jdbc/ClientInfoProvider done
Event: 2.258 loading class jdk/internal/reflect/UnsafeQualifiedStaticObjectFieldAccessorImpl
Event: 2.258 loading class jdk/internal/reflect/UnsafeQualifiedStaticObjectFieldAccessorImpl done
Event: 2.259 loading class java/util/stream/IntStream
Event: 2.259 loading class java/util/stream/IntStream done
Event: 2.261 loading class com/intellij/database/remote/jdbc/impl/RemoteDatabaseMetaDataImpl
Event: 2.261 loading class com/intellij/database/remote/jdbc/impl/RemoteDatabaseMetaDataImpl done
Event: 2.263 loading class com/intellij/database/remote/jdbc/impl/RemoteDatabaseMetaDataImpl_Stub
Event: 2.263 loading class com/intellij/database/remote/jdbc/impl/RemoteDatabaseMetaDataImpl_Stub done
Event: 2.263 loading class com/intellij/database/remote/jdbc/RemoteResultSet
Event: 2.263 loading class com/intellij/database/remote/jdbc/RemoteResultSet done
Event: 2.267 Thread 0x0000023d658c1800 Thread added: 0x0000023d658c1800
Event: 2.269 Thread 0x0000023d64a55000 Thread added: 0x0000023d64a55000


Dynamic libraries:
0x00007ff604000000 - 0x00007ff60400a000 	C:\Program Files\JetBrains\IntelliJ IDEA 2020.1.2\jbr\bin\java.exe
0x00007ff8f84f0000 - 0x00007ff8f86e7000 	C:\WINDOWS\SYSTEM32\ntdll.dll
0x00007ff8f6eb0000 - 0x00007ff8f6f6d000 	C:\WINDOWS\System32\KERNEL32.DLL
0x00007ff8f60d0000 - 0x00007ff8f639d000 	C:\WINDOWS\System32\KERNELBASE.dll
0x00007ff8f5cb0000 - 0x00007ff8f5db0000 	C:\WINDOWS\System32\ucrtbase.dll
0x00007ff8ef090000 - 0x00007ff8ef0a9000 	C:\Program Files\JetBrains\IntelliJ IDEA 2020.1.2\jbr\bin\jli.dll
0x00007ff8db890000 - 0x00007ff8db8a7000 	C:\Program Files\JetBrains\IntelliJ IDEA 2020.1.2\jbr\bin\VCRUNTIME140.dll
0x00007ff8f6f70000 - 0x00007ff8f7110000 	C:\WINDOWS\System32\USER32.dll
0x00007ff8f6460000 - 0x00007ff8f6482000 	C:\WINDOWS\System32\win32u.dll
0x00007ff8f6e80000 - 0x00007ff8f6eaa000 	C:\WINDOWS\System32\GDI32.dll
0x00007ff8debf0000 - 0x00007ff8dee8a000 	C:\WINDOWS\WinSxS\amd64_microsoft.windows.common-controls_6595b64144ccf1df_6.0.19041.1110_none_60b5254171f9507e\COMCTL32.dll
0x00007ff8f5db0000 - 0x00007ff8f5ebb000 	C:\WINDOWS\System32\gdi32full.dll
0x00007ff8f5c10000 - 0x00007ff8f5cad000 	C:\WINDOWS\System32\msvcp_win.dll
0x00007ff8f7310000 - 0x00007ff8f73ae000 	C:\WINDOWS\System32\msvcrt.dll
0x00007ff8f6d80000 - 0x00007ff8f6db0000 	C:\WINDOWS\System32\IMM32.DLL
0x00007ff8acbd0000 - 0x00007ff8acc6d000 	C:\Program Files\JetBrains\IntelliJ IDEA 2020.1.2\jbr\bin\msvcp140.dll
0x00007ff8a4510000 - 0x00007ff8a5086000 	C:\Program Files\JetBrains\IntelliJ IDEA 2020.1.2\jbr\bin\server\jvm.dll
0x00007ff8f7600000 - 0x00007ff8f76ae000 	C:\WINDOWS\System32\ADVAPI32.dll
0x00007ff8f67b0000 - 0x00007ff8f684c000 	C:\WINDOWS\System32\sechost.dll
0x00007ff8f82a0000 - 0x00007ff8f83c5000 	C:\WINDOWS\System32\RPCRT4.dll
0x00007ff8f72a0000 - 0x00007ff8f72a8000 	C:\WINDOWS\System32\PSAPI.DLL
0x00007ff8df040000 - 0x00007ff8df067000 	C:\WINDOWS\SYSTEM32\WINMM.dll
0x00007ff8dcf10000 - 0x00007ff8dcf19000 	C:\WINDOWS\SYSTEM32\WSOCK32.dll
0x00007ff8ec0f0000 - 0x00007ff8ec0fa000 	C:\WINDOWS\SYSTEM32\VERSION.dll
0x00007ff8f7590000 - 0x00007ff8f75fb000 	C:\WINDOWS\System32\WS2_32.dll
0x00007ff8f44a0000 - 0x00007ff8f44b2000 	C:\WINDOWS\SYSTEM32\kernel.appcore.dll
0x00007ff8f04b0000 - 0x00007ff8f04c1000 	C:\Program Files\JetBrains\IntelliJ IDEA 2020.1.2\jbr\bin\verify.dll
0x00007ff8f38c0000 - 0x00007ff8f3aa4000 	C:\WINDOWS\SYSTEM32\DBGHELP.DLL
0x00007ff8d9080000 - 0x00007ff8d90ac000 	C:\WINDOWS\SYSTEM32\dbgcore.DLL
0x00007ff8f63a0000 - 0x00007ff8f6422000 	C:\WINDOWS\System32\bcryptPrimitives.dll
0x00007ff8f0480000 - 0x00007ff8f04a9000 	C:\Program Files\JetBrains\IntelliJ IDEA 2020.1.2\jbr\bin\java.dll
0x00007ff8f0f70000 - 0x00007ff8f0f7b000 	C:\Program Files\JetBrains\IntelliJ IDEA 2020.1.2\jbr\bin\jimage.dll
0x00007ff8f0460000 - 0x00007ff8f0478000 	C:\Program Files\JetBrains\IntelliJ IDEA 2020.1.2\jbr\bin\zip.dll
0x00007ff8f7790000 - 0x00007ff8f7ed4000 	C:\WINDOWS\System32\SHELL32.dll
0x00007ff8f3cf0000 - 0x00007ff8f4484000 	C:\WINDOWS\SYSTEM32\windows.storage.dll
0x00007ff8f7ee0000 - 0x00007ff8f8234000 	C:\WINDOWS\System32\combase.dll
0x00007ff8f5670000 - 0x00007ff8f569c000 	C:\WINDOWS\SYSTEM32\Wldp.dll
0x00007ff8f6700000 - 0x00007ff8f67ad000 	C:\WINDOWS\System32\SHCORE.dll
0x00007ff8f72b0000 - 0x00007ff8f7305000 	C:\WINDOWS\System32\shlwapi.dll
0x00007ff8f5b50000 - 0x00007ff8f5b6f000 	C:\WINDOWS\SYSTEM32\profapi.dll
0x00007ff8f0440000 - 0x00007ff8f045a000 	C:\Program Files\JetBrains\IntelliJ IDEA 2020.1.2\jbr\bin\net.dll
0x00007ff8e2fb0000 - 0x00007ff8e30ba000 	C:\WINDOWS\SYSTEM32\WINHTTP.dll
0x00007ff8f53d0000 - 0x00007ff8f543a000 	C:\WINDOWS\system32\mswsock.dll
0x00007ff8ef070000 - 0x00007ff8ef084000 	C:\Program Files\JetBrains\IntelliJ IDEA 2020.1.2\jbr\bin\nio.dll
0x00007ff8f55c0000 - 0x00007ff8f55d8000 	C:\WINDOWS\SYSTEM32\CRYPTSP.dll
0x00007ff8f4ce0000 - 0x00007ff8f4d14000 	C:\WINDOWS\system32\rsaenh.dll
0x00007ff8f6430000 - 0x00007ff8f6457000 	C:\WINDOWS\System32\bcrypt.dll
0x00007ff8f5b10000 - 0x00007ff8f5b3e000 	C:\WINDOWS\SYSTEM32\USERENV.dll
0x00007ff8f55e0000 - 0x00007ff8f55ec000 	C:\WINDOWS\SYSTEM32\CRYPTBASE.dll
0x00007ff8f5070000 - 0x00007ff8f50ab000 	C:\WINDOWS\SYSTEM32\IPHLPAPI.DLL
0x00007ff8f6ce0000 - 0x00007ff8f6ce8000 	C:\WINDOWS\System32\NSI.dll
0x00007ff8ecf10000 - 0x00007ff8ecf27000 	C:\WINDOWS\SYSTEM32\dhcpcsvc6.DLL
0x00007ff8ecef0000 - 0x00007ff8ecf0d000 	C:\WINDOWS\SYSTEM32\dhcpcsvc.DLL
0x00007ff8f50c0000 - 0x00007ff8f518b000 	C:\WINDOWS\SYSTEM32\DNSAPI.dll
0x00007ff8eea40000 - 0x00007ff8eea48000 	C:\Program Files\JetBrains\IntelliJ IDEA 2020.1.2\jbr\bin\rmi.dll
0x00007ff8e19e0000 - 0x00007ff8e1a60000 	C:\WINDOWS\System32\fwpuclnt.dll
0x00007ff8ee2a0000 - 0x00007ff8ee2aa000 	C:\Windows\System32\rasadhlp.dll
0x00007ff8ef040000 - 0x00007ff8ef068000 	C:\Program Files\JetBrains\IntelliJ IDEA 2020.1.2\jbr\bin\sunec.dll

dbghelp: loaded successfully - version: 4.0.5 - missing functions: none
symbol engine: initialized successfully - sym options: 0x614 - pdb path: .;C:\Program Files\JetBrains\IntelliJ IDEA 2020.1.2\jbr\bin;C:\WINDOWS\SYSTEM32;C:\WINDOWS\WinSxS\amd64_microsoft.windows.common-controls_6595b64144ccf1df_6.0.19041.1110_none_60b5254171f9507e;C:\Program Files\JetBrains\IntelliJ IDEA 2020.1.2\jbr\bin\server

VM Arguments:
jvm_args: -Dfile.encoding=UTF-8 -Dsun.jnu.encoding=UTF-8 -Djava.net.preferIPv4Stack=true -Djava.rmi.server.hostname=127.0.0.1 -Duser.timezone=UTC -Xmx750m -Xms128m -Dfile.encoding=UTF-8 
java_command: com.intellij.database.remote.RemoteJdbcServer com.mysql.cj.jdbc.Driver
java_class_path (initial): C:\Program Files\JetBrains\IntelliJ IDEA 2020.1.2\lib\util.jar;C:\Program Files\JetBrains\IntelliJ IDEA 2020.1.2\lib\org_codehaus_groovy_groovy.jar;C:\Program Files\JetBrains\IntelliJ IDEA 2020.1.2\plugins\DatabaseTools\lib\jdbc-console.jar;C:\Users\jaebin2\AppData\Roaming\JetBrains\IntelliJIdea2021.3\jdbc-drivers\MySQL ConnectorJ\8.0.25\mysql-connector-java-8.0.25.jar
Launcher Type: SUN_STANDARD

[Global flags]
     intx CICompilerCount                          = 4                                         {product} {ergonomic}
     uint ConcGCThreads                            = 2                                         {product} {ergonomic}
     uint G1ConcRefinementThreads                  = 8                                         {product} {ergonomic}
   size_t G1HeapRegionSize                         = 1048576                                   {product} {ergonomic}
    uintx GCDrainStackTargetSize                   = 64                                        {product} {ergonomic}
   size_t InitialHeapSize                          = 134217728                                 {product} {command line}
   size_t MarkStackSize                            = 4194304                                   {product} {ergonomic}
   size_t MaxHeapSize                              = 786432000                                 {product} {command line}
   size_t MaxNewSize                               = 471859200                                 {product} {ergonomic}
   size_t MinHeapDeltaBytes                        = 1048576                                   {product} {ergonomic}
    uintx NonNMethodCodeHeapSize                   = 5836300                                {pd product} {ergonomic}
    uintx NonProfiledCodeHeapSize                  = 122910970                              {pd product} {ergonomic}
    uintx ProfiledCodeHeapSize                     = 122910970                              {pd product} {ergonomic}
    uintx ReservedCodeCacheSize                    = 251658240                              {pd product} {ergonomic}
     bool SegmentedCodeCache                       = true                                      {product} {ergonomic}
     bool UseCompressedClassPointers               = true                                 {lp64_product} {ergonomic}
     bool UseCompressedOops                        = true                                 {lp64_product} {ergonomic}
     bool UseG1GC                                  = true                                      {product} {ergonomic}
     bool UseLargePagesIndividualAllocation        = false                                  {pd product} {ergonomic}

Logging:
Log output configuration:
 #0: stdout all=warning uptime,level,tags
 #1: stderr all=off uptime,level,tags

Environment Variables:
JAVA_HOME=C:\Program Files\Java\jdk1.8.0_321
JAVA_TOOL_OPTIONS=-Dfile.encoding=UTF-8 -Dsun.jnu.encoding=UTF-8
PATH=C:\Users\jaebin2\Desktop\Douzone_2th\oracle_client;C:\Users\jaebin2\Desktop\WINDOWS.X64_193000_db_home\bin;C:\Program Files\Java\jdk1.8.0_321\bin;C:\Program Files\Git\cmd;C:\Program Files (x86)\NetSarang\Xshell 6\;C:\Program Files (x86)\NetSarang\Xftp 6\;C:\Program Files\MySQL\MySQL Server 8.0\bin;C:\Program Files (x86)\Yarn\bin\;C:\Python38\Scripts\;C:\Python38\;C:\Program Files (x86)\NAT Service;C:\WINDOWS\system32;C:\WINDOWS;C:\WINDOWS\System32\Wbem;C:\WINDOWS\System32\WindowsPowerShell\v1.0\;C:\WINDOWS\System32\OpenSSH\;C:\Program Files (x86)\NVIDIA Corporation\PhysX\Common;C:\ProgramData\chocolatey\bin;C:\Program Files (x86)\Brackets\command;C:\WINDOWS\system32;C:\WINDOWS;C:\WINDOWS\System32\Wbem;C:\WINDOWS\System32\WindowsPowerShell\v1.0\;C:\WINDOWS\System32\OpenSSH\;C:\Program Files (x86)\PuTTY\;C:\Program Files\nodejs\;C:\Users\jaebin2\AppData\Local\Android\Sdk\tools;C:\Users\jaebin2\AppData\Local\Android\Sdk\platform-tools;C:\Program Files\NVIDIA Corporation\NVIDIA NvDLISR;C:\Users\jaebin2\Desktop\apache-tomcat-9.0.59-windows-x64\apache-tomcat-9.0.59\bin;C:\Program Files\MySQL\MySQL Shell 8.0\bin\;C:\Users\jaebin2\AppData\Local\Microsoft\WindowsApps;C:\Users\jaebin2\AppData\Local\Programs\Microsoft VS Code\bin;C:\Users\jaebin2\AppData\Local\Yarn\bin;C:\Users\jaebin2\AppData\Roaming\npm\node_modules\yarn\bin;C:\Users\jaebin2\AppData\Roaming\npm;C:\Program Files\Java\jdk1.8.0_321\bin;
USERNAME=jaebin2
OS=Windows_NT
PROCESSOR_IDENTIFIER=Intel64 Family 6 Model 158 Stepping 10, GenuineIntel



---------------  S Y S T E M  ---------------

OS: Windows 10 , 64 bit Build 19041 (10.0.19041.1741)
OS uptime: 1 days 2:34 hours

CPU:total 8 (initial active 8) (4 cores per cpu, 2 threads per core) family 6 model 158 stepping 10 microcode 0xde, cmov, cx8, fxsr, mmx, sse, sse2, sse3, ssse3, sse4.1, sse4.2, popcnt, avx, avx2, aes, clmul, erms, 3dnowpref, lzcnt, ht, tsc, tscinvbit, bmi1, bmi2, adx, fma

Memory: 4k page, system-wide physical 16258M (2202M free)
TotalPageFile size 16258M (AvailPageFile size 5M)
current process WorkingSet (physical memory assigned to process): 112M, peak: 112M
current process commit charge ("private bytes"): 240M, peak: 240M

vm_info: OpenJDK 64-Bit Server VM (11.0.13+7-b1751.25) for windows-amd64 JRE (11.0.13+7-b1751.25), built on Jan 13 2022 20:47:27 by "" with MS VC++ 14.0 (VS2015)

END.
