#
# There is insufficient memory for the Java Runtime Environment to continue.
# Native memory allocation (malloc) failed to allocate 443216 bytes for Chunk::new
# Possible reasons:
#   The system is out of physical RAM or swap space
#   The process is running with CompressedOops enabled, and the Java Heap may be blocking the growth of the native heap
# Possible solutions:
#   Reduce memory load on the system
#   Increase physical memory or swap space
#   Check if swap backing store is full
#   Decrease Java heap size (-Xmx/-Xms)
#   Decrease number of Java threads
#   Decrease Java thread stack sizes (-Xss)
#   Set larger code cache with -XX:ReservedCodeCacheSize=
#   JVM is running with Unscaled Compressed Oops mode in which the Java heap is
#     placed in the first 4GB address space. The Java Heap base address is the
#     maximum limit for the native heap growth. Please use -XX:HeapBaseMinAddress
#     to set the Java Heap base and to place the Java Heap above 4GB virtual address.
# This output file may be truncated or incomplete.
#
#  Out of Memory Error (./src/hotspot/share/memory/arena.cpp:197), pid=21240, tid=19816
#
# JRE version: OpenJDK Runtime Environment JBR-11.0.13.7-1751.25-jcef (11.0.13+7) (build 11.0.13+7-b1751.25)
# Java VM: OpenJDK 64-Bit Server VM JBR-11.0.13.7-1751.25-jcef (11.0.13+7-b1751.25, mixed mode, tiered, compressed oops, g1 gc, windows-amd64)
# No core dump will be written. Minidumps are not enabled by default on client versions of Windows
#

---------------  S U M M A R Y ------------

Command Line: -Dfile.encoding=UTF-8 -Dsun.jnu.encoding=UTF-8 -Djava.net.preferIPv4Stack=true -Djava.rmi.server.hostname=127.0.0.1 -Duser.timezone=UTC -Xmx750m -Xms128m -Dfile.encoding=UTF-8 com.intellij.database.remote.RemoteJdbcServer com.mysql.cj.jdbc.Driver

Host: Intel(R) Core(TM) i5-8300H CPU @ 2.30GHz, 8 cores, 15G,  Windows 10 , 64 bit Build 19041 (10.0.19041.1741)
Time: Mon Jul  4 20:40:16 2022 대한민국 표준시 elapsed time: 2.440367 seconds (0d 0h 0m 2s)

---------------  T H R E A D  ---------------

Current thread (0x00000203a03f3000):  JavaThread "C2 CompilerThread1" daemon [_thread_in_native, id=19816, stack(0x000000f39ed00000,0x000000f39ee00000)]


Current CompileTask:
C2:   2440 1753 %     4       sun.security.provider.SHA::implCompress0 @ 3 (482 bytes)

Stack: [0x000000f39ed00000,0x000000f39ee00000]
Native frames: (J=compiled Java code, j=interpreted, Vv=VM code, C=native code)
V  [jvm.dll+0x613daa]
V  [jvm.dll+0x799b30]
V  [jvm.dll+0x79b14d]
V  [jvm.dll+0x79b823]
V  [jvm.dll+0x24c958]
V  [jvm.dll+0xc14dc]
V  [jvm.dll+0xc1a0c]
V  [jvm.dll+0x2c1f94]
V  [jvm.dll+0x5265ab]
V  [jvm.dll+0x20ccc3]
V  [jvm.dll+0x206770]
V  [jvm.dll+0x203e92]
V  [jvm.dll+0x18b2a1]
V  [jvm.dll+0x212c3b]
V  [jvm.dll+0x211491]
V  [jvm.dll+0x760b9f]
V  [jvm.dll+0x759755]
V  [jvm.dll+0x612a16]
C  [ucrtbase.dll+0x21bb2]
C  [KERNEL32.DLL+0x17034]
C  [ntdll.dll+0x52651]


---------------  P R O C E S S  ---------------

Threads class SMR info:
_java_thread_list=0x00000203a14a9f70, length=19, elements={
0x000002038781c000, 0x000002039f538000, 0x000002039f559800, 0x000002039f585800,
0x000002039f586800, 0x000002039f587800, 0x000002039f595000, 0x000002039f5a0800,
0x000002039f5aa000, 0x000002039fffc800, 0x00000203a00ac000, 0x00000203a034c000,
0x00000203a0353800, 0x00000203a0356000, 0x00000203a0359000, 0x00000203a03f3000,
0x00000203a0755800, 0x00000203a0438000, 0x00000203a03e0000
}

Java Threads: ( => current thread )
  0x000002038781c000 JavaThread "main" [_thread_blocked, id=14604, stack(0x000000f39d700000,0x000000f39d800000)]
  0x000002039f538000 JavaThread "Reference Handler" daemon [_thread_blocked, id=13000, stack(0x000000f39de00000,0x000000f39df00000)]
  0x000002039f559800 JavaThread "Finalizer" daemon [_thread_blocked, id=13824, stack(0x000000f39df00000,0x000000f39e000000)]
  0x000002039f585800 JavaThread "Signal Dispatcher" daemon [_thread_blocked, id=21312, stack(0x000000f39e000000,0x000000f39e100000)]
  0x000002039f586800 JavaThread "Attach Listener" daemon [_thread_blocked, id=17688, stack(0x000000f39e100000,0x000000f39e200000)]
  0x000002039f587800 JavaThread "Service Thread" daemon [_thread_blocked, id=3668, stack(0x000000f39e200000,0x000000f39e300000)]
  0x000002039f595000 JavaThread "C2 CompilerThread0" daemon [_thread_in_native, id=2164, stack(0x000000f39e300000,0x000000f39e400000)]
  0x000002039f5a0800 JavaThread "C1 CompilerThread0" daemon [_thread_blocked, id=14080, stack(0x000000f39e400000,0x000000f39e500000)]
  0x000002039f5aa000 JavaThread "Sweeper thread" daemon [_thread_blocked, id=612, stack(0x000000f39e500000,0x000000f39e600000)]
  0x000002039fffc800 JavaThread "Common-Cleaner" daemon [_thread_blocked, id=1492, stack(0x000000f39e700000,0x000000f39e800000)]
  0x00000203a00ac000 JavaThread "mysql-cj-abandoned-connection-cleanup" daemon [_thread_blocked, id=17968, stack(0x000000f39e800000,0x000000f39e900000)]
  0x00000203a034c000 JavaThread "RMI TCP Accept-4176" daemon [_thread_in_native, id=5840, stack(0x000000f39e900000,0x000000f39ea00000)]
  0x00000203a0353800 JavaThread "RMI TCP Accept-0" daemon [_thread_in_native, id=19588, stack(0x000000f39ea00000,0x000000f39eb00000)]
  0x00000203a0356000 JavaThread "RMI Reaper" [_thread_blocked, id=5756, stack(0x000000f39eb00000,0x000000f39ec00000)]
  0x00000203a0359000 JavaThread "RMI GC Daemon" daemon [_thread_blocked, id=16748, stack(0x000000f39ec00000,0x000000f39ed00000)]
=>0x00000203a03f3000 JavaThread "C2 CompilerThread1" daemon [_thread_in_native, id=19816, stack(0x000000f39ed00000,0x000000f39ee00000)]
  0x00000203a0755800 JavaThread "RMI TCP Connection(1)-127.0.0.1" daemon [_thread_in_native, id=11648, stack(0x000000f39ef00000,0x000000f39f000000)]
  0x00000203a0438000 JavaThread "RMI Scheduler(0)" daemon [_thread_blocked, id=2544, stack(0x000000f39f000000,0x000000f39f100000)]
  0x00000203a03e0000 JavaThread "RMI TCP Connection(2)-127.0.0.1" daemon [_thread_in_native, id=20356, stack(0x000000f39f100000,0x000000f39f200000)]

Other Threads:
  0x000002039f536000 VMThread "VM Thread" [stack: 0x000000f39dd00000,0x000000f39de00000] [id=10864]
  0x000002039fff7800 WatcherThread [stack: 0x000000f39e600000,0x000000f39e700000] [id=7384]
  0x0000020387832800 GCTaskThread "GC Thread#0" [stack: 0x000000f39d800000,0x000000f39d900000] [id=12568]
  0x00000203a0691800 GCTaskThread "GC Thread#1" [stack: 0x000000f39f200000,0x000000f39f300000] [id=18468]
  0x00000203a107c000 GCTaskThread "GC Thread#2" [stack: 0x000000f39f300000,0x000000f39f400000] [id=15700]
  0x00000203a07c9800 GCTaskThread "GC Thread#3" [stack: 0x000000f39f400000,0x000000f39f500000] [id=6004]
  0x000002038784e000 ConcurrentGCThread "G1 Main Marker" [stack: 0x000000f39d900000,0x000000f39da00000] [id=17624]
  0x0000020387850800 ConcurrentGCThread "G1 Conc#0" [stack: 0x000000f39da00000,0x000000f39db00000] [id=6884]
  0x00000203a0979000 ConcurrentGCThread "G1 Conc#1" [stack: 0x000000f39ee00000,0x000000f39ef00000] [id=11216]
  0x00000203878ef000 ConcurrentGCThread "G1 Refine#0" [stack: 0x000000f39db00000,0x000000f39dc00000] [id=19264]
  0x00000203878f1800 ConcurrentGCThread "G1 Young RemSet Sampling" [stack: 0x000000f39dc00000,0x000000f39dd00000] [id=5412]

Threads with active compile tasks:
C2 CompilerThread1   2473 1753 %     4       sun.security.provider.SHA::implCompress0 @ 3 (482 bytes)

VM state:not at safepoint (normal execution)

VM Mutex/Monitor currently owned by a thread: None

Heap address: 0x00000000d1200000, size: 750 MB, Compressed Oops mode: 32-bit
Narrow klass base: 0x0000000000000000, Narrow klass shift: 3
Compressed class space size: 1073741824 Address: 0x0000000100000000

Heap:
 garbage-first heap   total 131072K, used 6822K [0x00000000d1200000, 0x0000000100000000)
  region size 1024K, 3 young (3072K), 2 survivors (2048K)
 Metaspace       used 20703K, capacity 21316K, committed 21552K, reserved 1069056K
  class space    used 2188K, capacity 2417K, committed 2432K, reserved 1048576K
Heap Regions: E=young(eden), S=young(survivor), O=old, HS=humongous(starts), HC=humongous(continues), CS=collection set, F=free, A=archive, TAMS=top-at-mark-start (previous, next)
|   0|0x00000000d1200000, 0x00000000d1300000, 0x00000000d1300000|100%| O|  |TAMS 0x00000000d1300000, 0x00000000d1200000| Untracked 
|   1|0x00000000d1300000, 0x00000000d1400000, 0x00000000d1400000|100%| O|  |TAMS 0x00000000d1400000, 0x00000000d1300000| Untracked 
|   2|0x00000000d1400000, 0x00000000d1500000, 0x00000000d1500000|100%| O|  |TAMS 0x00000000d1500000, 0x00000000d1400000| Untracked 
|   3|0x00000000d1500000, 0x00000000d1600000, 0x00000000d1600000|100%| O|  |TAMS 0x00000000d1600000, 0x00000000d1500000| Untracked 
|   4|0x00000000d1600000, 0x00000000d1700000, 0x00000000d1700000|100%| O|  |TAMS 0x00000000d1700000, 0x00000000d1600000| Untracked 
|   5|0x00000000d1700000, 0x00000000d177fe00, 0x00000000d1800000| 49%| O|  |TAMS 0x00000000d177fe00, 0x00000000d1700000| Untracked 
|   6|0x00000000d1800000, 0x00000000d1800000, 0x00000000d1900000|  0%| F|  |TAMS 0x00000000d1800000, 0x00000000d1800000| Untracked 
|   7|0x00000000d1900000, 0x00000000d1900000, 0x00000000d1a00000|  0%| F|  |TAMS 0x00000000d1900000, 0x00000000d1900000| Untracked 
|   8|0x00000000d1a00000, 0x00000000d1a00000, 0x00000000d1b00000|  0%| F|  |TAMS 0x00000000d1a00000, 0x00000000d1a00000| Untracked 
|   9|0x00000000d1b00000, 0x00000000d1b00000, 0x00000000d1c00000|  0%| F|  |TAMS 0x00000000d1b00000, 0x00000000d1b00000| Untracked 
|  10|0x00000000d1c00000, 0x00000000d1c00000, 0x00000000d1d00000|  0%| F|  |TAMS 0x00000000d1c00000, 0x00000000d1c00000| Untracked 
|  11|0x00000000d1d00000, 0x00000000d1d00000, 0x00000000d1e00000|  0%| F|  |TAMS 0x00000000d1d00000, 0x00000000d1d00000| Untracked 
|  12|0x00000000d1e00000, 0x00000000d1e00000, 0x00000000d1f00000|  0%| F|  |TAMS 0x00000000d1e00000, 0x00000000d1e00000| Untracked 
|  13|0x00000000d1f00000, 0x00000000d1f00000, 0x00000000d2000000|  0%| F|  |TAMS 0x00000000d1f00000, 0x00000000d1f00000| Untracked 
|  14|0x00000000d2000000, 0x00000000d2000000, 0x00000000d2100000|  0%| F|  |TAMS 0x00000000d2000000, 0x00000000d2000000| Untracked 
|  15|0x00000000d2100000, 0x00000000d2100000, 0x00000000d2200000|  0%| F|  |TAMS 0x00000000d2100000, 0x00000000d2100000| Untracked 
|  16|0x00000000d2200000, 0x00000000d2200000, 0x00000000d2300000|  0%| F|  |TAMS 0x00000000d2200000, 0x00000000d2200000| Untracked 
|  17|0x00000000d2300000, 0x00000000d2300000, 0x00000000d2400000|  0%| F|  |TAMS 0x00000000d2300000, 0x00000000d2300000| Untracked 
|  18|0x00000000d2400000, 0x00000000d2400000, 0x00000000d2500000|  0%| F|  |TAMS 0x00000000d2400000, 0x00000000d2400000| Untracked 
|  19|0x00000000d2500000, 0x00000000d2500000, 0x00000000d2600000|  0%| F|  |TAMS 0x00000000d2500000, 0x00000000d2500000| Untracked 
|  20|0x00000000d2600000, 0x00000000d2600000, 0x00000000d2700000|  0%| F|  |TAMS 0x00000000d2600000, 0x00000000d2600000| Untracked 
|  21|0x00000000d2700000, 0x00000000d2700000, 0x00000000d2800000|  0%| F|  |TAMS 0x00000000d2700000, 0x00000000d2700000| Untracked 
|  22|0x00000000d2800000, 0x00000000d2800000, 0x00000000d2900000|  0%| F|  |TAMS 0x00000000d2800000, 0x00000000d2800000| Untracked 
|  23|0x00000000d2900000, 0x00000000d2900000, 0x00000000d2a00000|  0%| F|  |TAMS 0x00000000d2900000, 0x00000000d2900000| Untracked 
|  24|0x00000000d2a00000, 0x00000000d2a00000, 0x00000000d2b00000|  0%| F|  |TAMS 0x00000000d2a00000, 0x00000000d2a00000| Untracked 
|  25|0x00000000d2b00000, 0x00000000d2b00000, 0x00000000d2c00000|  0%| F|  |TAMS 0x00000000d2b00000, 0x00000000d2b00000| Untracked 
|  26|0x00000000d2c00000, 0x00000000d2c00000, 0x00000000d2d00000|  0%| F|  |TAMS 0x00000000d2c00000, 0x00000000d2c00000| Untracked 
|  27|0x00000000d2d00000, 0x00000000d2d00000, 0x00000000d2e00000|  0%| F|  |TAMS 0x00000000d2d00000, 0x00000000d2d00000| Untracked 
|  28|0x00000000d2e00000, 0x00000000d2e00000, 0x00000000d2f00000|  0%| F|  |TAMS 0x00000000d2e00000, 0x00000000d2e00000| Untracked 
|  29|0x00000000d2f00000, 0x00000000d2f00000, 0x00000000d3000000|  0%| F|  |TAMS 0x00000000d2f00000, 0x00000000d2f00000| Untracked 
|  30|0x00000000d3000000, 0x00000000d3000000, 0x00000000d3100000|  0%| F|  |TAMS 0x00000000d3000000, 0x00000000d3000000| Untracked 
|  31|0x00000000d3100000, 0x00000000d3100000, 0x00000000d3200000|  0%| F|  |TAMS 0x00000000d3100000, 0x00000000d3100000| Untracked 
|  32|0x00000000d3200000, 0x00000000d3200000, 0x00000000d3300000|  0%| F|  |TAMS 0x00000000d3200000, 0x00000000d3200000| Untracked 
|  33|0x00000000d3300000, 0x00000000d3300000, 0x00000000d3400000|  0%| F|  |TAMS 0x00000000d3300000, 0x00000000d3300000| Untracked 
|  34|0x00000000d3400000, 0x00000000d3400000, 0x00000000d3500000|  0%| F|  |TAMS 0x00000000d3400000, 0x00000000d3400000| Untracked 
|  35|0x00000000d3500000, 0x00000000d3500000, 0x00000000d3600000|  0%| F|  |TAMS 0x00000000d3500000, 0x00000000d3500000| Untracked 
|  36|0x00000000d3600000, 0x00000000d3600000, 0x00000000d3700000|  0%| F|  |TAMS 0x00000000d3600000, 0x00000000d3600000| Untracked 
|  37|0x00000000d3700000, 0x00000000d3700000, 0x00000000d3800000|  0%| F|  |TAMS 0x00000000d3700000, 0x00000000d3700000| Untracked 
|  38|0x00000000d3800000, 0x00000000d3800000, 0x00000000d3900000|  0%| F|  |TAMS 0x00000000d3800000, 0x00000000d3800000| Untracked 
|  39|0x00000000d3900000, 0x00000000d3900000, 0x00000000d3a00000|  0%| F|  |TAMS 0x00000000d3900000, 0x00000000d3900000| Untracked 
|  40|0x00000000d3a00000, 0x00000000d3a00000, 0x00000000d3b00000|  0%| F|  |TAMS 0x00000000d3a00000, 0x00000000d3a00000| Untracked 
|  41|0x00000000d3b00000, 0x00000000d3b00000, 0x00000000d3c00000|  0%| F|  |TAMS 0x00000000d3b00000, 0x00000000d3b00000| Untracked 
|  42|0x00000000d3c00000, 0x00000000d3c00000, 0x00000000d3d00000|  0%| F|  |TAMS 0x00000000d3c00000, 0x00000000d3c00000| Untracked 
|  43|0x00000000d3d00000, 0x00000000d3d00000, 0x00000000d3e00000|  0%| F|  |TAMS 0x00000000d3d00000, 0x00000000d3d00000| Untracked 
|  44|0x00000000d3e00000, 0x00000000d3e00000, 0x00000000d3f00000|  0%| F|  |TAMS 0x00000000d3e00000, 0x00000000d3e00000| Untracked 
|  45|0x00000000d3f00000, 0x00000000d3f00000, 0x00000000d4000000|  0%| F|  |TAMS 0x00000000d3f00000, 0x00000000d3f00000| Untracked 
|  46|0x00000000d4000000, 0x00000000d4000000, 0x00000000d4100000|  0%| F|  |TAMS 0x00000000d4000000, 0x00000000d4000000| Untracked 
|  47|0x00000000d4100000, 0x00000000d4100000, 0x00000000d4200000|  0%| F|  |TAMS 0x00000000d4100000, 0x00000000d4100000| Untracked 
|  48|0x00000000d4200000, 0x00000000d4200000, 0x00000000d4300000|  0%| F|  |TAMS 0x00000000d4200000, 0x00000000d4200000| Untracked 
|  49|0x00000000d4300000, 0x00000000d4300000, 0x00000000d4400000|  0%| F|  |TAMS 0x00000000d4300000, 0x00000000d4300000| Untracked 
|  50|0x00000000d4400000, 0x00000000d4400000, 0x00000000d4500000|  0%| F|  |TAMS 0x00000000d4400000, 0x00000000d4400000| Untracked 
|  51|0x00000000d4500000, 0x00000000d4500000, 0x00000000d4600000|  0%| F|  |TAMS 0x00000000d4500000, 0x00000000d4500000| Untracked 
|  52|0x00000000d4600000, 0x00000000d4600000, 0x00000000d4700000|  0%| F|  |TAMS 0x00000000d4600000, 0x00000000d4600000| Untracked 
|  53|0x00000000d4700000, 0x00000000d4700000, 0x00000000d4800000|  0%| F|  |TAMS 0x00000000d4700000, 0x00000000d4700000| Untracked 
|  54|0x00000000d4800000, 0x00000000d4800000, 0x00000000d4900000|  0%| F|  |TAMS 0x00000000d4800000, 0x00000000d4800000| Untracked 
|  55|0x00000000d4900000, 0x00000000d4900000, 0x00000000d4a00000|  0%| F|  |TAMS 0x00000000d4900000, 0x00000000d4900000| Untracked 
|  56|0x00000000d4a00000, 0x00000000d4a00000, 0x00000000d4b00000|  0%| F|  |TAMS 0x00000000d4a00000, 0x00000000d4a00000| Untracked 
|  57|0x00000000d4b00000, 0x00000000d4b00000, 0x00000000d4c00000|  0%| F|  |TAMS 0x00000000d4b00000, 0x00000000d4b00000| Untracked 
|  58|0x00000000d4c00000, 0x00000000d4c00000, 0x00000000d4d00000|  0%| F|  |TAMS 0x00000000d4c00000, 0x00000000d4c00000| Untracked 
|  59|0x00000000d4d00000, 0x00000000d4d00000, 0x00000000d4e00000|  0%| F|  |TAMS 0x00000000d4d00000, 0x00000000d4d00000| Untracked 
|  60|0x00000000d4e00000, 0x00000000d4e00000, 0x00000000d4f00000|  0%| F|  |TAMS 0x00000000d4e00000, 0x00000000d4e00000| Untracked 
|  61|0x00000000d4f00000, 0x00000000d4f00000, 0x00000000d5000000|  0%| F|  |TAMS 0x00000000d4f00000, 0x00000000d4f00000| Untracked 
|  62|0x00000000d5000000, 0x00000000d5000000, 0x00000000d5100000|  0%| F|  |TAMS 0x00000000d5000000, 0x00000000d5000000| Untracked 
|  63|0x00000000d5100000, 0x00000000d5100000, 0x00000000d5200000|  0%| F|  |TAMS 0x00000000d5100000, 0x00000000d5100000| Untracked 
|  64|0x00000000d5200000, 0x00000000d5200000, 0x00000000d5300000|  0%| F|  |TAMS 0x00000000d5200000, 0x00000000d5200000| Untracked 
|  65|0x00000000d5300000, 0x00000000d5300000, 0x00000000d5400000|  0%| F|  |TAMS 0x00000000d5300000, 0x00000000d5300000| Untracked 
|  66|0x00000000d5400000, 0x00000000d5400000, 0x00000000d5500000|  0%| F|  |TAMS 0x00000000d5400000, 0x00000000d5400000| Untracked 
|  67|0x00000000d5500000, 0x00000000d5500000, 0x00000000d5600000|  0%| F|  |TAMS 0x00000000d5500000, 0x00000000d5500000| Untracked 
|  68|0x00000000d5600000, 0x00000000d5600000, 0x00000000d5700000|  0%| F|  |TAMS 0x00000000d5600000, 0x00000000d5600000| Untracked 
|  69|0x00000000d5700000, 0x00000000d5700000, 0x00000000d5800000|  0%| F|  |TAMS 0x00000000d5700000, 0x00000000d5700000| Untracked 
|  70|0x00000000d5800000, 0x00000000d5800000, 0x00000000d5900000|  0%| F|  |TAMS 0x00000000d5800000, 0x00000000d5800000| Untracked 
|  71|0x00000000d5900000, 0x00000000d5900000, 0x00000000d5a00000|  0%| F|  |TAMS 0x00000000d5900000, 0x00000000d5900000| Untracked 
|  72|0x00000000d5a00000, 0x00000000d5a00000, 0x00000000d5b00000|  0%| F|  |TAMS 0x00000000d5a00000, 0x00000000d5a00000| Untracked 
|  73|0x00000000d5b00000, 0x00000000d5b00000, 0x00000000d5c00000|  0%| F|  |TAMS 0x00000000d5b00000, 0x00000000d5b00000| Untracked 
|  74|0x00000000d5c00000, 0x00000000d5c00000, 0x00000000d5d00000|  0%| F|  |TAMS 0x00000000d5c00000, 0x00000000d5c00000| Untracked 
|  75|0x00000000d5d00000, 0x00000000d5d00000, 0x00000000d5e00000|  0%| F|  |TAMS 0x00000000d5d00000, 0x00000000d5d00000| Untracked 
|  76|0x00000000d5e00000, 0x00000000d5e00000, 0x00000000d5f00000|  0%| F|  |TAMS 0x00000000d5e00000, 0x00000000d5e00000| Untracked 
|  77|0x00000000d5f00000, 0x00000000d5f00000, 0x00000000d6000000|  0%| F|  |TAMS 0x00000000d5f00000, 0x00000000d5f00000| Untracked 
|  78|0x00000000d6000000, 0x00000000d6000000, 0x00000000d6100000|  0%| F|  |TAMS 0x00000000d6000000, 0x00000000d6000000| Untracked 
|  79|0x00000000d6100000, 0x00000000d6100000, 0x00000000d6200000|  0%| F|  |TAMS 0x00000000d6100000, 0x00000000d6100000| Untracked 
|  80|0x00000000d6200000, 0x00000000d6200000, 0x00000000d6300000|  0%| F|  |TAMS 0x00000000d6200000, 0x00000000d6200000| Untracked 
|  81|0x00000000d6300000, 0x00000000d6300000, 0x00000000d6400000|  0%| F|  |TAMS 0x00000000d6300000, 0x00000000d6300000| Untracked 
|  82|0x00000000d6400000, 0x00000000d6400000, 0x00000000d6500000|  0%| F|  |TAMS 0x00000000d6400000, 0x00000000d6400000| Untracked 
|  83|0x00000000d6500000, 0x00000000d6500000, 0x00000000d6600000|  0%| F|  |TAMS 0x00000000d6500000, 0x00000000d6500000| Untracked 
|  84|0x00000000d6600000, 0x00000000d6600000, 0x00000000d6700000|  0%| F|  |TAMS 0x00000000d6600000, 0x00000000d6600000| Untracked 
|  85|0x00000000d6700000, 0x00000000d6700000, 0x00000000d6800000|  0%| F|  |TAMS 0x00000000d6700000, 0x00000000d6700000| Untracked 
|  86|0x00000000d6800000, 0x00000000d6800000, 0x00000000d6900000|  0%| F|  |TAMS 0x00000000d6800000, 0x00000000d6800000| Untracked 
|  87|0x00000000d6900000, 0x00000000d6900000, 0x00000000d6a00000|  0%| F|  |TAMS 0x00000000d6900000, 0x00000000d6900000| Untracked 
|  88|0x00000000d6a00000, 0x00000000d6a00000, 0x00000000d6b00000|  0%| F|  |TAMS 0x00000000d6a00000, 0x00000000d6a00000| Untracked 
|  89|0x00000000d6b00000, 0x00000000d6b00000, 0x00000000d6c00000|  0%| F|  |TAMS 0x00000000d6b00000, 0x00000000d6b00000| Untracked 
|  90|0x00000000d6c00000, 0x00000000d6c00000, 0x00000000d6d00000|  0%| F|  |TAMS 0x00000000d6c00000, 0x00000000d6c00000| Untracked 
|  91|0x00000000d6d00000, 0x00000000d6d00000, 0x00000000d6e00000|  0%| F|  |TAMS 0x00000000d6d00000, 0x00000000d6d00000| Untracked 
|  92|0x00000000d6e00000, 0x00000000d6e00000, 0x00000000d6f00000|  0%| F|  |TAMS 0x00000000d6e00000, 0x00000000d6e00000| Untracked 
|  93|0x00000000d6f00000, 0x00000000d6f00000, 0x00000000d7000000|  0%| F|  |TAMS 0x00000000d6f00000, 0x00000000d6f00000| Untracked 
|  94|0x00000000d7000000, 0x00000000d7000000, 0x00000000d7100000|  0%| F|  |TAMS 0x00000000d7000000, 0x00000000d7000000| Untracked 
|  95|0x00000000d7100000, 0x00000000d7100000, 0x00000000d7200000|  0%| F|  |TAMS 0x00000000d7100000, 0x00000000d7100000| Untracked 
|  96|0x00000000d7200000, 0x00000000d7200000, 0x00000000d7300000|  0%| F|  |TAMS 0x00000000d7200000, 0x00000000d7200000| Untracked 
|  97|0x00000000d7300000, 0x00000000d7300000, 0x00000000d7400000|  0%| F|  |TAMS 0x00000000d7300000, 0x00000000d7300000| Untracked 
|  98|0x00000000d7400000, 0x00000000d7400000, 0x00000000d7500000|  0%| F|  |TAMS 0x00000000d7400000, 0x00000000d7400000| Untracked 
|  99|0x00000000d7500000, 0x00000000d7500000, 0x00000000d7600000|  0%| F|  |TAMS 0x00000000d7500000, 0x00000000d7500000| Untracked 
| 100|0x00000000d7600000, 0x00000000d7600000, 0x00000000d7700000|  0%| F|  |TAMS 0x00000000d7600000, 0x00000000d7600000| Untracked 
| 101|0x00000000d7700000, 0x00000000d7700000, 0x00000000d7800000|  0%| F|  |TAMS 0x00000000d7700000, 0x00000000d7700000| Untracked 
| 102|0x00000000d7800000, 0x00000000d7800000, 0x00000000d7900000|  0%| F|  |TAMS 0x00000000d7800000, 0x00000000d7800000| Untracked 
| 103|0x00000000d7900000, 0x00000000d7900000, 0x00000000d7a00000|  0%| F|  |TAMS 0x00000000d7900000, 0x00000000d7900000| Untracked 
| 104|0x00000000d7a00000, 0x00000000d7a00000, 0x00000000d7b00000|  0%| F|  |TAMS 0x00000000d7a00000, 0x00000000d7a00000| Untracked 
| 105|0x00000000d7b00000, 0x00000000d7b00000, 0x00000000d7c00000|  0%| F|  |TAMS 0x00000000d7b00000, 0x00000000d7b00000| Untracked 
| 106|0x00000000d7c00000, 0x00000000d7c00000, 0x00000000d7d00000|  0%| F|  |TAMS 0x00000000d7c00000, 0x00000000d7c00000| Untracked 
| 107|0x00000000d7d00000, 0x00000000d7d00000, 0x00000000d7e00000|  0%| F|  |TAMS 0x00000000d7d00000, 0x00000000d7d00000| Untracked 
| 108|0x00000000d7e00000, 0x00000000d7e00000, 0x00000000d7f00000|  0%| F|  |TAMS 0x00000000d7e00000, 0x00000000d7e00000| Untracked 
| 109|0x00000000d7f00000, 0x00000000d7f00000, 0x00000000d8000000|  0%| F|  |TAMS 0x00000000d7f00000, 0x00000000d7f00000| Untracked 
| 110|0x00000000d8000000, 0x00000000d8000000, 0x00000000d8100000|  0%| F|  |TAMS 0x00000000d8000000, 0x00000000d8000000| Untracked 
| 111|0x00000000d8100000, 0x00000000d8100000, 0x00000000d8200000|  0%| F|  |TAMS 0x00000000d8100000, 0x00000000d8100000| Untracked 
| 112|0x00000000d8200000, 0x00000000d8200000, 0x00000000d8300000|  0%| F|  |TAMS 0x00000000d8200000, 0x00000000d8200000| Untracked 
| 113|0x00000000d8300000, 0x00000000d8300000, 0x00000000d8400000|  0%| F|  |TAMS 0x00000000d8300000, 0x00000000d8300000| Untracked 
| 114|0x00000000d8400000, 0x00000000d8400000, 0x00000000d8500000|  0%| F|  |TAMS 0x00000000d8400000, 0x00000000d8400000| Untracked 
| 115|0x00000000d8500000, 0x00000000d8500000, 0x00000000d8600000|  0%| F|  |TAMS 0x00000000d8500000, 0x00000000d8500000| Untracked 
| 116|0x00000000d8600000, 0x00000000d8629d20, 0x00000000d8700000| 16%| S|CS|TAMS 0x00000000d8600000, 0x00000000d8600000| Complete 
| 117|0x00000000d8700000, 0x00000000d8800000, 0x00000000d8800000|100%| S|CS|TAMS 0x00000000d8700000, 0x00000000d8700000| Complete 
| 118|0x00000000d8800000, 0x00000000d8800000, 0x00000000d8900000|  0%| F|  |TAMS 0x00000000d8800000, 0x00000000d8800000| Untracked 
| 119|0x00000000d8900000, 0x00000000d8900000, 0x00000000d8a00000|  0%| F|  |TAMS 0x00000000d8900000, 0x00000000d8900000| Untracked 
| 120|0x00000000d8a00000, 0x00000000d8a00000, 0x00000000d8b00000|  0%| F|  |TAMS 0x00000000d8a00000, 0x00000000d8a00000| Untracked 
| 121|0x00000000d8b00000, 0x00000000d8b00000, 0x00000000d8c00000|  0%| F|  |TAMS 0x00000000d8b00000, 0x00000000d8b00000| Untracked 
| 122|0x00000000d8c00000, 0x00000000d8c00000, 0x00000000d8d00000|  0%| F|  |TAMS 0x00000000d8c00000, 0x00000000d8c00000| Untracked 
| 123|0x00000000d8d00000, 0x00000000d8d00000, 0x00000000d8e00000|  0%| F|  |TAMS 0x00000000d8d00000, 0x00000000d8d00000| Untracked 
| 124|0x00000000d8e00000, 0x00000000d8e00000, 0x00000000d8f00000|  0%| F|  |TAMS 0x00000000d8e00000, 0x00000000d8e00000| Untracked 
| 125|0x00000000d8f00000, 0x00000000d8f00000, 0x00000000d9000000|  0%| F|  |TAMS 0x00000000d8f00000, 0x00000000d8f00000| Untracked 
| 126|0x00000000d9000000, 0x00000000d9000000, 0x00000000d9100000|  0%| F|  |TAMS 0x00000000d9000000, 0x00000000d9000000| Untracked 
| 127|0x00000000d9100000, 0x00000000d91bd9b8, 0x00000000d9200000| 74%| E|  |TAMS 0x00000000d9100000, 0x00000000d9100000| Complete 

Card table byte_map: [0x000002039b070000,0x000002039b1f0000] _byte_map_base: 0x000002039a9e7000

Marking Bits (Prev, Next): (CMBitMap*) 0x0000020387849400, (CMBitMap*) 0x00000203878493c8
 Prev Bits: [0x000002039bf30000, 0x000002039cae8000)
 Next Bits: [0x000002039b370000, 0x000002039bf28000)

Polling page: 0x0000020385f10000

Metaspace:

Usage:
  Non-class:     18.46 MB capacity,    18.08 MB ( 98%) used,   324.24 KB (  2%) free+waste,    61.38 KB ( <1%) overhead. 
      Class:      2.36 MB capacity,     2.14 MB ( 91%) used,   198.73 KB (  8%) free+waste,    29.56 KB (  1%) overhead. 
       Both:     20.82 MB capacity,    20.22 MB ( 97%) used,   522.98 KB (  2%) free+waste,    90.94 KB ( <1%) overhead. 

Virtual space:
  Non-class space:       20.00 MB reserved,      18.67 MB ( 93%) committed 
      Class space:        1.00 GB reserved,       2.38 MB ( <1%) committed 
             Both:        1.02 GB reserved,      21.05 MB (  2%) committed 

Chunk freelists:
   Non-Class:  40.00 KB
       Class:  14.00 KB
        Both:  54.00 KB

MaxMetaspaceSize: 17179869184.00 GB
CompressedClassSpaceSize: 1.00 GB
Initial GC threshold: 20.80 MB
Current GC threshold: 35.08 MB
CDS: off

CodeHeap 'non-profiled nmethods': size=120000Kb used=719Kb max_used=719Kb free=119280Kb
 bounds [0x0000020392f50000, 0x00000203931c0000, 0x000002039a480000]
CodeHeap 'profiled nmethods': size=120000Kb used=3292Kb max_used=3292Kb free=116707Kb
 bounds [0x000002038ba20000, 0x000002038bd60000, 0x0000020392f50000]
CodeHeap 'non-nmethods': size=5760Kb used=1238Kb max_used=1266Kb free=4522Kb
 bounds [0x000002038b480000, 0x000002038b6f0000, 0x000002038ba20000]
 total_blobs=2301 nmethods=1781 adapters=433
 compilation: enabled
              stopped_count=0, restarted_count=0
 full_count=0

Compilation events (20 events):
Event: 2.426 Thread 0x00000203a03f3000 1725       4       java.lang.reflect.ProxyGenerator$ConstantPool::getUtf8 (18 bytes)
Event: 2.427 Thread 0x000002039f5a0800 nmethod 1747 0x000002038bd42010 code [0x000002038bd422c0, 0x000002038bd42f88]
Event: 2.427 Thread 0x000002039f5a0800 1751       3       sun.security.provider.ByteArrayAccess::b2iBig64 (614 bytes)
Event: 2.427 Thread 0x00000203a03f3000 nmethod 1725 0x0000020392fff890 code [0x0000020392fffa40, 0x0000020392fffae8]
Event: 2.427 Thread 0x00000203a03f3000 1724       4       java.lang.reflect.ProxyGenerator$ConstantPool$IndirectEntry::equals (49 bytes)
Event: 2.427 Thread 0x000002039f5a0800 nmethod 1751 0x000002038bd43510 code [0x000002038bd43780, 0x000002038bd44568]
Event: 2.427 Thread 0x000002039f5a0800 1752       3       java.lang.invoke.DirectMethodHandle$Holder::invokeStatic (15 bytes)
Event: 2.427 Thread 0x000002039f5a0800 nmethod 1752 0x000002038bd44a90 code [0x000002038bd44c60, 0x000002038bd45098]
Event: 2.427 Thread 0x000002039f5a0800 1748       3       java.lang.reflect.AccessibleObject::checkPermission (16 bytes)
Event: 2.428 Thread 0x000002039f5a0800 nmethod 1748 0x000002038bd45190 code [0x000002038bd45360, 0x000002038bd45608]
Event: 2.428 Thread 0x000002039f5a0800 1749       3       java.lang.reflect.AccessibleObject::checkCanSetAccessible (9 bytes)
Event: 2.428 Thread 0x000002039f5a0800 nmethod 1749 0x000002038bd45710 code [0x000002038bd458c0, 0x000002038bd459e8]
Event: 2.428 Thread 0x000002039f5a0800 1750       3       java.lang.reflect.AccessibleObject::checkCanSetAccessible (386 bytes)
Event: 2.428 Thread 0x00000203a03f3000 nmethod 1724 0x0000020392fffb90 code [0x0000020392fffd20, 0x0000020392fffdd8]
Event: 2.428 Thread 0x00000203a03f3000 1753 %     4       sun.security.provider.SHA::implCompress0 @ 3 (482 bytes)
Event: 2.431 Thread 0x000002039f5a0800 nmethod 1750 0x000002038bd45a90 code [0x000002038bd46280, 0x000002038bd4a528]
Event: 2.431 Thread 0x000002039f5a0800 1746   !   3       sun.security.jca.GetInstance::getInstance (130 bytes)
Event: 2.434 Thread 0x000002039f5a0800 nmethod 1746 0x000002038bd4bb90 code [0x000002038bd4bfa0, 0x000002038bd4db48]
Event: 2.434 Thread 0x000002039f5a0800 1754       1       java.lang.reflect.Constructor::getModifiers (5 bytes)
Event: 2.434 Thread 0x000002039f5a0800 nmethod 1754 0x0000020392fffe90 code [0x0000020393000040, 0x00000203930000f8]

GC Heap History (4 events):
Event: 2.079 GC heap before
{Heap before GC invocations=0 (full 0):
 garbage-first heap   total 131072K, used 23552K [0x00000000d1200000, 0x0000000100000000)
  region size 1024K, 24 young (24576K), 0 survivors (0K)
 Metaspace       used 15753K, capacity 16333K, committed 16512K, reserved 1064960K
  class space    used 1660K, capacity 1913K, committed 1920K, reserved 1048576K
}
Event: 2.084 GC heap after
{Heap after GC invocations=1 (full 0):
 garbage-first heap   total 131072K, used 5461K [0x00000000d1200000, 0x0000000100000000)
  region size 1024K, 3 young (3072K), 3 survivors (3072K)
 Metaspace       used 15753K, capacity 16333K, committed 16512K, reserved 1064960K
  class space    used 1660K, capacity 1913K, committed 1920K, reserved 1048576K
}
Event: 2.421 GC heap before
{Heap before GC invocations=1 (full 0):
 garbage-first heap   total 131072K, used 14677K [0x00000000d1200000, 0x0000000100000000)
  region size 1024K, 13 young (13312K), 3 survivors (3072K)
 Metaspace       used 20676K, capacity 21182K, committed 21296K, reserved 1069056K
  class space    used 2187K, capacity 2416K, committed 2432K, reserved 1048576K
}
Event: 2.425 GC heap after
{Heap after GC invocations=2 (full 0):
 garbage-first heap   total 131072K, used 6822K [0x00000000d1200000, 0x0000000100000000)
  region size 1024K, 2 young (2048K), 2 survivors (2048K)
 Metaspace       used 20676K, capacity 21182K, committed 21296K, reserved 1069056K
  class space    used 2187K, capacity 2416K, committed 2432K, reserved 1048576K
}

Deoptimization events (20 events):
Event: 2.277 Thread 0x00000203a03e0000 Uncommon trap: trap_request=0xffffffc6 fr.pc=0x0000020392fec040 relative=0x00000000000005e0
Event: 2.277 Thread 0x00000203a03e0000 Uncommon trap: reason=bimorphic_or_optimized_type_check action=maybe_recompile pc=0x0000020392fec040 method=java.util.regex.Pattern$SliceI.match(Ljava/util/regex/Matcher;ILjava/lang/CharSequence;)Z @ 92 c2
Event: 2.277 Thread 0x00000203a03e0000 DEOPT PACKING pc=0x0000020392fec040 sp=0x000000f39f1fad10
Event: 2.277 Thread 0x00000203a03e0000 DEOPT UNPACKING pc=0x000002038b4ca1af sp=0x000000f39f1faca8 mode 2
Event: 2.345 Thread 0x00000203a03e0000 Uncommon trap: trap_request=0xffffff4d fr.pc=0x0000020392fe3568 relative=0x0000000000000208
Event: 2.345 Thread 0x00000203a03e0000 Uncommon trap: reason=unstable_if action=reinterpret pc=0x0000020392fe3568 method=java.util.regex.Matcher.reset()Ljava/util/regex/Matcher; @ 71 c2
Event: 2.345 Thread 0x00000203a03e0000 DEOPT PACKING pc=0x0000020392fe3568 sp=0x000000f39f1fad90
Event: 2.345 Thread 0x00000203a03e0000 DEOPT UNPACKING pc=0x000002038b4ca1af sp=0x000000f39f1fad18 mode 2
Event: 2.345 Thread 0x00000203a03e0000 Uncommon trap: trap_request=0xffffffde fr.pc=0x0000020392fcf0d4 relative=0x00000000000005f4
Event: 2.345 Thread 0x00000203a03e0000 Uncommon trap: reason=class_check action=maybe_recompile pc=0x0000020392fcf0d4 method=java.util.regex.Pattern$BmpCharPropertyGreedy.match(Ljava/util/regex/Matcher;ILjava/lang/CharSequence;)Z @ 26 c2
Event: 2.345 Thread 0x00000203a03e0000 DEOPT PACKING pc=0x0000020392fcf0d4 sp=0x000000f39f1faa70
Event: 2.345 Thread 0x00000203a03e0000 DEOPT UNPACKING pc=0x000002038b4ca1af sp=0x000000f39f1fa9a0 mode 2
Event: 2.345 Thread 0x00000203a03e0000 Uncommon trap: trap_request=0xffffffde fr.pc=0x0000020392fcf0d4 relative=0x00000000000005f4
Event: 2.345 Thread 0x00000203a03e0000 Uncommon trap: reason=class_check action=maybe_recompile pc=0x0000020392fcf0d4 method=java.util.regex.Pattern$BmpCharPropertyGreedy.match(Ljava/util/regex/Matcher;ILjava/lang/CharSequence;)Z @ 26 c2
Event: 2.345 Thread 0x00000203a03e0000 DEOPT PACKING pc=0x0000020392fcf0d4 sp=0x000000f39f1fa7d0
Event: 2.345 Thread 0x00000203a03e0000 DEOPT UNPACKING pc=0x000002038b4ca1af sp=0x000000f39f1fa700 mode 2
Event: 2.345 Thread 0x00000203a03e0000 Uncommon trap: trap_request=0xffffff4d fr.pc=0x0000020392fcf054 relative=0x0000000000000574
Event: 2.345 Thread 0x00000203a03e0000 Uncommon trap: reason=unstable_if action=reinterpret pc=0x0000020392fcf054 method=java.util.regex.Pattern$BmpCharProperty.match(Ljava/util/regex/Matcher;ILjava/lang/CharSequence;)Z @ 5 c2
Event: 2.345 Thread 0x00000203a03e0000 DEOPT PACKING pc=0x0000020392fcf054 sp=0x000000f39f1fa530
Event: 2.345 Thread 0x00000203a03e0000 DEOPT UNPACKING pc=0x000002038b4ca1af sp=0x000000f39f1fa4e8 mode 2

Classes redefined (0 events):
No events

Internal exceptions (20 events):
Event: 1.647 Thread 0x000002038781c000 Exception <a 'java/lang/NoSuchMethodError'{0x00000000d8801ea0}: 'java.lang.Object java.lang.invoke.DirectMethodHandle$Holder.invokeSpecial(java.lang.Object, java.lang.Object, int, int, java.lang.Object, int, java.lang.Object, java.lang.Object)'> (0x00000000d8801ea0) thrown at [./src/hotspot/share/interpreter/linkResolver.cpp, line 773]
Event: 1.647 Thread 0x000002038781c000 Exception <a 'java/lang/NoSuchMethodError'{0x00000000d88054e0}: 'java.lang.Object java.lang.invoke.DelegatingMethodHandle$Holder.reinvoke_L(java.lang.Object, int, int, java.lang.Object, int, java.lang.Object, java.lang.Object)'> (0x00000000d88054e0) thrown at [./src/hotspot/share/interpreter/linkResolver.cpp, line 773]
Event: 1.649 Thread 0x000002038781c000 Exception <a 'java/lang/NoSuchMethodError'{0x00000000d882f778}: 'java.lang.Object java.lang.invoke.DirectMethodHandle$Holder.invokeStatic(java.lang.Object, java.lang.Object, java.lang.Object, java.lang.Object, java.lang.Object, java.lang.Object, java.lang.Object, java.lang.Object, int)'> (0x00000000d882f778) thrown at [./src/hotspot/share/interpreter/linkResolver.cpp, line 773]
Event: 1.651 Thread 0x000002038781c000 Exception <a 'java/lang/NoSuchMethodError'{0x00000000d8849cb0}: 'java.lang.Object java.lang.invoke.DirectMethodHandle$Holder.invokeStatic(java.lang.Object, java.lang.Object, java.lang.Object, java.lang.Object, java.lang.Object, java.lang.Object, java.lang.Object, java.lang.Object, int, int)'> (0x00000000d8849cb0) thrown at [./src/hotspot/share/interpreter/linkResolver.cpp, line 773]
Event: 1.653 Thread 0x000002038781c000 Exception <a 'java/lang/NoSuchMethodError'{0x00000000d8865208}: 'java.lang.Object java.lang.invoke.DirectMethodHandle$Holder.invokeStatic(java.lang.Object, java.lang.Object, java.lang.Object, java.lang.Object, java.lang.Object, java.lang.Object, java.lang.Object, java.lang.Object, int, int, java.lang.Object)'> (0x00000000d8865208) thrown at [./src/hotspot/share/interpreter/linkResolver.cpp, line 773]
Event: 1.654 Thread 0x000002038781c000 Exception <a 'java/lang/NoSuchMethodError'{0x00000000d8882188}: 'java.lang.Object java.lang.invoke.DirectMethodHandle$Holder.invokeStatic(java.lang.Object, java.lang.Object, java.lang.Object, java.lang.Object, java.lang.Object, java.lang.Object, java.lang.Object, java.lang.Object, int, int, java.lang.Object, java.lang.Object)'> (0x00000000d8882188) thrown at [./src/hotspot/share/interpreter/linkResolver.cpp, line 773]
Event: 1.664 Thread 0x000002038781c000 Exception <a 'java/lang/NoSuchMethodError'{0x00000000d8706808}: 'java.lang.Object java.lang.invoke.DirectMethodHandle$Holder.invokeStatic(java.lang.Object, java.lang.Object, java.lang.Object, java.lang.Object, int)'> (0x00000000d8706808) thrown at [./src/hotspot/share/interpreter/linkResolver.cpp, line 773]
Event: 1.677 Thread 0x000002038781c000 Exception <a 'java/lang/NoSuchMethodError'{0x00000000d87ca640}: 'java.lang.Object java.lang.invoke.DelegatingMethodHandle$Holder.reinvoke_L(java.lang.Object, java.lang.Object, long)'> (0x00000000d87ca640) thrown at [./src/hotspot/share/interpreter/linkResolver.cpp, line 773]
Event: 1.677 Thread 0x000002038781c000 Exception <a 'java/lang/NoSuchMethodError'{0x00000000d87cd830}: 'java.lang.Object java.lang.invoke.Invokers$Holder.linkToTargetMethod(java.lang.Object, long, java.lang.Object)'> (0x00000000d87cd830) thrown at [./src/hotspot/share/interpreter/linkResolver.cpp, line 773]
Event: 1.691 Thread 0x00000203a0755800 Exception <a 'java/lang/NoSuchMethodError'{0x00000000d8648f20}: 'java.lang.Object java.lang.invoke.DelegatingMethodHandle$Holder.reinvoke_L(java.lang.Object, int, java.lang.Object)'> (0x00000000d8648f20) thrown at [./src/hotspot/share/interpreter/linkResolver.cpp, line 773]
Event: 1.737 Thread 0x00000203a03e0000 Exception <a 'java/lang/NoSuchMethodError'{0x00000000d85274d8}: <clinit>> (0x00000000d85274d8) thrown at [./src/hotspot/share/prims/jni.cpp, line 1366]
Event: 1.833 Thread 0x00000203a03e0000 Exception <a 'java/lang/NoSuchMethodError'{0x00000000d833e568}: 'int java.lang.invoke.DirectMethodHandle$Holder.invokeSpecialIFC(java.lang.Object, java.lang.Object, int)'> (0x00000000d833e568) thrown at [./src/hotspot/share/interpreter/linkResolver.cpp, line 773]
Event: 1.871 Thread 0x00000203a03e0000 Exception <a 'java/lang/NoSuchMethodError'{0x00000000d8239840}: 'java.lang.Object java.lang.invoke.DirectMethodHandle$Holder.invokeVirtual(java.lang.Object, java.lang.Object, java.lang.Object)'> (0x00000000d8239840) thrown at [./src/hotspot/share/interpreter/linkResolver.cpp, line 773]
Event: 1.974 Thread 0x00000203a03e0000 Exception <a 'java/lang/NoSuchMethodError'{0x00000000d7e99d20}: 'void java.lang.invoke.DirectMethodHandle$Holder.invokeStaticInit(java.lang.Object, java.lang.Object)'> (0x00000000d7e99d20) thrown at [./src/hotspot/share/interpreter/linkResolver.cpp, line 773]
Event: 2.047 Thread 0x00000203a03e0000 Exception <a 'sun/nio/fs/WindowsException'{0x00000000d7be84d0}> (0x00000000d7be84d0) thrown at [./src/hotspot/share/prims/jni.cpp, line 616]
Event: 2.058 Thread 0x00000203a03e0000 Exception <a 'java/lang/NoSuchMethodError'{0x00000000d7a0ad58}: 'int java.lang.invoke.DirectMethodHandle$Holder.invokeStaticInit(java.lang.Object, java.lang.Object, java.lang.Object, java.lang.Object)'> (0x00000000d7a0ad58) thrown at [./src/hotspot/share/interpreter/linkResolver.cpp, line 773]
Event: 2.058 Thread 0x00000203a03e0000 Exception <a 'java/lang/IncompatibleClassChangeError'{0x00000000d7a13f88}: Found class java.lang.Object, but interface was expected> (0x00000000d7a13f88) thrown at [./src/hotspot/share/interpreter/linkResolver.cpp, line 839]
Event: 2.059 Thread 0x00000203a03e0000 Exception <a 'java/lang/NoSuchMethodError'{0x00000000d7a19568}: 'int java.lang.invoke.DirectMethodHandle$Holder.invokeStaticInit(java.lang.Object, java.lang.Object)'> (0x00000000d7a19568) thrown at [./src/hotspot/share/interpreter/linkResolver.cpp, line 773]
Event: 2.270 Thread 0x00000203a03e0000 Implicit null exception at 0x0000020392fa1777 to 0x0000020392fa1c84
Event: 2.270 Thread 0x00000203a03e0000 Implicit null exception at 0x0000020392f86674 to 0x0000020392f86b54

Events (20 events):
Event: 2.373 loading class com/mysql/cj/jdbc/CommentClientInfoProvider
Event: 2.373 loading class com/mysql/cj/jdbc/CommentClientInfoProvider done
Event: 2.374 loading class com/mysql/cj/jdbc/ClientInfoProvider
Event: 2.374 loading class com/mysql/cj/jdbc/ClientInfoProvider done
Event: 2.377 loading class jdk/internal/reflect/UnsafeQualifiedStaticObjectFieldAccessorImpl
Event: 2.377 loading class jdk/internal/reflect/UnsafeQualifiedStaticObjectFieldAccessorImpl done
Event: 2.377 loading class java/util/stream/IntStream
Event: 2.378 loading class java/util/stream/IntStream done
Event: 2.407 loading class com/intellij/database/remote/jdbc/impl/RemoteDatabaseMetaDataImpl
Event: 2.407 loading class com/intellij/database/remote/jdbc/impl/RemoteDatabaseMetaDataImpl done
Event: 2.409 loading class com/intellij/database/remote/jdbc/impl/RemoteDatabaseMetaDataImpl_Stub
Event: 2.409 loading class com/intellij/database/remote/jdbc/impl/RemoteDatabaseMetaDataImpl_Stub done
Event: 2.409 loading class com/intellij/database/remote/jdbc/RemoteResultSet
Event: 2.409 loading class com/intellij/database/remote/jdbc/RemoteResultSet done
Event: 2.421 Executing VM operation: CollectForMetadataAllocation
Event: 2.425 Executing VM operation: CollectForMetadataAllocation done
Event: 2.431 Executing VM operation: CGC_Operation
Event: 2.433 Executing VM operation: CGC_Operation done
Event: 2.435 Executing VM operation: CGC_Operation
Event: 2.435 Executing VM operation: CGC_Operation done


Dynamic libraries:
0x00007ff604000000 - 0x00007ff60400a000 	C:\Program Files\JetBrains\IntelliJ IDEA 2020.1.2\jbr\bin\java.exe
0x00007ff8f84f0000 - 0x00007ff8f86e7000 	C:\WINDOWS\SYSTEM32\ntdll.dll
0x00007ff8f6eb0000 - 0x00007ff8f6f6d000 	C:\WINDOWS\System32\KERNEL32.DLL
0x00007ff8f60d0000 - 0x00007ff8f639d000 	C:\WINDOWS\System32\KERNELBASE.dll
0x00007ff8f5cb0000 - 0x00007ff8f5db0000 	C:\WINDOWS\System32\ucrtbase.dll
0x00007ff8ef090000 - 0x00007ff8ef0a9000 	C:\Program Files\JetBrains\IntelliJ IDEA 2020.1.2\jbr\bin\jli.dll
0x00007ff8db890000 - 0x00007ff8db8a7000 	C:\Program Files\JetBrains\IntelliJ IDEA 2020.1.2\jbr\bin\VCRUNTIME140.dll
0x00007ff8f6f70000 - 0x00007ff8f7110000 	C:\WINDOWS\System32\USER32.dll
0x00007ff8f6460000 - 0x00007ff8f6482000 	C:\WINDOWS\System32\win32u.dll
0x00007ff8f6e80000 - 0x00007ff8f6eaa000 	C:\WINDOWS\System32\GDI32.dll
0x00007ff8debf0000 - 0x00007ff8dee8a000 	C:\WINDOWS\WinSxS\amd64_microsoft.windows.common-controls_6595b64144ccf1df_6.0.19041.1110_none_60b5254171f9507e\COMCTL32.dll
0x00007ff8f5db0000 - 0x00007ff8f5ebb000 	C:\WINDOWS\System32\gdi32full.dll
0x00007ff8f5c10000 - 0x00007ff8f5cad000 	C:\WINDOWS\System32\msvcp_win.dll
0x00007ff8f7310000 - 0x00007ff8f73ae000 	C:\WINDOWS\System32\msvcrt.dll
0x00007ff8f6d80000 - 0x00007ff8f6db0000 	C:\WINDOWS\System32\IMM32.DLL
0x00007ff8acbd0000 - 0x00007ff8acc6d000 	C:\Program Files\JetBrains\IntelliJ IDEA 2020.1.2\jbr\bin\msvcp140.dll
0x00007ff8a4510000 - 0x00007ff8a5086000 	C:\Program Files\JetBrains\IntelliJ IDEA 2020.1.2\jbr\bin\server\jvm.dll
0x00007ff8f7600000 - 0x00007ff8f76ae000 	C:\WINDOWS\System32\ADVAPI32.dll
0x00007ff8f67b0000 - 0x00007ff8f684c000 	C:\WINDOWS\System32\sechost.dll
0x00007ff8f82a0000 - 0x00007ff8f83c5000 	C:\WINDOWS\System32\RPCRT4.dll
0x00007ff8f72a0000 - 0x00007ff8f72a8000 	C:\WINDOWS\System32\PSAPI.DLL
0x00007ff8dcf10000 - 0x00007ff8dcf19000 	C:\WINDOWS\SYSTEM32\WSOCK32.dll
0x00007ff8ec0f0000 - 0x00007ff8ec0fa000 	C:\WINDOWS\SYSTEM32\VERSION.dll
0x00007ff8df040000 - 0x00007ff8df067000 	C:\WINDOWS\SYSTEM32\WINMM.dll
0x00007ff8f7590000 - 0x00007ff8f75fb000 	C:\WINDOWS\System32\WS2_32.dll
0x00007ff8f44a0000 - 0x00007ff8f44b2000 	C:\WINDOWS\SYSTEM32\kernel.appcore.dll
0x00007ff8f04b0000 - 0x00007ff8f04c1000 	C:\Program Files\JetBrains\IntelliJ IDEA 2020.1.2\jbr\bin\verify.dll
0x00007ff8f38c0000 - 0x00007ff8f3aa4000 	C:\WINDOWS\SYSTEM32\DBGHELP.DLL
0x00007ff8d9080000 - 0x00007ff8d90ac000 	C:\WINDOWS\SYSTEM32\dbgcore.DLL
0x00007ff8f63a0000 - 0x00007ff8f6422000 	C:\WINDOWS\System32\bcryptPrimitives.dll
0x00007ff8f0480000 - 0x00007ff8f04a9000 	C:\Program Files\JetBrains\IntelliJ IDEA 2020.1.2\jbr\bin\java.dll
0x00007ff8f0f70000 - 0x00007ff8f0f7b000 	C:\Program Files\JetBrains\IntelliJ IDEA 2020.1.2\jbr\bin\jimage.dll
0x00007ff8f0460000 - 0x00007ff8f0478000 	C:\Program Files\JetBrains\IntelliJ IDEA 2020.1.2\jbr\bin\zip.dll
0x00007ff8f7790000 - 0x00007ff8f7ed4000 	C:\WINDOWS\System32\SHELL32.dll
0x00007ff8f3cf0000 - 0x00007ff8f4484000 	C:\WINDOWS\SYSTEM32\windows.storage.dll
0x00007ff8f7ee0000 - 0x00007ff8f8234000 	C:\WINDOWS\System32\combase.dll
0x00007ff8f5670000 - 0x00007ff8f569c000 	C:\WINDOWS\SYSTEM32\Wldp.dll
0x00007ff8f6700000 - 0x00007ff8f67ad000 	C:\WINDOWS\System32\SHCORE.dll
0x00007ff8f72b0000 - 0x00007ff8f7305000 	C:\WINDOWS\System32\shlwapi.dll
0x00007ff8f5b50000 - 0x00007ff8f5b6f000 	C:\WINDOWS\SYSTEM32\profapi.dll
0x00007ff8f0440000 - 0x00007ff8f045a000 	C:\Program Files\JetBrains\IntelliJ IDEA 2020.1.2\jbr\bin\net.dll
0x00007ff8e2fb0000 - 0x00007ff8e30ba000 	C:\WINDOWS\SYSTEM32\WINHTTP.dll
0x00007ff8f53d0000 - 0x00007ff8f543a000 	C:\WINDOWS\system32\mswsock.dll
0x00007ff8ef070000 - 0x00007ff8ef084000 	C:\Program Files\JetBrains\IntelliJ IDEA 2020.1.2\jbr\bin\nio.dll
0x00007ff8f55c0000 - 0x00007ff8f55d8000 	C:\WINDOWS\SYSTEM32\CRYPTSP.dll
0x00007ff8f4ce0000 - 0x00007ff8f4d14000 	C:\WINDOWS\system32\rsaenh.dll
0x00007ff8f6430000 - 0x00007ff8f6457000 	C:\WINDOWS\System32\bcrypt.dll
0x00007ff8f5b10000 - 0x00007ff8f5b3e000 	C:\WINDOWS\SYSTEM32\USERENV.dll
0x00007ff8f55e0000 - 0x00007ff8f55ec000 	C:\WINDOWS\SYSTEM32\CRYPTBASE.dll
0x00007ff8f5070000 - 0x00007ff8f50ab000 	C:\WINDOWS\SYSTEM32\IPHLPAPI.DLL
0x00007ff8f6ce0000 - 0x00007ff8f6ce8000 	C:\WINDOWS\System32\NSI.dll
0x00007ff8ecf10000 - 0x00007ff8ecf27000 	C:\WINDOWS\SYSTEM32\dhcpcsvc6.DLL
0x00007ff8ecef0000 - 0x00007ff8ecf0d000 	C:\WINDOWS\SYSTEM32\dhcpcsvc.DLL
0x00007ff8f50c0000 - 0x00007ff8f518b000 	C:\WINDOWS\SYSTEM32\DNSAPI.dll
0x00007ff8eea40000 - 0x00007ff8eea48000 	C:\Program Files\JetBrains\IntelliJ IDEA 2020.1.2\jbr\bin\rmi.dll
0x00007ff8e19e0000 - 0x00007ff8e1a60000 	C:\WINDOWS\System32\fwpuclnt.dll
0x00007ff8ee2a0000 - 0x00007ff8ee2aa000 	C:\Windows\System32\rasadhlp.dll
0x00007ff8ef040000 - 0x00007ff8ef068000 	C:\Program Files\JetBrains\IntelliJ IDEA 2020.1.2\jbr\bin\sunec.dll

dbghelp: loaded successfully - version: 4.0.5 - missing functions: none
symbol engine: initialized successfully - sym options: 0x614 - pdb path: .;C:\Program Files\JetBrains\IntelliJ IDEA 2020.1.2\jbr\bin;C:\WINDOWS\SYSTEM32;C:\WINDOWS\WinSxS\amd64_microsoft.windows.common-controls_6595b64144ccf1df_6.0.19041.1110_none_60b5254171f9507e;C:\Program Files\JetBrains\IntelliJ IDEA 2020.1.2\jbr\bin\server

VM Arguments:
jvm_args: -Dfile.encoding=UTF-8 -Dsun.jnu.encoding=UTF-8 -Djava.net.preferIPv4Stack=true -Djava.rmi.server.hostname=127.0.0.1 -Duser.timezone=UTC -Xmx750m -Xms128m -Dfile.encoding=UTF-8 
java_command: com.intellij.database.remote.RemoteJdbcServer com.mysql.cj.jdbc.Driver
java_class_path (initial): C:\Program Files\JetBrains\IntelliJ IDEA 2020.1.2\lib\util.jar;C:\Program Files\JetBrains\IntelliJ IDEA 2020.1.2\lib\org_codehaus_groovy_groovy.jar;C:\Program Files\JetBrains\IntelliJ IDEA 2020.1.2\plugins\DatabaseTools\lib\jdbc-console.jar;C:\Users\jaebin2\AppData\Roaming\JetBrains\IntelliJIdea2021.3\jdbc-drivers\MySQL ConnectorJ\8.0.25\mysql-connector-java-8.0.25.jar
Launcher Type: SUN_STANDARD

[Global flags]
     intx CICompilerCount                          = 4                                         {product} {ergonomic}
     uint ConcGCThreads                            = 2                                         {product} {ergonomic}
     uint G1ConcRefinementThreads                  = 8                                         {product} {ergonomic}
   size_t G1HeapRegionSize                         = 1048576                                   {product} {ergonomic}
    uintx GCDrainStackTargetSize                   = 64                                        {product} {ergonomic}
   size_t InitialHeapSize                          = 134217728                                 {product} {command line}
   size_t MarkStackSize                            = 4194304                                   {product} {ergonomic}
   size_t MaxHeapSize                              = 786432000                                 {product} {command line}
   size_t MaxNewSize                               = 471859200                                 {product} {ergonomic}
   size_t MinHeapDeltaBytes                        = 1048576                                   {product} {ergonomic}
    uintx NonNMethodCodeHeapSize                   = 5836300                                {pd product} {ergonomic}
    uintx NonProfiledCodeHeapSize                  = 122910970                              {pd product} {ergonomic}
    uintx ProfiledCodeHeapSize                     = 122910970                              {pd product} {ergonomic}
    uintx ReservedCodeCacheSize                    = 251658240                              {pd product} {ergonomic}
     bool SegmentedCodeCache                       = true                                      {product} {ergonomic}
     bool UseCompressedClassPointers               = true                                 {lp64_product} {ergonomic}
     bool UseCompressedOops                        = true                                 {lp64_product} {ergonomic}
     bool UseG1GC                                  = true                                      {product} {ergonomic}
     bool UseLargePagesIndividualAllocation        = false                                  {pd product} {ergonomic}

Logging:
Log output configuration:
 #0: stdout all=warning uptime,level,tags
 #1: stderr all=off uptime,level,tags

Environment Variables:
JAVA_HOME=C:\Program Files\Java\jdk1.8.0_321
JAVA_TOOL_OPTIONS=-Dfile.encoding=UTF-8 -Dsun.jnu.encoding=UTF-8
PATH=C:\Users\jaebin2\Desktop\Douzone_2th\oracle_client;C:\Users\jaebin2\Desktop\WINDOWS.X64_193000_db_home\bin;C:\Program Files\Java\jdk1.8.0_321\bin;C:\Program Files\Git\cmd;C:\Program Files (x86)\NetSarang\Xshell 6\;C:\Program Files (x86)\NetSarang\Xftp 6\;C:\Program Files\MySQL\MySQL Server 8.0\bin;C:\Program Files (x86)\Yarn\bin\;C:\Python38\Scripts\;C:\Python38\;C:\Program Files (x86)\NAT Service;C:\WINDOWS\system32;C:\WINDOWS;C:\WINDOWS\System32\Wbem;C:\WINDOWS\System32\WindowsPowerShell\v1.0\;C:\WINDOWS\System32\OpenSSH\;C:\Program Files (x86)\NVIDIA Corporation\PhysX\Common;C:\ProgramData\chocolatey\bin;C:\Program Files (x86)\Brackets\command;C:\WINDOWS\system32;C:\WINDOWS;C:\WINDOWS\System32\Wbem;C:\WINDOWS\System32\WindowsPowerShell\v1.0\;C:\WINDOWS\System32\OpenSSH\;C:\Program Files (x86)\PuTTY\;C:\Program Files\nodejs\;C:\Users\jaebin2\AppData\Local\Android\Sdk\tools;C:\Users\jaebin2\AppData\Local\Android\Sdk\platform-tools;C:\Program Files\NVIDIA Corporation\NVIDIA NvDLISR;C:\Users\jaebin2\Desktop\apache-tomcat-9.0.59-windows-x64\apache-tomcat-9.0.59\bin;C:\Program Files\MySQL\MySQL Shell 8.0\bin\;C:\Users\jaebin2\AppData\Local\Microsoft\WindowsApps;C:\Users\jaebin2\AppData\Local\Programs\Microsoft VS Code\bin;C:\Users\jaebin2\AppData\Local\Yarn\bin;C:\Users\jaebin2\AppData\Roaming\npm\node_modules\yarn\bin;C:\Users\jaebin2\AppData\Roaming\npm;C:\Program Files\Java\jdk1.8.0_321\bin;
USERNAME=jaebin2
OS=Windows_NT
PROCESSOR_IDENTIFIER=Intel64 Family 6 Model 158 Stepping 10, GenuineIntel



---------------  S Y S T E M  ---------------

OS: Windows 10 , 64 bit Build 19041 (10.0.19041.1741)
OS uptime: 1 days 2:34 hours

CPU:total 8 (initial active 8) (4 cores per cpu, 2 threads per core) family 6 model 158 stepping 10 microcode 0xde, cmov, cx8, fxsr, mmx, sse, sse2, sse3, ssse3, sse4.1, sse4.2, popcnt, avx, avx2, aes, clmul, erms, 3dnowpref, lzcnt, ht, tsc, tscinvbit, bmi1, bmi2, adx, fma

Memory: 4k page, system-wide physical 16258M (2195M free)
TotalPageFile size 16258M (AvailPageFile size 5M)
current process WorkingSet (physical memory assigned to process): 111M, peak: 111M
current process commit charge ("private bytes"): 238M, peak: 239M

vm_info: OpenJDK 64-Bit Server VM (11.0.13+7-b1751.25) for windows-amd64 JRE (11.0.13+7-b1751.25), built on Jan 13 2022 20:47:27 by "" with MS VC++ 14.0 (VS2015)

END.
