#
# There is insufficient memory for the Java Runtime Environment to continue.
# Native memory allocation (malloc) failed to allocate 1235712 bytes for Chunk::new
# Possible reasons:
#   The system is out of physical RAM or swap space
#   The process is running with CompressedOops enabled, and the Java Heap may be blocking the growth of the native heap
# Possible solutions:
#   Reduce memory load on the system
#   Increase physical memory or swap space
#   Check if swap backing store is full
#   Decrease Java heap size (-Xmx/-Xms)
#   Decrease number of Java threads
#   Decrease Java thread stack sizes (-Xss)
#   Set larger code cache with -XX:ReservedCodeCacheSize=
#   JVM is running with Unscaled Compressed Oops mode in which the Java heap is
#     placed in the first 4GB address space. The Java Heap base address is the
#     maximum limit for the native heap growth. Please use -XX:HeapBaseMinAddress
#     to set the Java Heap base and to place the Java Heap above 4GB virtual address.
# This output file may be truncated or incomplete.
#
#  Out of Memory Error (allocation.cpp:389), pid=16368, tid=0x0000000000001778
#
# JRE version: Java(TM) SE Runtime Environment (8.0_321-b07) (build 1.8.0_321-b07)
# Java VM: Java HotSpot(TM) 64-Bit Server VM (25.321-b07 mixed mode windows-amd64 compressed oops)
# Failed to write core dump. Minidumps are not enabled by default on client versions of Windows
#

---------------  T H R E A D  ---------------

Current thread (0x000001a63683c800):  JavaThread "C2 CompilerThread2" daemon [_thread_in_native, id=6008, stack(0x0000003522800000,0x0000003522900000)]

Stack: [0x0000003522800000,0x0000003522900000]
Native frames: (J=compiled Java code, j=interpreted, Vv=VM code, C=native code)
V  [jvm.dll+0x32fc49]
V  [jvm.dll+0x2761a2]
V  [jvm.dll+0x276e4d]
V  [jvm.dll+0x26d7f5]
V  [jvm.dll+0xd5a0c]
V  [jvm.dll+0xd620c]
V  [jvm.dll+0x4716f5]
V  [jvm.dll+0x438f18]
V  [jvm.dll+0x441d65]
V  [jvm.dll+0x441125]
V  [jvm.dll+0x42becb]
V  [jvm.dll+0xac68b]
V  [jvm.dll+0xaaceb]
V  [jvm.dll+0x23e6f2]
V  [jvm.dll+0x292edc]
C  [ucrtbase.dll+0x21bb2]
C  [KERNEL32.DLL+0x17034]
C  [ntdll.dll+0x52651]


Current CompileTask:
C2:  15013 10280       4       org.gradle.api.internal.tasks.compile.incremental.compilerapi.deps.DependentSetSerializer::read (198 bytes)


---------------  P R O C E S S  ---------------

Java Threads: ( => current thread )
  0x000001a63dbfe800 JavaThread "Build operations Thread 8" [_thread_blocked, id=14692, stack(0x000000352ad00000,0x000000352ae00000)]
  0x000001a63dbfd800 JavaThread "Build operations Thread 7" [_thread_blocked, id=21808, stack(0x000000352ac00000,0x000000352ad00000)]
  0x000001a63dbfd000 JavaThread "Build operations Thread 6" [_thread_blocked, id=19072, stack(0x000000352ab00000,0x000000352ac00000)]
  0x000001a63dbff000 JavaThread "Build operations Thread 5" [_thread_blocked, id=22400, stack(0x000000352aa00000,0x000000352ab00000)]
  0x000001a63dbfc000 JavaThread "Build operations Thread 4" [_thread_blocked, id=21724, stack(0x000000352a900000,0x000000352aa00000)]
  0x000001a63dbfb800 JavaThread "Build operations Thread 3" [_thread_blocked, id=19648, stack(0x000000352a800000,0x000000352a900000)]
  0x000001a63dbf9000 JavaThread "Build operations Thread 2" [_thread_blocked, id=21776, stack(0x000000352a700000,0x000000352a800000)]
  0x000001a63dbfa800 JavaThread "Build operations" [_thread_blocked, id=21600, stack(0x000000352a600000,0x000000352a700000)]
  0x000001a63dbf7800 JavaThread "Cache worker for Java compile cache (C:\Users\jaebin2\.gradle\caches\7.4.1\javaCompile)" [_thread_blocked, id=13140, stack(0x000000352a500000,0x000000352a600000)]
  0x000001a63dbf6000 JavaThread "Unconstrained build operations Thread 80" [_thread_blocked, id=22272, stack(0x000000352a400000,0x000000352a500000)]
  0x000001a63dbf5800 JavaThread "Unconstrained build operations Thread 79" [_thread_blocked, id=12304, stack(0x000000352a300000,0x000000352a400000)]
  0x000001a638fa8800 JavaThread "Unconstrained build operations Thread 78" [_thread_blocked, id=19852, stack(0x000000352a200000,0x000000352a300000)]
  0x000001a638fa8000 JavaThread "Unconstrained build operations Thread 77" [_thread_blocked, id=4104, stack(0x000000352a100000,0x000000352a200000)]
  0x000001a638fa7000 JavaThread "Unconstrained build operations Thread 76" [_thread_blocked, id=17616, stack(0x000000352a000000,0x000000352a100000)]
  0x000001a638faa000 JavaThread "Unconstrained build operations Thread 75" [_thread_blocked, id=16080, stack(0x0000003529f00000,0x000000352a000000)]
  0x000001a638fa9800 JavaThread "Unconstrained build operations Thread 74" [_thread_blocked, id=7552, stack(0x0000003529e00000,0x0000003529f00000)]
  0x000001a638fa0800 JavaThread "Unconstrained build operations Thread 73" [_thread_blocked, id=11704, stack(0x0000003529d00000,0x0000003529e00000)]
  0x000001a638f9f800 JavaThread "Unconstrained build operations Thread 72" [_thread_blocked, id=5244, stack(0x0000003529c00000,0x0000003529d00000)]
  0x000001a638fa3800 JavaThread "Unconstrained build operations Thread 71" [_thread_blocked, id=18220, stack(0x0000003529b00000,0x0000003529c00000)]
  0x000001a638fa5800 JavaThread "Unconstrained build operations Thread 70" [_thread_blocked, id=19568, stack(0x0000003529a00000,0x0000003529b00000)]
  0x000001a638fa5000 JavaThread "Unconstrained build operations Thread 69" [_thread_blocked, id=13872, stack(0x0000003529900000,0x0000003529a00000)]
  0x000001a638fa4000 JavaThread "Unconstrained build operations Thread 68" [_thread_blocked, id=20904, stack(0x0000003529800000,0x0000003529900000)]
  0x000001a638fa6800 JavaThread "Unconstrained build operations Thread 67" [_thread_blocked, id=5680, stack(0x0000003529700000,0x0000003529800000)]
  0x000001a638fa1000 JavaThread "Unconstrained build operations Thread 66" [_thread_blocked, id=21076, stack(0x0000003529600000,0x0000003529700000)]
  0x000001a638f9d800 JavaThread "Unconstrained build operations Thread 65" [_thread_blocked, id=8324, stack(0x0000003529500000,0x0000003529600000)]
  0x000001a638fa2800 JavaThread "Unconstrained build operations Thread 64" [_thread_blocked, id=18240, stack(0x0000003529400000,0x0000003529500000)]
  0x000001a638f9c800 JavaThread "Unconstrained build operations Thread 63" [_thread_blocked, id=3824, stack(0x0000003529300000,0x0000003529400000)]
  0x000001a638f9f000 JavaThread "Unconstrained build operations Thread 62" [_thread_blocked, id=2692, stack(0x0000003529200000,0x0000003529300000)]
  0x000001a638f9b000 JavaThread "Unconstrained build operations Thread 61" [_thread_blocked, id=21220, stack(0x0000003529100000,0x0000003529200000)]
  0x000001a638fa2000 JavaThread "Unconstrained build operations Thread 60" [_thread_blocked, id=21976, stack(0x0000003529000000,0x0000003529100000)]
  0x000001a638f9c000 JavaThread "Unconstrained build operations Thread 59" [_thread_blocked, id=16712, stack(0x0000003528f00000,0x0000003529000000)]
  0x000001a638f9e000 JavaThread "Unconstrained build operations Thread 58" [_thread_blocked, id=19156, stack(0x0000003528e00000,0x0000003528f00000)]
  0x000001a6380fd000 JavaThread "Unconstrained build operations Thread 57" [_thread_blocked, id=18500, stack(0x0000003528d00000,0x0000003528e00000)]
  0x000001a638102800 JavaThread "Unconstrained build operations Thread 56" [_thread_blocked, id=15444, stack(0x0000003528c00000,0x0000003528d00000)]
  0x000001a638101000 JavaThread "Unconstrained build operations Thread 55" [_thread_blocked, id=10192, stack(0x0000003528b00000,0x0000003528c00000)]
  0x000001a6380ff800 JavaThread "Unconstrained build operations Thread 54" [_thread_blocked, id=3776, stack(0x0000003528a00000,0x0000003528b00000)]
  0x000001a638102000 JavaThread "Unconstrained build operations Thread 53" [_thread_blocked, id=18484, stack(0x0000003528900000,0x0000003528a00000)]
  0x000001a638100800 JavaThread "Unconstrained build operations Thread 52" [_thread_blocked, id=20716, stack(0x0000003528800000,0x0000003528900000)]
  0x000001a6380ff000 JavaThread "Unconstrained build operations Thread 51" [_thread_blocked, id=6900, stack(0x0000003528700000,0x0000003528800000)]
  0x000001a6380fc800 JavaThread "Unconstrained build operations Thread 50" [_thread_blocked, id=17852, stack(0x0000003528600000,0x0000003528700000)]
  0x000001a6380fe000 JavaThread "Unconstrained build operations Thread 49" [_thread_blocked, id=1104, stack(0x0000003528500000,0x0000003528600000)]
  0x000001a6380f5000 JavaThread "Unconstrained build operations Thread 48" [_thread_blocked, id=2364, stack(0x0000003528400000,0x0000003528500000)]
  0x000001a6380fb800 JavaThread "Unconstrained build operations Thread 47" [_thread_blocked, id=20324, stack(0x0000003528300000,0x0000003528400000)]
  0x000001a6380fb000 JavaThread "Unconstrained build operations Thread 46" [_thread_blocked, id=22464, stack(0x0000003528200000,0x0000003528300000)]
  0x000001a6380f3800 JavaThread "Unconstrained build operations Thread 45" [_thread_blocked, id=11984, stack(0x0000003528100000,0x0000003528200000)]
  0x000001a6380f7000 JavaThread "Unconstrained build operations Thread 44" [_thread_blocked, id=1888, stack(0x0000003528000000,0x0000003528100000)]
  0x000001a6380f6800 JavaThread "Unconstrained build operations Thread 43" [_thread_blocked, id=8592, stack(0x0000003527f00000,0x0000003528000000)]
  0x000001a6380f8800 JavaThread "Unconstrained build operations Thread 42" [_thread_blocked, id=20596, stack(0x0000003527e00000,0x0000003527f00000)]
  0x000001a6380f8000 JavaThread "Unconstrained build operations Thread 41" [_thread_blocked, id=8512, stack(0x0000003527d00000,0x0000003527e00000)]
  0x000001a6380f5800 JavaThread "Unconstrained build operations Thread 40" [_thread_blocked, id=6312, stack(0x0000003527c00000,0x0000003527d00000)]
  0x000001a6380fa000 JavaThread "Unconstrained build operations Thread 39" [_thread_blocked, id=15732, stack(0x0000003527b00000,0x0000003527c00000)]
  0x000001a6380f4000 JavaThread "Unconstrained build operations Thread 38" [_thread_blocked, id=5328, stack(0x0000003527a00000,0x0000003527b00000)]
  0x000001a6380f9800 JavaThread "Unconstrained build operations Thread 37" [_thread_blocked, id=18152, stack(0x0000003527900000,0x0000003527a00000)]
  0x000001a641437800 JavaThread "Unconstrained build operations Thread 36" [_thread_blocked, id=17788, stack(0x0000003527800000,0x0000003527900000)]
  0x000001a64143a800 JavaThread "Unconstrained build operations Thread 35" [_thread_blocked, id=15636, stack(0x0000003527700000,0x0000003527800000)]
  0x000001a641437000 JavaThread "Unconstrained build operations Thread 34" [_thread_blocked, id=18620, stack(0x0000003527600000,0x0000003527700000)]
  0x000001a641436000 JavaThread "Unconstrained build operations Thread 33" [_thread_blocked, id=12080, stack(0x0000003527500000,0x0000003527600000)]
  0x000001a641435800 JavaThread "Unconstrained build operations Thread 32" [_thread_blocked, id=14872, stack(0x0000003527400000,0x0000003527500000)]
  0x000001a641434800 JavaThread "Unconstrained build operations Thread 31" [_thread_blocked, id=16392, stack(0x0000003527300000,0x0000003527400000)]
  0x000001a641433000 JavaThread "Unconstrained build operations Thread 30" [_thread_blocked, id=5300, stack(0x0000003527200000,0x0000003527300000)]
  0x000001a641438800 JavaThread "Unconstrained build operations Thread 29" [_thread_blocked, id=16340, stack(0x0000003527100000,0x0000003527200000)]
  0x000001a64143a000 JavaThread "Unconstrained build operations Thread 28" [_thread_blocked, id=15000, stack(0x0000003527000000,0x0000003527100000)]
  0x000001a641434000 JavaThread "Unconstrained build operations Thread 27" [_thread_blocked, id=780, stack(0x0000003526f00000,0x0000003527000000)]
  0x000001a641439000 JavaThread "Unconstrained build operations Thread 26" [_thread_blocked, id=15760, stack(0x0000003526e00000,0x0000003526f00000)]
  0x000001a64142b800 JavaThread "Unconstrained build operations Thread 25" [_thread_blocked, id=12000, stack(0x0000003526d00000,0x0000003526e00000)]
  0x000001a641431800 JavaThread "Unconstrained build operations Thread 24" [_thread_blocked, id=5916, stack(0x0000003526c00000,0x0000003526d00000)]
  0x000001a64142e000 JavaThread "Unconstrained build operations Thread 23" [_thread_blocked, id=1824, stack(0x0000003526b00000,0x0000003526c00000)]
  0x000001a641432800 JavaThread "Unconstrained build operations Thread 22" [_thread_blocked, id=8852, stack(0x0000003526a00000,0x0000003526b00000)]
  0x000001a64142d000 JavaThread "Unconstrained build operations Thread 21" [_thread_blocked, id=7836, stack(0x0000003526900000,0x0000003526a00000)]
  0x000001a64142c800 JavaThread "Cache worker for execution history cache (C:\Users\jaebin2\Desktop\final\server-organization\.gradle\7.4.1\executionHistory)" [_thread_blocked, id=4176, stack(0x0000003526800000,0x0000003526900000)]
  0x000001a64142f800 JavaThread "Execution worker for ':' Thread 7" [_thread_blocked, id=21196, stack(0x0000003526700000,0x0000003526800000)]
  0x000001a64142e800 JavaThread "Execution worker for ':' Thread 6" [_thread_blocked, id=13200, stack(0x0000003526600000,0x0000003526700000)]
  0x000001a641430000 JavaThread "Execution worker for ':' Thread 5" [_thread_blocked, id=436, stack(0x0000003526500000,0x0000003526600000)]
  0x000001a641431000 JavaThread "Execution worker for ':' Thread 4" [_thread_blocked, id=13236, stack(0x0000003526400000,0x0000003526500000)]
  0x000001a640177000 JavaThread "Execution worker for ':' Thread 3" [_thread_blocked, id=20532, stack(0x0000003526300000,0x0000003526400000)]
  0x000001a640176000 JavaThread "Execution worker for ':' Thread 2" [_thread_blocked, id=2764, stack(0x0000003526200000,0x0000003526300000)]
  0x000001a640175800 JavaThread "Execution worker for ':'" [_thread_blocked, id=19948, stack(0x0000003526100000,0x0000003526200000)]
  0x000001a64017b800 JavaThread "included builds" [_thread_in_native, id=19588, stack(0x0000003526000000,0x0000003526100000)]
  0x000001a64017a800 JavaThread "Memory manager" [_thread_blocked, id=17460, stack(0x0000003525f00000,0x0000003526000000)]
  0x000001a64017a000 JavaThread "Unconstrained build operations Thread 20" [_thread_blocked, id=5844, stack(0x0000003525e00000,0x0000003525f00000)]
  0x000001a640179000 JavaThread "Unconstrained build operations Thread 19" [_thread_blocked, id=22176, stack(0x0000003525d00000,0x0000003525e00000)]
  0x000001a640178800 JavaThread "Unconstrained build operations Thread 18" [_thread_blocked, id=32, stack(0x0000003525c00000,0x0000003525d00000)]
  0x000001a640177800 JavaThread "Unconstrained build operations Thread 17" [_thread_blocked, id=1124, stack(0x0000003525b00000,0x0000003525c00000)]
  0x000001a640174800 JavaThread "Unconstrained build operations Thread 16" [_thread_blocked, id=16344, stack(0x0000003525a00000,0x0000003525b00000)]
  0x000001a64016d000 JavaThread "Unconstrained build operations Thread 15" [_thread_blocked, id=16896, stack(0x0000003525900000,0x0000003525a00000)]
  0x000001a640174000 JavaThread "Unconstrained build operations Thread 14" [_thread_blocked, id=4244, stack(0x0000003525800000,0x0000003525900000)]
  0x000001a64016c800 JavaThread "Unconstrained build operations Thread 13" [_thread_blocked, id=5984, stack(0x0000003525700000,0x0000003525800000)]
  0x000001a640172800 JavaThread "Unconstrained build operations Thread 12" [_thread_blocked, id=16660, stack(0x0000003525600000,0x0000003525700000)]
  0x000001a640171000 JavaThread "Unconstrained build operations Thread 11" [_thread_blocked, id=3796, stack(0x0000003525500000,0x0000003525600000)]
  0x000001a640170000 JavaThread "Unconstrained build operations Thread 10" [_thread_blocked, id=21540, stack(0x0000003525400000,0x0000003525500000)]
  0x000001a640173000 JavaThread "Unconstrained build operations Thread 9" [_thread_blocked, id=4744, stack(0x0000003525300000,0x0000003525400000)]
  0x000001a64016e800 JavaThread "Unconstrained build operations Thread 8" [_thread_blocked, id=3272, stack(0x0000003525200000,0x0000003525300000)]
  0x000001a64016f800 JavaThread "Unconstrained build operations Thread 7" [_thread_blocked, id=14752, stack(0x0000003525100000,0x0000003525200000)]
  0x000001a640171800 JavaThread "Unconstrained build operations Thread 6" [_thread_blocked, id=15828, stack(0x0000003525000000,0x0000003525100000)]
  0x000001a64016e000 JavaThread "Unconstrained build operations Thread 5" [_thread_blocked, id=1968, stack(0x0000003524f00000,0x0000003525000000)]
  0x000001a63ca1c000 JavaThread "Unconstrained build operations Thread 4" [_thread_blocked, id=20740, stack(0x0000003524e00000,0x0000003524f00000)]
  0x000001a63ca20000 JavaThread "Unconstrained build operations Thread 3" [_thread_blocked, id=3804, stack(0x0000003524d00000,0x0000003524e00000)]
  0x000001a63ca18800 JavaThread "Unconstrained build operations Thread 2" [_thread_blocked, id=16996, stack(0x0000003524c00000,0x0000003524d00000)]
  0x000001a63ca1a800 JavaThread "Unconstrained build operations" [_thread_blocked, id=13568, stack(0x0000003524b00000,0x0000003524c00000)]
  0x000001a63ca1f000 JavaThread "Cache worker for Build Output Cleanup Cache (C:\Users\jaebin2\Desktop\final\server-organization\.gradle\buildOutputCleanup)" [_thread_blocked, id=244, stack(0x0000003524a00000,0x0000003524b00000)]
  0x000001a63ca19000 JavaThread "Cache worker for dependencies-accessors (C:\Users\jaebin2\Desktop\final\server-organization\.gradle\7.4.1\dependencies-accessors)" [_thread_blocked, id=5132, stack(0x0000003524900000,0x0000003524a00000)]
  0x000001a63ca1d000 JavaThread "jar transforms Thread 8" [_thread_blocked, id=15792, stack(0x0000003524800000,0x0000003524900000)]
  0x000001a63ca1b800 JavaThread "jar transforms Thread 7" [_thread_blocked, id=5604, stack(0x0000003524700000,0x0000003524800000)]
  0x000001a63ca1e800 JavaThread "jar transforms Thread 6" [_thread_blocked, id=21436, stack(0x0000003524600000,0x0000003524700000)]
  0x000001a63ca1d800 JavaThread "jar transforms Thread 5" [_thread_blocked, id=11988, stack(0x0000003524500000,0x0000003524600000)]
  0x000001a63ca1a000 JavaThread "jar transforms Thread 4" [_thread_blocked, id=17304, stack(0x0000003524400000,0x0000003524500000)]
  0x000001a63ca11000 JavaThread "jar transforms Thread 3" [_thread_blocked, id=3936, stack(0x0000003524300000,0x0000003524400000)]
  0x000001a63ca11800 JavaThread "Cache worker for file content cache (C:\Users\jaebin2\.gradle\caches\7.4.1\fileContent)" [_thread_blocked, id=2812, stack(0x0000003524200000,0x0000003524300000)]
  0x000001a63ca17800 JavaThread "jar transforms Thread 2" [_thread_blocked, id=13212, stack(0x0000003524100000,0x0000003524200000)]
  0x000001a63ca12800 JavaThread "jar transforms" [_thread_blocked, id=5060, stack(0x0000003524000000,0x0000003524100000)]
  0x000001a63ca17000 JavaThread "Cache worker for execution history cache (C:\Users\jaebin2\.gradle\caches\7.4.1\executionHistory)" [_thread_blocked, id=18248, stack(0x0000003523f00000,0x0000003524000000)]
  0x000001a63ca14800 JavaThread "Cache worker for cache directory md-supplier (C:\Users\jaebin2\.gradle\caches\7.4.1\md-supplier)" [_thread_blocked, id=7196, stack(0x0000003523e00000,0x0000003523f00000)]
  0x000001a63ca16000 JavaThread "Cache worker for file hash cache (C:\Users\jaebin2\Desktop\final\server-organization\.gradle\7.4.1\fileHashes)" [_thread_in_Java, id=18992, stack(0x0000003523d00000,0x0000003523e00000)]
  0x000001a63ca15800 JavaThread "Cache worker for cache directory md-rule (C:\Users\jaebin2\.gradle\caches\7.4.1\md-rule)" [_thread_blocked, id=16984, stack(0x0000003523c00000,0x0000003523d00000)]
  0x000001a63ca14000 JavaThread "Cache worker for checksums cache (C:\Users\jaebin2\Desktop\final\server-organization\.gradle\7.4.1\checksums)" [_thread_blocked, id=8064, stack(0x0000003523b00000,0x0000003523c00000)]
  0x000001a63983e800 JavaThread "File watcher consumer" daemon [_thread_blocked, id=19472, stack(0x0000003523a00000,0x0000003523b00000)]
  0x000001a63983e000 JavaThread "File watcher server" daemon [_thread_in_native, id=1720, stack(0x0000003523900000,0x0000003523a00000)]
  0x000001a63983f800 JavaThread "Cache worker for file hash cache (C:\Users\jaebin2\.gradle\caches\7.4.1\fileHashes)" [_thread_blocked, id=22016, stack(0x0000003523800000,0x0000003523900000)]
  0x000001a639841000 JavaThread "File lock request listener" [_thread_in_native, id=8912, stack(0x0000003523700000,0x0000003523800000)]
  0x000001a639840000 JavaThread "Cache worker for journal cache (C:\Users\jaebin2\.gradle\caches\journal-1)" [_thread_blocked, id=15652, stack(0x0000003523600000,0x0000003523700000)]
  0x000001a639817800 JavaThread "Daemon client event forwarder" [_thread_blocked, id=18272, stack(0x0000003523500000,0x0000003523600000)]
  0x000001a639815800 JavaThread "Stdin handler" [_thread_blocked, id=21936, stack(0x0000003523400000,0x0000003523500000)]
  0x000001a63970c800 JavaThread "Asynchronous log dispatcher for DefaultDaemonConnection: socket connection from /127.0.0.1:8586 to /127.0.0.1:8587" [_thread_blocked, id=22396, stack(0x0000003523300000,0x0000003523400000)]
  0x000001a63970b000 JavaThread "Daemon worker" [_thread_blocked, id=5976, stack(0x0000003523200000,0x0000003523300000)]
  0x000001a63970a800 JavaThread "Cancel handler" [_thread_blocked, id=16604, stack(0x0000003523100000,0x0000003523200000)]
  0x000001a63980c800 JavaThread "Handler for socket connection from /127.0.0.1:8586 to /127.0.0.1:8587" [_thread_in_native, id=17328, stack(0x0000003523000000,0x0000003523100000)]
  0x000001a63973c000 JavaThread "Daemon" [_thread_blocked, id=1984, stack(0x0000003522f00000,0x0000003523000000)]
  0x000001a6396f2800 JavaThread "Daemon periodic checks" [_thread_blocked, id=16256, stack(0x0000003522e00000,0x0000003522f00000)]
  0x000001a63974d000 JavaThread "Incoming local TCP Connector on port 8586" [_thread_in_native, id=12856, stack(0x0000003522d00000,0x0000003522e00000)]
  0x000001a639531000 JavaThread "Daemon health stats" [_thread_blocked, id=18724, stack(0x0000003522c00000,0x0000003522d00000)]
  0x000001a637b9c800 JavaThread "Service Thread" daemon [_thread_blocked, id=8860, stack(0x0000003522a00000,0x0000003522b00000)]
  0x000001a63683f000 JavaThread "C1 CompilerThread3" daemon [_thread_blocked, id=19356, stack(0x0000003522900000,0x0000003522a00000)]
=>0x000001a63683c800 JavaThread "C2 CompilerThread2" daemon [_thread_in_native, id=6008, stack(0x0000003522800000,0x0000003522900000)]
  0x000001a63682f000 JavaThread "C2 CompilerThread1" daemon [_thread_in_native, id=20696, stack(0x0000003522700000,0x0000003522800000)]
  0x000001a63680f000 JavaThread "C2 CompilerThread0" daemon [_thread_in_native, id=5208, stack(0x0000003522600000,0x0000003522700000)]
  0x000001a63680e800 JavaThread "Attach Listener" daemon [_thread_blocked, id=15784, stack(0x0000003522500000,0x0000003522600000)]
  0x000001a636820000 JavaThread "Signal Dispatcher" daemon [_thread_blocked, id=11372, stack(0x0000003522400000,0x0000003522500000)]
  0x000001a6367a0800 JavaThread "Finalizer" daemon [_thread_blocked, id=6960, stack(0x0000003522300000,0x0000003522400000)]
  0x000001a636799800 JavaThread "Reference Handler" daemon [_thread_blocked, id=4812, stack(0x0000003522200000,0x0000003522300000)]
  0x000001a623296000 JavaThread "main" [_thread_blocked, id=17868, stack(0x0000003521800000,0x0000003521900000)]

Other Threads:
  0x000001a636772000 VMThread [stack: 0x0000003522100000,0x0000003522200000] [id=22284]
  0x000001a637ba2800 WatcherThread [stack: 0x0000003522b00000,0x0000003522c00000] [id=21624]

VM state:not at safepoint (normal execution)

VM Mutex/Monitor currently owned by a thread: None

heap address: 0x00000000e0000000, size: 512 MB, Compressed Oops mode: 32-bit
Narrow klass base: 0x0000000000000000, Narrow klass shift: 3
Compressed class space size: 1073741824 Address: 0x0000000100000000

Heap:
 PSYoungGen      total 124928K, used 114901K [0x00000000f5580000, 0x0000000100000000, 0x0000000100000000)
  eden space 104960K, 90% used [0x00000000f5580000,0x00000000fb23a548,0x00000000fbc00000)
  from space 19968K, 99% used [0x00000000fec80000,0x00000000ffffaf30,0x0000000100000000)
  to   space 34816K, 0% used [0x00000000fbc00000,0x00000000fbc00000,0x00000000fde00000)
 ParOldGen       total 218112K, used 66326K [0x00000000e0000000, 0x00000000ed500000, 0x00000000f5580000)
  object space 218112K, 30% used [0x00000000e0000000,0x00000000e40c5880,0x00000000ed500000)
 Metaspace       used 64196K, capacity 68618K, committed 68736K, reserved 1107968K
  class space    used 9049K, capacity 9829K, committed 9856K, reserved 1048576K

Card table byte_map: [0x000001a633fd0000,0x000001a6340e0000] byte_map_base: 0x000001a6338d0000

Marking Bits: (ParMarkBitMap*) 0x000000006be79030
 Begin Bits: [0x000001a634190000, 0x000001a634990000)
 End Bits:   [0x000001a634990000, 0x000001a635190000)

Polling page: 0x000001a624be0000

CodeCache: size=245760Kb used=31709Kb max_used=31709Kb free=214050Kb
 bounds [0x000001a624c10000, 0x000001a626b30000, 0x000001a633c10000]
 total_blobs=10011 nmethods=9213 adapters=708
 compilation: enabled

Compilation events (10 events):
Event: 14.975 Thread 0x000001a63683f000 nmethod 10366 0x000001a626afb0d0 code [0x000001a626afb2c0, 0x000001a626afb600]
Event: 14.975 Thread 0x000001a63683f000 10367       2       com.google.common.cache.LocalCache::nullifyAccessOrder (19 bytes)
Event: 14.975 Thread 0x000001a63683f000 nmethod 10367 0x000001a626afb810 code [0x000001a626afb980, 0x000001a626afbb40]
Event: 14.975 Thread 0x000001a63683f000 10368   !   2       java.util.concurrent.ArrayBlockingQueue::offer (55 bytes)
Event: 14.975 Thread 0x000001a63683f000 nmethod 10368 0x000001a626afbc10 code [0x000001a626afbdc0, 0x000001a626afc100]
Event: 14.977 Thread 0x000001a63683f000 10369       2       org.gradle.cache.internal.btree.BTreePersistentIndexedCache$DataBlock::setValue (45 bytes)
Event: 14.977 Thread 0x000001a63683f000 nmethod 10369 0x000001a626afc450 code [0x000001a626afc600, 0x000001a626afca90]
Event: 14.977 Thread 0x000001a63683f000 10374       2       org.gradle.cache.internal.btree.CachingBlockStore::flush (63 bytes)
Event: 14.978 Thread 0x000001a63683f000 nmethod 10374 0x000001a626afce10 code [0x000001a626afcfe0, 0x000001a626afd2f0]
Event: 14.978 Thread 0x000001a63683f000 10371       2       org.gradle.internal.io.StreamByteBuffer$StreamByteBufferOutputStream::write (115 bytes)

GC Heap History (10 events):
Event: 10.244 GC heap before
{Heap before GC invocations=13 (full 2):
 PSYoungGen      total 156160K, used 105454K [0x00000000f5580000, 0x0000000100000000, 0x0000000100000000)
  eden space 141824K, 64% used [0x00000000f5580000,0x00000000fae7eb00,0x00000000fe000000)
  from space 14336K, 99% used [0x00000000ff200000,0x00000000ffffcef0,0x0000000100000000)
  to   space 16384K, 0% used [0x00000000fe000000,0x00000000fe000000,0x00000000ff000000)
 ParOldGen       total 175104K, used 17853K [0x00000000e0000000, 0x00000000eab00000, 0x00000000f5580000)
  object space 175104K, 10% used [0x00000000e0000000,0x00000000e116f788,0x00000000eab00000)
 Metaspace       used 54856K, capacity 59060K, committed 59096K, reserved 1099776K
  class space    used 8063K, capacity 8820K, committed 8832K, reserved 1048576K
Event: 10.254 GC heap after
Heap after GC invocations=13 (full 2):
 PSYoungGen      total 158208K, used 16355K [0x00000000f5580000, 0x0000000100000000, 0x0000000100000000)
  eden space 141824K, 0% used [0x00000000f5580000,0x00000000f5580000,0x00000000fe000000)
  from space 16384K, 99% used [0x00000000fe000000,0x00000000feff8f10,0x00000000ff000000)
  to   space 16384K, 0% used [0x00000000ff000000,0x00000000ff000000,0x0000000100000000)
 ParOldGen       total 175104K, used 23899K [0x00000000e0000000, 0x00000000eab00000, 0x00000000f5580000)
  object space 175104K, 13% used [0x00000000e0000000,0x00000000e1756cb0,0x00000000eab00000)
 Metaspace       used 54856K, capacity 59060K, committed 59096K, reserved 1099776K
  class space    used 8063K, capacity 8820K, committed 8832K, reserved 1048576K
}
Event: 10.254 GC heap before
{Heap before GC invocations=14 (full 3):
 PSYoungGen      total 158208K, used 16355K [0x00000000f5580000, 0x0000000100000000, 0x0000000100000000)
  eden space 141824K, 0% used [0x00000000f5580000,0x00000000f5580000,0x00000000fe000000)
  from space 16384K, 99% used [0x00000000fe000000,0x00000000feff8f10,0x00000000ff000000)
  to   space 16384K, 0% used [0x00000000ff000000,0x00000000ff000000,0x0000000100000000)
 ParOldGen       total 175104K, used 23899K [0x00000000e0000000, 0x00000000eab00000, 0x00000000f5580000)
  object space 175104K, 13% used [0x00000000e0000000,0x00000000e1756cb0,0x00000000eab00000)
 Metaspace       used 54856K, capacity 59060K, committed 59096K, reserved 1099776K
  class space    used 8063K, capacity 8820K, committed 8832K, reserved 1048576K
Event: 10.428 GC heap after
Heap after GC invocations=14 (full 3):
 PSYoungGen      total 158208K, used 0K [0x00000000f5580000, 0x0000000100000000, 0x0000000100000000)
  eden space 141824K, 0% used [0x00000000f5580000,0x00000000f5580000,0x00000000fe000000)
  from space 16384K, 0% used [0x00000000fe000000,0x00000000fe000000,0x00000000ff000000)
  to   space 16384K, 0% used [0x00000000ff000000,0x00000000ff000000,0x0000000100000000)
 ParOldGen       total 218112K, used 37168K [0x00000000e0000000, 0x00000000ed500000, 0x00000000f5580000)
  object space 218112K, 17% used [0x00000000e0000000,0x00000000e244c110,0x00000000ed500000)
 Metaspace       used 54711K, capacity 58622K, committed 59096K, reserved 1099776K
  class space    used 8017K, capacity 8725K, committed 8832K, reserved 1048576K
}
Event: 12.153 GC heap before
{Heap before GC invocations=15 (full 3):
 PSYoungGen      total 158208K, used 141824K [0x00000000f5580000, 0x0000000100000000, 0x0000000100000000)
  eden space 141824K, 100% used [0x00000000f5580000,0x00000000fe000000,0x00000000fe000000)
  from space 16384K, 0% used [0x00000000fe000000,0x00000000fe000000,0x00000000ff000000)
  to   space 16384K, 0% used [0x00000000ff000000,0x00000000ff000000,0x0000000100000000)
 ParOldGen       total 218112K, used 37168K [0x00000000e0000000, 0x00000000ed500000, 0x00000000f5580000)
  object space 218112K, 17% used [0x00000000e0000000,0x00000000e244c110,0x00000000ed500000)
 Metaspace       used 56506K, capacity 60572K, committed 60928K, reserved 1101824K
  class space    used 8115K, capacity 8858K, committed 8960K, reserved 1048576K
Event: 12.158 GC heap after
Heap after GC invocations=15 (full 3):
 PSYoungGen      total 151040K, used 7872K [0x00000000f5580000, 0x0000000100000000, 0x0000000100000000)
  eden space 134656K, 0% used [0x00000000f5580000,0x00000000f5580000,0x00000000fd900000)
  from space 16384K, 48% used [0x00000000ff000000,0x00000000ff7b0098,0x0000000100000000)
  to   space 19968K, 0% used [0x00000000fd900000,0x00000000fd900000,0x00000000fec80000)
 ParOldGen       total 218112K, used 37176K [0x00000000e0000000, 0x00000000ed500000, 0x00000000f5580000)
  object space 218112K, 17% used [0x00000000e0000000,0x00000000e244e110,0x00000000ed500000)
 Metaspace       used 56506K, capacity 60572K, committed 60928K, reserved 1101824K
  class space    used 8115K, capacity 8858K, committed 8960K, reserved 1048576K
}
Event: 13.595 GC heap before
{Heap before GC invocations=16 (full 3):
 PSYoungGen      total 151040K, used 142528K [0x00000000f5580000, 0x0000000100000000, 0x0000000100000000)
  eden space 134656K, 100% used [0x00000000f5580000,0x00000000fd900000,0x00000000fd900000)
  from space 16384K, 48% used [0x00000000ff000000,0x00000000ff7b0098,0x0000000100000000)
  to   space 19968K, 0% used [0x00000000fd900000,0x00000000fd900000,0x00000000fec80000)
 ParOldGen       total 218112K, used 37176K [0x00000000e0000000, 0x00000000ed500000, 0x00000000f5580000)
  object space 218112K, 17% used [0x00000000e0000000,0x00000000e244e110,0x00000000ed500000)
 Metaspace       used 61898K, capacity 66186K, committed 66432K, reserved 1105920K
  class space    used 8789K, capacity 9588K, committed 9600K, reserved 1048576K
Event: 13.609 GC heap after
Heap after GC invocations=16 (full 3):
 PSYoungGen      total 154624K, used 19947K [0x00000000f5580000, 0x0000000100000000, 0x0000000100000000)
  eden space 134656K, 0% used [0x00000000f5580000,0x00000000f5580000,0x00000000fd900000)
  from space 19968K, 99% used [0x00000000fd900000,0x00000000fec7ad78,0x00000000fec80000)
  to   space 19968K, 0% used [0x00000000fec80000,0x00000000fec80000,0x0000000100000000)
 ParOldGen       total 218112K, used 45804K [0x00000000e0000000, 0x00000000ed500000, 0x00000000f5580000)
  object space 218112K, 21% used [0x00000000e0000000,0x00000000e2cbb108,0x00000000ed500000)
 Metaspace       used 61898K, capacity 66186K, committed 66432K, reserved 1105920K
  class space    used 8789K, capacity 9588K, committed 9600K, reserved 1048576K
}
Event: 14.590 GC heap before
{Heap before GC invocations=17 (full 3):
 PSYoungGen      total 154624K, used 154603K [0x00000000f5580000, 0x0000000100000000, 0x0000000100000000)
  eden space 134656K, 100% used [0x00000000f5580000,0x00000000fd900000,0x00000000fd900000)
  from space 19968K, 99% used [0x00000000fd900000,0x00000000fec7ad78,0x00000000fec80000)
  to   space 19968K, 0% used [0x00000000fec80000,0x00000000fec80000,0x0000000100000000)
 ParOldGen       total 218112K, used 45804K [0x00000000e0000000, 0x00000000ed500000, 0x00000000f5580000)
  object space 218112K, 21% used [0x00000000e0000000,0x00000000e2cbb108,0x00000000ed500000)
 Metaspace       used 63911K, capacity 68276K, committed 68480K, reserved 1107968K
  class space    used 9005K, capacity 9776K, committed 9856K, reserved 1048576K
Event: 14.617 GC heap after
Heap after GC invocations=17 (full 3):
 PSYoungGen      total 124928K, used 19947K [0x00000000f5580000, 0x0000000100000000, 0x0000000100000000)
  eden space 104960K, 0% used [0x00000000f5580000,0x00000000f5580000,0x00000000fbc00000)
  from space 19968K, 99% used [0x00000000fec80000,0x00000000ffffaf30,0x0000000100000000)
  to   space 34816K, 0% used [0x00000000fbc00000,0x00000000fbc00000,0x00000000fde00000)
 ParOldGen       total 218112K, used 66326K [0x00000000e0000000, 0x00000000ed500000, 0x00000000f5580000)
  object space 218112K, 30% used [0x00000000e0000000,0x00000000e40c5880,0x00000000ed500000)
 Metaspace       used 63911K, capacity 68276K, committed 68480K, reserved 1107968K
  class space    used 9005K, capacity 9776K, committed 9856K, reserved 1048576K
}

Deoptimization events (10 events):
Event: 14.310 Thread 0x000001a64017b800 Uncommon trap: reason=speculate_class_check action=maybe_recompile pc=0x000001a6269665a0 method=com.sun.tools.javac.code.Type.hasTag(Lcom/sun/tools/javac/code/TypeTag;)Z @ 2
Event: 14.311 Thread 0x000001a64017b800 Uncommon trap: reason=class_check action=maybe_recompile pc=0x000001a626940f18 method=com.sun.tools.javac.util.ListBuffer.next()Ljava/lang/Object; @ 12
Event: 14.498 Thread 0x000001a64017b800 Uncommon trap: reason=class_check action=maybe_recompile pc=0x000001a626940f18 method=com.sun.tools.javac.util.ListBuffer.next()Ljava/lang/Object; @ 12
Event: 14.533 Thread 0x000001a63dbfd800 Uncommon trap: reason=unstable_if action=reinterpret pc=0x000001a625b06ef4 method=java.util.concurrent.ConcurrentHashMap.addCount(JI)V @ 110
Event: 14.533 Thread 0x000001a63dbfe800 Uncommon trap: reason=unstable_if action=reinterpret pc=0x000001a625b06ef4 method=java.util.concurrent.ConcurrentHashMap.addCount(JI)V @ 110
Event: 14.558 Thread 0x000001a63dbf7800 Uncommon trap: reason=bimorphic action=maybe_recompile pc=0x000001a6258a7c64 method=java.io.BufferedInputStream.read1([BII)I @ 39
Event: 14.564 Thread 0x000001a63dbf7800 Uncommon trap: reason=bimorphic action=maybe_recompile pc=0x000001a6258a7c64 method=java.io.BufferedInputStream.read1([BII)I @ 39
Event: 14.568 Thread 0x000001a63dbf7800 Uncommon trap: reason=bimorphic action=maybe_recompile pc=0x000001a6258a7c64 method=java.io.BufferedInputStream.read1([BII)I @ 39
Event: 14.956 Thread 0x000001a64017b800 Uncommon trap: reason=unstable_if action=reinterpret pc=0x000001a626a81ad4 method=com.google.common.collect.HashBiMap.seekByValue(Ljava/lang/Object;I)Lcom/google/common/collect/HashBiMap$BiEntry; @ 21
Event: 14.967 Thread 0x000001a63ca16000 Uncommon trap: reason=bimorphic action=maybe_recompile pc=0x000001a62520b674 method=java.io.DataOutputStream.writeShort(I)V @ 12

Classes redefined (0 events):
No events

Internal exceptions (10 events):
Event: 10.175 Thread 0x000001a64017b800 Exception <a 'java/lang/IncompatibleClassChangeError': Found class java.lang.Object, but interface was expected> (0x00000000fa863668) thrown at [C:\jenkins\workspace\8-2-build-windows-amd64-cygwin\jdk8u321\2141\hotspot\src\share\vm\interpreter\linkResolve
Event: 10.500 Thread 0x000001a64017b800 Implicit null exception at 0x000001a625e74fde to 0x000001a625e75c75
Event: 10.566 Thread 0x000001a64017b800 Implicit null exception at 0x000001a625f12e01 to 0x000001a625f13bcd
Event: 11.588 Thread 0x000001a64017b800 Implicit null exception at 0x000001a626262f6c to 0x000001a626262fb5
Event: 12.520 Thread 0x000001a64017b800 Exception <a 'java/lang/NoSuchMethodError': java.lang.Object.lambda$comparingByKey$bbdbfea9$1(Ljava/util/Map$Entry;Ljava/util/Map$Entry;)I> (0x00000000f87b5850) thrown at [C:\jenkins\workspace\8-2-build-windows-amd64-cygwin\jdk8u321\2141\hotspot\src\share
Event: 13.386 Thread 0x000001a64017b800 Exception <a 'java/io/FileNotFoundException'> (0x00000000fb356040) thrown at [C:\jenkins\workspace\8-2-build-windows-amd64-cygwin\jdk8u321\2141\hotspot\src\share\vm\prims\jni.cpp, line 710]
Event: 13.390 Thread 0x000001a64017b800 Exception <a 'java/io/FileNotFoundException'> (0x00000000fb3af008) thrown at [C:\jenkins\workspace\8-2-build-windows-amd64-cygwin\jdk8u321\2141\hotspot\src\share\vm\prims\jni.cpp, line 710]
Event: 13.612 Thread 0x000001a64017b800 Implicit null exception at 0x000001a6265c77a5 to 0x000001a6265c7e61
Event: 14.024 Thread 0x000001a64017b800 Implicit null exception at 0x000001a626836e71 to 0x000001a62683722d
Event: 14.029 Thread 0x000001a64017b800 Implicit null exception at 0x000001a62660ffca to 0x000001a6266130b9

Events (10 events):
Event: 14.964 loading class org/gradle/internal/operations/BuildOperationContext done
Event: 14.964 loading class org/gradle/internal/execution/steps/CaptureStateAfterExecutionStep
Event: 14.964 loading class org/gradle/internal/execution/steps/CaptureStateAfterExecutionStep done
Event: 14.964 loading class org/gradle/internal/execution/steps/CaptureStateAfterExecutionStep$Operation$Details
Event: 14.964 loading class org/gradle/internal/execution/steps/CaptureStateAfterExecutionStep$Operation$Details done
Event: 14.964 loading class org/gradle/internal/execution/steps/CaptureStateAfterExecutionStep$Operation$Details$1
Event: 14.964 loading class org/gradle/internal/execution/steps/CaptureStateAfterExecutionStep$Operation$Details$1 done
Event: 14.967 Thread 0x000001a63ca16000 Uncommon trap: trap_request=0xffffffc6 fr.pc=0x000001a62520b674
Event: 14.967 Thread 0x000001a63ca16000 DEOPT PACKING pc=0x000001a62520b674 sp=0x0000003523dfe660
Event: 14.967 Thread 0x000001a63ca16000 DEOPT UNPACKING pc=0x000001a624c558c3 sp=0x0000003523dfe690 mode 2


Dynamic libraries:
0x00007ff6d8ad0000 - 0x00007ff6d8b17000 	C:\Program Files\Java\jdk1.8.0_321\bin\java.exe
0x00007ffe3b790000 - 0x00007ffe3b987000 	C:\WINDOWS\SYSTEM32\ntdll.dll
0x00007ffe3a8e0000 - 0x00007ffe3a99d000 	C:\WINDOWS\System32\KERNEL32.DLL
0x00007ffe39150000 - 0x00007ffe3941d000 	C:\WINDOWS\System32\KERNELBASE.dll
0x00007ffe3a760000 - 0x00007ffe3a80e000 	C:\WINDOWS\System32\ADVAPI32.dll
0x00007ffe3b0c0000 - 0x00007ffe3b15e000 	C:\WINDOWS\System32\msvcrt.dll
0x00007ffe3aa70000 - 0x00007ffe3ab0c000 	C:\WINDOWS\System32\sechost.dll
0x00007ffe3a2a0000 - 0x00007ffe3a3c5000 	C:\WINDOWS\System32\RPCRT4.dll
0x00007ffe3b250000 - 0x00007ffe3b3f0000 	C:\WINDOWS\System32\USER32.dll
0x00007ffe39720000 - 0x00007ffe39742000 	C:\WINDOWS\System32\win32u.dll
0x00007ffe3a730000 - 0x00007ffe3a75a000 	C:\WINDOWS\System32\GDI32.dll
0x00007ffe38eb0000 - 0x00007ffe38fbb000 	C:\WINDOWS\System32\gdi32full.dll
0x00007ffe39750000 - 0x00007ffe397ed000 	C:\WINDOWS\System32\msvcp_win.dll
0x00007ffe39050000 - 0x00007ffe39150000 	C:\WINDOWS\System32\ucrtbase.dll
0x00007ffe23670000 - 0x00007ffe2390a000 	C:\WINDOWS\WinSxS\amd64_microsoft.windows.common-controls_6595b64144ccf1df_6.0.19041.1110_none_60b5254171f9507e\COMCTL32.dll
0x00007ffe3a700000 - 0x00007ffe3a730000 	C:\WINDOWS\System32\IMM32.DLL
0x00007ffe31200000 - 0x00007ffe31215000 	C:\Program Files\Java\jdk1.8.0_321\jre\bin\vcruntime140.dll
0x00007ffde2d10000 - 0x00007ffde2dab000 	C:\Program Files\Java\jdk1.8.0_321\jre\bin\msvcp140.dll
0x000000006b690000 - 0x000000006bef1000 	C:\Program Files\Java\jdk1.8.0_321\jre\bin\server\jvm.dll
0x00007ffe3b0b0000 - 0x00007ffe3b0b8000 	C:\WINDOWS\System32\PSAPI.DLL
0x00007ffe214c0000 - 0x00007ffe214c9000 	C:\WINDOWS\SYSTEM32\WSOCK32.dll
0x00007ffe31150000 - 0x00007ffe3115a000 	C:\WINDOWS\SYSTEM32\VERSION.dll
0x00007ffe23bb0000 - 0x00007ffe23bd7000 	C:\WINDOWS\SYSTEM32\WINMM.dll
0x00007ffe3a810000 - 0x00007ffe3a87b000 	C:\WINDOWS\System32\WS2_32.dll
0x00007ffe37740000 - 0x00007ffe37752000 	C:\WINDOWS\SYSTEM32\kernel.appcore.dll
0x00007ffe30da0000 - 0x00007ffe30db0000 	C:\Program Files\Java\jdk1.8.0_321\jre\bin\verify.dll
0x00007ffe00020000 - 0x00007ffe0004b000 	C:\Program Files\Java\jdk1.8.0_321\jre\bin\java.dll
0x00007ffe30100000 - 0x00007ffe30118000 	C:\Program Files\Java\jdk1.8.0_321\jre\bin\zip.dll
0x00007ffe39a40000 - 0x00007ffe3a184000 	C:\WINDOWS\System32\SHELL32.dll
0x00007ffe36f90000 - 0x00007ffe37724000 	C:\WINDOWS\SYSTEM32\windows.storage.dll
0x00007ffe3b3f0000 - 0x00007ffe3b744000 	C:\WINDOWS\System32\combase.dll
0x00007ffe38910000 - 0x00007ffe3893c000 	C:\WINDOWS\SYSTEM32\Wldp.dll
0x00007ffe398e0000 - 0x00007ffe3998d000 	C:\WINDOWS\System32\SHCORE.dll
0x00007ffe3a240000 - 0x00007ffe3a295000 	C:\WINDOWS\System32\shlwapi.dll
0x00007ffe38df0000 - 0x00007ffe38e0f000 	C:\WINDOWS\SYSTEM32\profapi.dll
0x00007ffe21720000 - 0x00007ffe2173c000 	C:\Program Files\Java\jdk1.8.0_321\jre\bin\net.dll
0x00007ffe38670000 - 0x00007ffe386da000 	C:\WINDOWS\system32\mswsock.dll
0x00007ffe19e80000 - 0x00007ffe19e93000 	C:\Program Files\Java\jdk1.8.0_321\jre\bin\nio.dll
0x00007ffe01c20000 - 0x00007ffe01c47000 	C:\Users\jaebin2\.gradle\native\e1d6ef7f7dcc3fd88c89a11ec53ec762bb8ba0a96d01ffa2cd45eb1d1d8dd5c5\windows-amd64\native-platform.dll
0x00007ffde2960000 - 0x00007ffde2aa4000 	C:\Users\jaebin2\.gradle\native\0d407fdbe67a94daf76414ababcb853783967236a71b16ec16e742cd7a986fd3\windows-amd64\native-platform-file-events.dll
0x00007ffe22160000 - 0x00007ffe2216d000 	C:\Program Files\Java\jdk1.8.0_321\jre\bin\management.dll
0x00007ffe38860000 - 0x00007ffe38878000 	C:\WINDOWS\SYSTEM32\CRYPTSP.dll
0x00007ffe37f80000 - 0x00007ffe37fb4000 	C:\WINDOWS\system32\rsaenh.dll
0x00007ffe39420000 - 0x00007ffe39447000 	C:\WINDOWS\System32\bcrypt.dll
0x00007ffe38db0000 - 0x00007ffe38dde000 	C:\WINDOWS\SYSTEM32\USERENV.dll
0x00007ffe38fc0000 - 0x00007ffe39042000 	C:\WINDOWS\System32\bcryptprimitives.dll
0x00007ffe38880000 - 0x00007ffe3888c000 	C:\WINDOWS\SYSTEM32\CRYPTBASE.dll
0x00007ffe38310000 - 0x00007ffe3834b000 	C:\WINDOWS\SYSTEM32\IPHLPAPI.DLL
0x00007ffe3b240000 - 0x00007ffe3b248000 	C:\WINDOWS\System32\NSI.dll
0x00007ffe311e0000 - 0x00007ffe311f7000 	C:\WINDOWS\SYSTEM32\dhcpcsvc6.DLL
0x00007ffe302c0000 - 0x00007ffe302dd000 	C:\WINDOWS\SYSTEM32\dhcpcsvc.DLL
0x00007ffe38360000 - 0x00007ffe3842b000 	C:\WINDOWS\SYSTEM32\DNSAPI.dll
0x00007ffe36cb0000 - 0x00007ffe36e94000 	C:\WINDOWS\SYSTEM32\dbghelp.dll

VM Arguments:
jvm_args: -Dfile.encoding=UTF-8 -Dsun.jnu.encoding=UTF-8 -XX:MaxMetaspaceSize=256m -XX:+HeapDumpOnOutOfMemoryError -Xms256m -Xmx512m -Dfile.encoding=UTF-8 -Duser.country=KR -Duser.language=ko -Duser.variant 
java_command: org.gradle.launcher.daemon.bootstrap.GradleDaemon 7.4.1
java_class_path (initial): C:\Users\jaebin2\.gradle\wrapper\dists\gradle-7.4.1-bin\58kw26xllvsiedyf3nujyarhn\gradle-7.4.1\lib\gradle-launcher-7.4.1.jar
Launcher Type: SUN_STANDARD

Environment Variables:
JAVA_HOME=C:\Program Files\Java\jdk1.8.0_321
JAVA_TOOL_OPTIONS=-Dfile.encoding=UTF-8 -Dsun.jnu.encoding=UTF-8
PATH=C:\Users\jaebin2\Desktop\Douzone_2th\oracle_client;C:\Users\jaebin2\Desktop\WINDOWS.X64_193000_db_home\bin;C:\Program Files\Java\jdk1.8.0_321\bin;C:\Program Files\Git\cmd;C:\Program Files (x86)\NetSarang\Xshell 6\;C:\Program Files (x86)\NetSarang\Xftp 6\;C:\Program Files\MySQL\MySQL Server 8.0\bin;C:\Program Files (x86)\Yarn\bin\;C:\Python38\Scripts\;C:\Python38\;C:\Program Files (x86)\NAT Service;C:\WINDOWS\system32;C:\WINDOWS;C:\WINDOWS\System32\Wbem;C:\WINDOWS\System32\WindowsPowerShell\v1.0\;C:\WINDOWS\System32\OpenSSH\;C:\Program Files (x86)\NVIDIA Corporation\PhysX\Common;C:\ProgramData\chocolatey\bin;C:\Program Files (x86)\Brackets\command;C:\WINDOWS\system32;C:\WINDOWS;C:\WINDOWS\System32\Wbem;C:\WINDOWS\System32\WindowsPowerShell\v1.0\;C:\WINDOWS\System32\OpenSSH\;C:\Program Files (x86)\PuTTY\;C:\Program Files\nodejs\;C:\Users\jaebin2\AppData\Local\Android\Sdk\tools;C:\Users\jaebin2\AppData\Local\Android\Sdk\platform-tools;C:\Program Files\NVIDIA Corporation\NVIDIA NvDLISR;C:\Users\jaebin2\Desktop\apache-tomcat-9.0.59-windows-x64\apache-tomcat-9.0.59\bin;C:\Program Files\MySQL\MySQL Shell 8.0\bin\;C:\Users\jaebin2\AppData\Local\Microsoft\WindowsApps;C:\Users\jaebin2\AppData\Local\Programs\Microsoft VS Code\bin;C:\Users\jaebin2\AppData\Local\Yarn\bin;C:\Users\jaebin2\AppData\Roaming\npm\node_modules\yarn\bin;C:\Users\jaebin2\AppData\Roaming\npm;C:\Program Files\Java\jdk1.8.0_321\bin;
USERNAME=jaebin2
OS=Windows_NT
PROCESSOR_IDENTIFIER=Intel64 Family 6 Model 158 Stepping 10, GenuineIntel



---------------  S Y S T E M  ---------------

OS: Windows 10 , 64 bit Build 19041 (10.0.19041.1741)

CPU:total 8 (initial active 8) (4 cores per cpu, 2 threads per core) family 6 model 158 stepping 10, cmov, cx8, fxsr, mmx, sse, sse2, sse3, ssse3, sse4.1, sse4.2, popcnt, avx, avx2, aes, clmul, erms, 3dnowpref, lzcnt, ht, tsc, tscinvbit, bmi1, bmi2, adx

Memory: 4k page, physical 16648404k(3105256k free), swap 16648404k(4912k free)

vm_info: Java HotSpot(TM) 64-Bit Server VM (25.321-b07) for windows-amd64 JRE (1.8.0_321-b07), built on Dec 15 2021 11:19:20 by "java_re" with MS VC++ 15.9 (VS2017)

time: Tue Jun 28 10:09:37 2022
timezone: 대한민국 표준시
elapsed time: 15.038672 seconds (0d 0h 0m 15s)

