#
# There is insufficient memory for the Java Runtime Environment to continue.
# Native memory allocation (malloc) failed to allocate 83376 bytes for Chunk::new
# Possible reasons:
#   The system is out of physical RAM or swap space
#   The process is running with CompressedOops enabled, and the Java Heap may be blocking the growth of the native heap
# Possible solutions:
#   Reduce memory load on the system
#   Increase physical memory or swap space
#   Check if swap backing store is full
#   Decrease Java heap size (-Xmx/-Xms)
#   Decrease number of Java threads
#   Decrease Java thread stack sizes (-Xss)
#   Set larger code cache with -XX:ReservedCodeCacheSize=
#   JVM is running with Unscaled Compressed Oops mode in which the Java heap is
#     placed in the first 4GB address space. The Java Heap base address is the
#     maximum limit for the native heap growth. Please use -XX:HeapBaseMinAddress
#     to set the Java Heap base and to place the Java Heap above 4GB virtual address.
# This output file may be truncated or incomplete.
#
#  Out of Memory Error (./src/hotspot/share/memory/arena.cpp:197), pid=17204, tid=2216
#
# JRE version: OpenJDK Runtime Environment JBR-11.0.13.7-1751.25-jcef (11.0.13+7) (build 11.0.13+7-b1751.25)
# Java VM: OpenJDK 64-Bit Server VM JBR-11.0.13.7-1751.25-jcef (11.0.13+7-b1751.25, mixed mode, tiered, compressed oops, g1 gc, windows-amd64)
# No core dump will be written. Minidumps are not enabled by default on client versions of Windows
#

---------------  S U M M A R Y ------------

Command Line: -Dfile.encoding=UTF-8 -Dsun.jnu.encoding=UTF-8 -Djava.net.preferIPv4Stack=true -Djava.rmi.server.hostname=127.0.0.1 -Duser.timezone=UTC -Xmx750m -Xms128m -Dfile.encoding=UTF-8 com.intellij.database.remote.RemoteJdbcServer com.mysql.cj.jdbc.Driver

Host: Intel(R) Core(TM) i5-8300H CPU @ 2.30GHz, 8 cores, 15G,  Windows 10 , 64 bit Build 19041 (10.0.19041.1741)
Time: Mon Jul  4 20:40:53 2022 대한민국 표준시 elapsed time: 1.595191 seconds (0d 0h 0m 1s)

---------------  T H R E A D  ---------------

Current thread (0x0000017cc9fc3000):  JavaThread "C2 CompilerThread2" daemon [_thread_in_native, id=2216, stack(0x0000006caf800000,0x0000006caf900000)]


Current CompileTask:
C2:   1595  774       4       java.lang.invoke.MethodType$ConcurrentWeakInternSet::get (54 bytes)

Stack: [0x0000006caf800000,0x0000006caf900000]
Native frames: (J=compiled Java code, j=interpreted, Vv=VM code, C=native code)
V  [jvm.dll+0x613daa]
V  [jvm.dll+0x799b30]
V  [jvm.dll+0x79b14d]
V  [jvm.dll+0x79b823]
V  [jvm.dll+0x24c958]
V  [jvm.dll+0xc14dc]
V  [jvm.dll+0xc1a0c]
V  [jvm.dll+0x2c1f94]
V  [jvm.dll+0x5265ab]
V  [jvm.dll+0x20ccc3]
V  [jvm.dll+0x206770]
V  [jvm.dll+0x203e92]
V  [jvm.dll+0x18b2a1]
V  [jvm.dll+0x212c3b]
V  [jvm.dll+0x211491]
V  [jvm.dll+0x760b9f]
V  [jvm.dll+0x759755]
V  [jvm.dll+0x612a16]
C  [ucrtbase.dll+0x21bb2]
C  [KERNEL32.DLL+0x17034]
C  [ntdll.dll+0x52651]


---------------  P R O C E S S  ---------------

Threads class SMR info:
_java_thread_list=0x0000017cca8e1240, length=20, elements={
0x0000017cb172d000, 0x0000017cc9531800, 0x0000017cc953b000, 0x0000017cc9589800,
0x0000017cc958a800, 0x0000017cc958c000, 0x0000017cc958f000, 0x0000017cc959e000,
0x0000017cc95b1000, 0x0000017cc9709000, 0x0000017cc97b0000, 0x0000017cc9aa4800,
0x0000017cc9a93000, 0x0000017cc9a94000, 0x0000017cc9ac2000, 0x0000017cc9b19000,
0x0000017cc9fc3000, 0x0000017cc9e40000, 0x0000017cca9ef800, 0x0000017cca8cb000
}

Java Threads: ( => current thread )
  0x0000017cb172d000 JavaThread "main" [_thread_blocked, id=21488, stack(0x0000006cae100000,0x0000006cae200000)]
  0x0000017cc9531800 JavaThread "Reference Handler" daemon [_thread_blocked, id=21392, stack(0x0000006cae800000,0x0000006cae900000)]
  0x0000017cc953b000 JavaThread "Finalizer" daemon [_thread_blocked, id=17316, stack(0x0000006cae900000,0x0000006caea00000)]
  0x0000017cc9589800 JavaThread "Signal Dispatcher" daemon [_thread_blocked, id=11768, stack(0x0000006caea00000,0x0000006caeb00000)]
  0x0000017cc958a800 JavaThread "Attach Listener" daemon [_thread_blocked, id=18224, stack(0x0000006caeb00000,0x0000006caec00000)]
  0x0000017cc958c000 JavaThread "Service Thread" daemon [_thread_blocked, id=20748, stack(0x0000006caec00000,0x0000006caed00000)]
  0x0000017cc958f000 JavaThread "C2 CompilerThread0" daemon [_thread_in_native, id=18896, stack(0x0000006caed00000,0x0000006caee00000)]
  0x0000017cc959e000 JavaThread "C1 CompilerThread0" daemon [_thread_blocked, id=15072, stack(0x0000006caee00000,0x0000006caef00000)]
  0x0000017cc95b1000 JavaThread "Sweeper thread" daemon [_thread_blocked, id=18268, stack(0x0000006caef00000,0x0000006caf000000)]
  0x0000017cc9709000 JavaThread "Common-Cleaner" daemon [_thread_blocked, id=9960, stack(0x0000006caf100000,0x0000006caf200000)]
  0x0000017cc97b0000 JavaThread "mysql-cj-abandoned-connection-cleanup" daemon [_thread_blocked, id=17948, stack(0x0000006caf200000,0x0000006caf300000)]
  0x0000017cc9aa4800 JavaThread "RMI TCP Accept-23542" daemon [_thread_in_native, id=16212, stack(0x0000006caf300000,0x0000006caf400000)]
  0x0000017cc9a93000 JavaThread "RMI TCP Accept-0" daemon [_thread_in_native, id=3388, stack(0x0000006caf400000,0x0000006caf500000)]
  0x0000017cc9a94000 JavaThread "RMI Reaper" [_thread_blocked, id=15572, stack(0x0000006caf500000,0x0000006caf600000)]
  0x0000017cc9ac2000 JavaThread "RMI GC Daemon" daemon [_thread_blocked, id=17680, stack(0x0000006caf600000,0x0000006caf700000)]
  0x0000017cc9b19000 JavaThread "C2 CompilerThread1" daemon [_thread_in_native, id=13784, stack(0x0000006caf700000,0x0000006caf800000)]
=>0x0000017cc9fc3000 JavaThread "C2 CompilerThread2" daemon [_thread_in_native, id=2216, stack(0x0000006caf800000,0x0000006caf900000)]
  0x0000017cc9e40000 JavaThread "RMI TCP Connection(1)-127.0.0.1" daemon [_thread_in_native, id=12004, stack(0x0000006caf900000,0x0000006cafa00000)]
  0x0000017cca9ef800 JavaThread "RMI TCP Connection(2)-127.0.0.1" daemon [_thread_blocked, id=18772, stack(0x0000006cafa00000,0x0000006cafb00000)]
  0x0000017cca8cb000 JavaThread "RMI Scheduler(0)" daemon [_thread_blocked, id=18120, stack(0x0000006cafb00000,0x0000006cafc00000)]

Other Threads:
  0x0000017cc8cee000 VMThread "VM Thread" [stack: 0x0000006cae700000,0x0000006cae800000] [id=20852]
  0x0000017cc9708800 WatcherThread [stack: 0x0000006caf000000,0x0000006caf100000] [id=18688]
  0x0000017cb1744000 GCTaskThread "GC Thread#0" [stack: 0x0000006cae200000,0x0000006cae300000] [id=17696]
  0x0000017cca779000 GCTaskThread "GC Thread#1" [stack: 0x0000006cafc00000,0x0000006cafd00000] [id=19412]
  0x0000017cc9dde000 GCTaskThread "GC Thread#2" [stack: 0x0000006cafd00000,0x0000006cafe00000] [id=88]
  0x0000017cc9c15800 GCTaskThread "GC Thread#3" [stack: 0x0000006cafe00000,0x0000006caff00000] [id=21160]
  0x0000017cb175d000 ConcurrentGCThread "G1 Main Marker" [stack: 0x0000006cae300000,0x0000006cae400000] [id=11704]
  0x0000017cb175e800 ConcurrentGCThread "G1 Conc#0" [stack: 0x0000006cae400000,0x0000006cae500000] [id=11012]
  0x0000017cc8b51800 ConcurrentGCThread "G1 Refine#0" [stack: 0x0000006cae500000,0x0000006cae600000] [id=19220]
  0x0000017cc8b53800 ConcurrentGCThread "G1 Young RemSet Sampling" [stack: 0x0000006cae600000,0x0000006cae700000] [id=3440]

Threads with active compile tasks:
C2 CompilerThread0   1629  773       4       java.lang.invoke.MethodType::makeImpl (108 bytes)
C1 CompilerThread0   1629  868       3       java.lang.String::regionMatches (150 bytes)
C2 CompilerThread1   1629  848       4       java.util.concurrent.ConcurrentHashMap::get (162 bytes)
C2 CompilerThread2   1629  774       4       java.lang.invoke.MethodType$ConcurrentWeakInternSet::get (54 bytes)

VM state:at safepoint (normal execution)

VM Mutex/Monitor currently owned by a thread:  ([mutex/lock_event])
[0x0000017cb172a2b0] Threads_lock - owner thread: 0x0000017cc8cee000
[0x0000017cb172a580] Heap_lock - owner thread: 0x0000017cca9ef800

Heap address: 0x00000000d1200000, size: 750 MB, Compressed Oops mode: 32-bit
Narrow klass base: 0x0000000000000000, Narrow klass shift: 3
Compressed class space size: 1073741824 Address: 0x0000000100000000

Heap:
 garbage-first heap   total 131072K, used 14304K [0x00000000d1200000, 0x0000000100000000)
  region size 1024K, 17 young (17408K), 3 survivors (3072K)
 Metaspace       used 11111K, capacity 11589K, committed 11648K, reserved 1064960K
  class space    used 1160K, capacity 1375K, committed 1408K, reserved 1048576K
Heap Regions: E=young(eden), S=young(survivor), O=old, HS=humongous(starts), HC=humongous(continues), CS=collection set, F=free, A=archive, TAMS=top-at-mark-start (previous, next)
|   0|0x00000000d1200000, 0x00000000d1200000, 0x00000000d1300000|  0%| F|  |TAMS 0x00000000d1200000, 0x00000000d1200000| Untracked 
|   1|0x00000000d1300000, 0x00000000d1300000, 0x00000000d1400000|  0%| F|  |TAMS 0x00000000d1300000, 0x00000000d1300000| Untracked 
|   2|0x00000000d1400000, 0x00000000d1400000, 0x00000000d1500000|  0%| F|  |TAMS 0x00000000d1400000, 0x00000000d1400000| Untracked 
|   3|0x00000000d1500000, 0x00000000d1500000, 0x00000000d1600000|  0%| F|  |TAMS 0x00000000d1500000, 0x00000000d1500000| Untracked 
|   4|0x00000000d1600000, 0x00000000d1600000, 0x00000000d1700000|  0%| F|  |TAMS 0x00000000d1600000, 0x00000000d1600000| Untracked 
|   5|0x00000000d1700000, 0x00000000d1700000, 0x00000000d1800000|  0%| F|  |TAMS 0x00000000d1700000, 0x00000000d1700000| Untracked 
|   6|0x00000000d1800000, 0x00000000d1800000, 0x00000000d1900000|  0%| F|  |TAMS 0x00000000d1800000, 0x00000000d1800000| Untracked 
|   7|0x00000000d1900000, 0x00000000d1900000, 0x00000000d1a00000|  0%| F|  |TAMS 0x00000000d1900000, 0x00000000d1900000| Untracked 
|   8|0x00000000d1a00000, 0x00000000d1a00000, 0x00000000d1b00000|  0%| F|  |TAMS 0x00000000d1a00000, 0x00000000d1a00000| Untracked 
|   9|0x00000000d1b00000, 0x00000000d1b00000, 0x00000000d1c00000|  0%| F|  |TAMS 0x00000000d1b00000, 0x00000000d1b00000| Untracked 
|  10|0x00000000d1c00000, 0x00000000d1c00000, 0x00000000d1d00000|  0%| F|  |TAMS 0x00000000d1c00000, 0x00000000d1c00000| Untracked 
|  11|0x00000000d1d00000, 0x00000000d1d00000, 0x00000000d1e00000|  0%| F|  |TAMS 0x00000000d1d00000, 0x00000000d1d00000| Untracked 
|  12|0x00000000d1e00000, 0x00000000d1e00000, 0x00000000d1f00000|  0%| F|  |TAMS 0x00000000d1e00000, 0x00000000d1e00000| Untracked 
|  13|0x00000000d1f00000, 0x00000000d1f00000, 0x00000000d2000000|  0%| F|  |TAMS 0x00000000d1f00000, 0x00000000d1f00000| Untracked 
|  14|0x00000000d2000000, 0x00000000d2000000, 0x00000000d2100000|  0%| F|  |TAMS 0x00000000d2000000, 0x00000000d2000000| Untracked 
|  15|0x00000000d2100000, 0x00000000d2100000, 0x00000000d2200000|  0%| F|  |TAMS 0x00000000d2100000, 0x00000000d2100000| Untracked 
|  16|0x00000000d2200000, 0x00000000d2200000, 0x00000000d2300000|  0%| F|  |TAMS 0x00000000d2200000, 0x00000000d2200000| Untracked 
|  17|0x00000000d2300000, 0x00000000d2300000, 0x00000000d2400000|  0%| F|  |TAMS 0x00000000d2300000, 0x00000000d2300000| Untracked 
|  18|0x00000000d2400000, 0x00000000d2400000, 0x00000000d2500000|  0%| F|  |TAMS 0x00000000d2400000, 0x00000000d2400000| Untracked 
|  19|0x00000000d2500000, 0x00000000d2500000, 0x00000000d2600000|  0%| F|  |TAMS 0x00000000d2500000, 0x00000000d2500000| Untracked 
|  20|0x00000000d2600000, 0x00000000d2600000, 0x00000000d2700000|  0%| F|  |TAMS 0x00000000d2600000, 0x00000000d2600000| Untracked 
|  21|0x00000000d2700000, 0x00000000d2700000, 0x00000000d2800000|  0%| F|  |TAMS 0x00000000d2700000, 0x00000000d2700000| Untracked 
|  22|0x00000000d2800000, 0x00000000d2800000, 0x00000000d2900000|  0%| F|  |TAMS 0x00000000d2800000, 0x00000000d2800000| Untracked 
|  23|0x00000000d2900000, 0x00000000d2900000, 0x00000000d2a00000|  0%| F|  |TAMS 0x00000000d2900000, 0x00000000d2900000| Untracked 
|  24|0x00000000d2a00000, 0x00000000d2a00000, 0x00000000d2b00000|  0%| F|  |TAMS 0x00000000d2a00000, 0x00000000d2a00000| Untracked 
|  25|0x00000000d2b00000, 0x00000000d2b00000, 0x00000000d2c00000|  0%| F|  |TAMS 0x00000000d2b00000, 0x00000000d2b00000| Untracked 
|  26|0x00000000d2c00000, 0x00000000d2c00000, 0x00000000d2d00000|  0%| F|  |TAMS 0x00000000d2c00000, 0x00000000d2c00000| Untracked 
|  27|0x00000000d2d00000, 0x00000000d2d00000, 0x00000000d2e00000|  0%| F|  |TAMS 0x00000000d2d00000, 0x00000000d2d00000| Untracked 
|  28|0x00000000d2e00000, 0x00000000d2e00000, 0x00000000d2f00000|  0%| F|  |TAMS 0x00000000d2e00000, 0x00000000d2e00000| Untracked 
|  29|0x00000000d2f00000, 0x00000000d2f00000, 0x00000000d3000000|  0%| F|  |TAMS 0x00000000d2f00000, 0x00000000d2f00000| Untracked 
|  30|0x00000000d3000000, 0x00000000d3000000, 0x00000000d3100000|  0%| F|  |TAMS 0x00000000d3000000, 0x00000000d3000000| Untracked 
|  31|0x00000000d3100000, 0x00000000d3100000, 0x00000000d3200000|  0%| F|  |TAMS 0x00000000d3100000, 0x00000000d3100000| Untracked 
|  32|0x00000000d3200000, 0x00000000d3200000, 0x00000000d3300000|  0%| F|  |TAMS 0x00000000d3200000, 0x00000000d3200000| Untracked 
|  33|0x00000000d3300000, 0x00000000d3300000, 0x00000000d3400000|  0%| F|  |TAMS 0x00000000d3300000, 0x00000000d3300000| Untracked 
|  34|0x00000000d3400000, 0x00000000d3400000, 0x00000000d3500000|  0%| F|  |TAMS 0x00000000d3400000, 0x00000000d3400000| Untracked 
|  35|0x00000000d3500000, 0x00000000d3500000, 0x00000000d3600000|  0%| F|  |TAMS 0x00000000d3500000, 0x00000000d3500000| Untracked 
|  36|0x00000000d3600000, 0x00000000d3600000, 0x00000000d3700000|  0%| F|  |TAMS 0x00000000d3600000, 0x00000000d3600000| Untracked 
|  37|0x00000000d3700000, 0x00000000d3700000, 0x00000000d3800000|  0%| F|  |TAMS 0x00000000d3700000, 0x00000000d3700000| Untracked 
|  38|0x00000000d3800000, 0x00000000d3800000, 0x00000000d3900000|  0%| F|  |TAMS 0x00000000d3800000, 0x00000000d3800000| Untracked 
|  39|0x00000000d3900000, 0x00000000d3900000, 0x00000000d3a00000|  0%| F|  |TAMS 0x00000000d3900000, 0x00000000d3900000| Untracked 
|  40|0x00000000d3a00000, 0x00000000d3a00000, 0x00000000d3b00000|  0%| F|  |TAMS 0x00000000d3a00000, 0x00000000d3a00000| Untracked 
|  41|0x00000000d3b00000, 0x00000000d3b00000, 0x00000000d3c00000|  0%| F|  |TAMS 0x00000000d3b00000, 0x00000000d3b00000| Untracked 
|  42|0x00000000d3c00000, 0x00000000d3c00000, 0x00000000d3d00000|  0%| F|  |TAMS 0x00000000d3c00000, 0x00000000d3c00000| Untracked 
|  43|0x00000000d3d00000, 0x00000000d3d00000, 0x00000000d3e00000|  0%| F|  |TAMS 0x00000000d3d00000, 0x00000000d3d00000| Untracked 
|  44|0x00000000d3e00000, 0x00000000d3e00000, 0x00000000d3f00000|  0%| F|  |TAMS 0x00000000d3e00000, 0x00000000d3e00000| Untracked 
|  45|0x00000000d3f00000, 0x00000000d3f00000, 0x00000000d4000000|  0%| F|  |TAMS 0x00000000d3f00000, 0x00000000d3f00000| Untracked 
|  46|0x00000000d4000000, 0x00000000d4000000, 0x00000000d4100000|  0%| F|  |TAMS 0x00000000d4000000, 0x00000000d4000000| Untracked 
|  47|0x00000000d4100000, 0x00000000d4100000, 0x00000000d4200000|  0%| F|  |TAMS 0x00000000d4100000, 0x00000000d4100000| Untracked 
|  48|0x00000000d4200000, 0x00000000d4200000, 0x00000000d4300000|  0%| F|  |TAMS 0x00000000d4200000, 0x00000000d4200000| Untracked 
|  49|0x00000000d4300000, 0x00000000d4300000, 0x00000000d4400000|  0%| F|  |TAMS 0x00000000d4300000, 0x00000000d4300000| Untracked 
|  50|0x00000000d4400000, 0x00000000d4400000, 0x00000000d4500000|  0%| F|  |TAMS 0x00000000d4400000, 0x00000000d4400000| Untracked 
|  51|0x00000000d4500000, 0x00000000d4500000, 0x00000000d4600000|  0%| F|  |TAMS 0x00000000d4500000, 0x00000000d4500000| Untracked 
|  52|0x00000000d4600000, 0x00000000d4600000, 0x00000000d4700000|  0%| F|  |TAMS 0x00000000d4600000, 0x00000000d4600000| Untracked 
|  53|0x00000000d4700000, 0x00000000d4700000, 0x00000000d4800000|  0%| F|  |TAMS 0x00000000d4700000, 0x00000000d4700000| Untracked 
|  54|0x00000000d4800000, 0x00000000d4800000, 0x00000000d4900000|  0%| F|  |TAMS 0x00000000d4800000, 0x00000000d4800000| Untracked 
|  55|0x00000000d4900000, 0x00000000d4900000, 0x00000000d4a00000|  0%| F|  |TAMS 0x00000000d4900000, 0x00000000d4900000| Untracked 
|  56|0x00000000d4a00000, 0x00000000d4a00000, 0x00000000d4b00000|  0%| F|  |TAMS 0x00000000d4a00000, 0x00000000d4a00000| Untracked 
|  57|0x00000000d4b00000, 0x00000000d4b00000, 0x00000000d4c00000|  0%| F|  |TAMS 0x00000000d4b00000, 0x00000000d4b00000| Untracked 
|  58|0x00000000d4c00000, 0x00000000d4c00000, 0x00000000d4d00000|  0%| F|  |TAMS 0x00000000d4c00000, 0x00000000d4c00000| Untracked 
|  59|0x00000000d4d00000, 0x00000000d4d00000, 0x00000000d4e00000|  0%| F|  |TAMS 0x00000000d4d00000, 0x00000000d4d00000| Untracked 
|  60|0x00000000d4e00000, 0x00000000d4e00000, 0x00000000d4f00000|  0%| F|  |TAMS 0x00000000d4e00000, 0x00000000d4e00000| Untracked 
|  61|0x00000000d4f00000, 0x00000000d4f00000, 0x00000000d5000000|  0%| F|  |TAMS 0x00000000d4f00000, 0x00000000d4f00000| Untracked 
|  62|0x00000000d5000000, 0x00000000d5000000, 0x00000000d5100000|  0%| F|  |TAMS 0x00000000d5000000, 0x00000000d5000000| Untracked 
|  63|0x00000000d5100000, 0x00000000d5100000, 0x00000000d5200000|  0%| F|  |TAMS 0x00000000d5100000, 0x00000000d5100000| Untracked 
|  64|0x00000000d5200000, 0x00000000d5200000, 0x00000000d5300000|  0%| F|  |TAMS 0x00000000d5200000, 0x00000000d5200000| Untracked 
|  65|0x00000000d5300000, 0x00000000d5300000, 0x00000000d5400000|  0%| F|  |TAMS 0x00000000d5300000, 0x00000000d5300000| Untracked 
|  66|0x00000000d5400000, 0x00000000d5400000, 0x00000000d5500000|  0%| F|  |TAMS 0x00000000d5400000, 0x00000000d5400000| Untracked 
|  67|0x00000000d5500000, 0x00000000d5500000, 0x00000000d5600000|  0%| F|  |TAMS 0x00000000d5500000, 0x00000000d5500000| Untracked 
|  68|0x00000000d5600000, 0x00000000d5600000, 0x00000000d5700000|  0%| F|  |TAMS 0x00000000d5600000, 0x00000000d5600000| Untracked 
|  69|0x00000000d5700000, 0x00000000d5700000, 0x00000000d5800000|  0%| F|  |TAMS 0x00000000d5700000, 0x00000000d5700000| Untracked 
|  70|0x00000000d5800000, 0x00000000d5800000, 0x00000000d5900000|  0%| F|  |TAMS 0x00000000d5800000, 0x00000000d5800000| Untracked 
|  71|0x00000000d5900000, 0x00000000d5900000, 0x00000000d5a00000|  0%| F|  |TAMS 0x00000000d5900000, 0x00000000d5900000| Untracked 
|  72|0x00000000d5a00000, 0x00000000d5a00000, 0x00000000d5b00000|  0%| F|  |TAMS 0x00000000d5a00000, 0x00000000d5a00000| Untracked 
|  73|0x00000000d5b00000, 0x00000000d5b00000, 0x00000000d5c00000|  0%| F|  |TAMS 0x00000000d5b00000, 0x00000000d5b00000| Untracked 
|  74|0x00000000d5c00000, 0x00000000d5c00000, 0x00000000d5d00000|  0%| F|  |TAMS 0x00000000d5c00000, 0x00000000d5c00000| Untracked 
|  75|0x00000000d5d00000, 0x00000000d5d00000, 0x00000000d5e00000|  0%| F|  |TAMS 0x00000000d5d00000, 0x00000000d5d00000| Untracked 
|  76|0x00000000d5e00000, 0x00000000d5e00000, 0x00000000d5f00000|  0%| F|  |TAMS 0x00000000d5e00000, 0x00000000d5e00000| Untracked 
|  77|0x00000000d5f00000, 0x00000000d5f00000, 0x00000000d6000000|  0%| F|  |TAMS 0x00000000d5f00000, 0x00000000d5f00000| Untracked 
|  78|0x00000000d6000000, 0x00000000d6000000, 0x00000000d6100000|  0%| F|  |TAMS 0x00000000d6000000, 0x00000000d6000000| Untracked 
|  79|0x00000000d6100000, 0x00000000d6100000, 0x00000000d6200000|  0%| F|  |TAMS 0x00000000d6100000, 0x00000000d6100000| Untracked 
|  80|0x00000000d6200000, 0x00000000d6200000, 0x00000000d6300000|  0%| F|  |TAMS 0x00000000d6200000, 0x00000000d6200000| Untracked 
|  81|0x00000000d6300000, 0x00000000d6300000, 0x00000000d6400000|  0%| F|  |TAMS 0x00000000d6300000, 0x00000000d6300000| Untracked 
|  82|0x00000000d6400000, 0x00000000d6400000, 0x00000000d6500000|  0%| F|  |TAMS 0x00000000d6400000, 0x00000000d6400000| Untracked 
|  83|0x00000000d6500000, 0x00000000d6500000, 0x00000000d6600000|  0%| F|  |TAMS 0x00000000d6500000, 0x00000000d6500000| Untracked 
|  84|0x00000000d6600000, 0x00000000d6600000, 0x00000000d6700000|  0%| F|  |TAMS 0x00000000d6600000, 0x00000000d6600000| Untracked 
|  85|0x00000000d6700000, 0x00000000d6700000, 0x00000000d6800000|  0%| F|  |TAMS 0x00000000d6700000, 0x00000000d6700000| Untracked 
|  86|0x00000000d6800000, 0x00000000d6800000, 0x00000000d6900000|  0%| F|  |TAMS 0x00000000d6800000, 0x00000000d6800000| Untracked 
|  87|0x00000000d6900000, 0x00000000d6900000, 0x00000000d6a00000|  0%| F|  |TAMS 0x00000000d6900000, 0x00000000d6900000| Untracked 
|  88|0x00000000d6a00000, 0x00000000d6a00000, 0x00000000d6b00000|  0%| F|  |TAMS 0x00000000d6a00000, 0x00000000d6a00000| Untracked 
|  89|0x00000000d6b00000, 0x00000000d6b00000, 0x00000000d6c00000|  0%| F|  |TAMS 0x00000000d6b00000, 0x00000000d6b00000| Untracked 
|  90|0x00000000d6c00000, 0x00000000d6c00000, 0x00000000d6d00000|  0%| F|  |TAMS 0x00000000d6c00000, 0x00000000d6c00000| Untracked 
|  91|0x00000000d6d00000, 0x00000000d6d00000, 0x00000000d6e00000|  0%| F|  |TAMS 0x00000000d6d00000, 0x00000000d6d00000| Untracked 
|  92|0x00000000d6e00000, 0x00000000d6e00000, 0x00000000d6f00000|  0%| F|  |TAMS 0x00000000d6e00000, 0x00000000d6e00000| Untracked 
|  93|0x00000000d6f00000, 0x00000000d6f00000, 0x00000000d7000000|  0%| F|  |TAMS 0x00000000d6f00000, 0x00000000d6f00000| Untracked 
|  94|0x00000000d7000000, 0x00000000d7000000, 0x00000000d7100000|  0%| F|  |TAMS 0x00000000d7000000, 0x00000000d7000000| Untracked 
|  95|0x00000000d7100000, 0x00000000d7100000, 0x00000000d7200000|  0%| F|  |TAMS 0x00000000d7100000, 0x00000000d7100000| Untracked 
|  96|0x00000000d7200000, 0x00000000d7200000, 0x00000000d7300000|  0%| F|  |TAMS 0x00000000d7200000, 0x00000000d7200000| Untracked 
|  97|0x00000000d7300000, 0x00000000d7300000, 0x00000000d7400000|  0%| F|  |TAMS 0x00000000d7300000, 0x00000000d7300000| Untracked 
|  98|0x00000000d7400000, 0x00000000d7400000, 0x00000000d7500000|  0%| F|  |TAMS 0x00000000d7400000, 0x00000000d7400000| Untracked 
|  99|0x00000000d7500000, 0x00000000d7500000, 0x00000000d7600000|  0%| F|  |TAMS 0x00000000d7500000, 0x00000000d7500000| Untracked 
| 100|0x00000000d7600000, 0x00000000d7600000, 0x00000000d7700000|  0%| F|  |TAMS 0x00000000d7600000, 0x00000000d7600000| Untracked 
| 101|0x00000000d7700000, 0x00000000d7700000, 0x00000000d7800000|  0%| F|  |TAMS 0x00000000d7700000, 0x00000000d7700000| Untracked 
| 102|0x00000000d7800000, 0x00000000d7800000, 0x00000000d7900000|  0%| F|  |TAMS 0x00000000d7800000, 0x00000000d7800000| Untracked 
| 103|0x00000000d7900000, 0x00000000d7900000, 0x00000000d7a00000|  0%| F|  |TAMS 0x00000000d7900000, 0x00000000d7900000| Untracked 
| 104|0x00000000d7a00000, 0x00000000d7a00000, 0x00000000d7b00000|  0%| F|  |TAMS 0x00000000d7a00000, 0x00000000d7a00000| Untracked 
| 105|0x00000000d7b00000, 0x00000000d7b00000, 0x00000000d7c00000|  0%| F|  |TAMS 0x00000000d7b00000, 0x00000000d7b00000| Untracked 
| 106|0x00000000d7c00000, 0x00000000d7c00000, 0x00000000d7d00000|  0%| F|  |TAMS 0x00000000d7c00000, 0x00000000d7c00000| Untracked 
| 107|0x00000000d7d00000, 0x00000000d7d00000, 0x00000000d7e00000|  0%| F|  |TAMS 0x00000000d7d00000, 0x00000000d7d00000| Untracked 
| 108|0x00000000d7e00000, 0x00000000d7e00000, 0x00000000d7f00000|  0%| F|  |TAMS 0x00000000d7e00000, 0x00000000d7e00000| Untracked 
| 109|0x00000000d7f00000, 0x00000000d7f00000, 0x00000000d8000000|  0%| F|  |TAMS 0x00000000d7f00000, 0x00000000d7f00000| Untracked 
| 110|0x00000000d8000000, 0x00000000d8000000, 0x00000000d8100000|  0%| F|  |TAMS 0x00000000d8000000, 0x00000000d8000000| Untracked 
| 111|0x00000000d8100000, 0x00000000d8200000, 0x00000000d8200000|100%| S|CS|TAMS 0x00000000d8100000, 0x00000000d8100000| Complete 
| 112|0x00000000d8200000, 0x00000000d8300000, 0x00000000d8300000|100%| S|CS|TAMS 0x00000000d8200000, 0x00000000d8200000| Complete 
| 113|0x00000000d8300000, 0x00000000d8400000, 0x00000000d8400000|100%| S|CS|TAMS 0x00000000d8300000, 0x00000000d8300000| Complete 
| 114|0x00000000d8400000, 0x00000000d8400000, 0x00000000d8500000|  0%| F|  |TAMS 0x00000000d8400000, 0x00000000d8400000| Untracked 
| 115|0x00000000d8500000, 0x00000000d8500000, 0x00000000d8600000|  0%| F|  |TAMS 0x00000000d8500000, 0x00000000d8500000| Untracked 
| 116|0x00000000d8600000, 0x00000000d8600000, 0x00000000d8700000|  0%| F|  |TAMS 0x00000000d8600000, 0x00000000d8600000| Untracked 
| 117|0x00000000d8700000, 0x00000000d8700000, 0x00000000d8800000|  0%| F|  |TAMS 0x00000000d8700000, 0x00000000d8700000| Untracked 
| 118|0x00000000d8800000, 0x00000000d8800000, 0x00000000d8900000|  0%| F|  |TAMS 0x00000000d8800000, 0x00000000d8800000| Untracked 
| 119|0x00000000d8900000, 0x00000000d8900000, 0x00000000d8a00000|  0%| F|  |TAMS 0x00000000d8900000, 0x00000000d8900000| Untracked 
| 120|0x00000000d8a00000, 0x00000000d8a00000, 0x00000000d8b00000|  0%| F|  |TAMS 0x00000000d8a00000, 0x00000000d8a00000| Untracked 
| 121|0x00000000d8b00000, 0x00000000d8b00000, 0x00000000d8c00000|  0%| F|  |TAMS 0x00000000d8b00000, 0x00000000d8b00000| Untracked 
| 122|0x00000000d8c00000, 0x00000000d8c00000, 0x00000000d8d00000|  0%| F|  |TAMS 0x00000000d8c00000, 0x00000000d8c00000| Untracked 
| 123|0x00000000d8d00000, 0x00000000d8d00000, 0x00000000d8e00000|  0%| F|  |TAMS 0x00000000d8d00000, 0x00000000d8d00000| Untracked 
| 124|0x00000000d8e00000, 0x00000000d8e00000, 0x00000000d8f00000|  0%| F|  |TAMS 0x00000000d8e00000, 0x00000000d8e00000| Untracked 
| 125|0x00000000d8f00000, 0x00000000d8f00000, 0x00000000d9000000|  0%| F|  |TAMS 0x00000000d8f00000, 0x00000000d8f00000| Untracked 
| 126|0x00000000d9000000, 0x00000000d9000000, 0x00000000d9100000|  0%| F|  |TAMS 0x00000000d9000000, 0x00000000d9000000| Untracked 
| 127|0x00000000d9100000, 0x00000000d9100000, 0x00000000d9200000|  0%| F|  |TAMS 0x00000000d9100000, 0x00000000d9100000| Untracked 

Card table byte_map: [0x0000017cc4830000,0x0000017cc49b0000] _byte_map_base: 0x0000017cc41a7000

Marking Bits (Prev, Next): (CMBitMap*) 0x0000017cb1758608, (CMBitMap*) 0x0000017cb1758640
 Prev Bits: [0x0000017cc4b30000, 0x0000017cc56e8000)
 Next Bits: [0x0000017cc56f0000, 0x0000017cc62a8000)

Polling page: 0x0000017caf730000

Metaspace:

Usage:
  Non-class:      9.97 MB capacity,     9.72 MB ( 97%) used,   219.81 KB (  2%) free+waste,    43.06 KB ( <1%) overhead. 
      Class:      1.34 MB capacity,     1.13 MB ( 84%) used,   192.02 KB ( 14%) free+waste,    22.50 KB (  2%) overhead. 
       Both:     11.32 MB capacity,    10.85 MB ( 96%) used,   411.84 KB (  4%) free+waste,    65.56 KB ( <1%) overhead. 

Virtual space:
  Non-class space:       18.00 MB reserved,      10.00 MB ( 56%) committed 
      Class space:        1.00 GB reserved,       1.38 MB ( <1%) committed 
             Both:        1.02 GB reserved,      11.38 MB (  1%) committed 

Chunk freelists:
   Non-Class:  26.00 KB
       Class:  1.00 KB
        Both:  27.00 KB

MaxMetaspaceSize: 17179869184.00 GB
CompressedClassSpaceSize: 1.00 GB
Initial GC threshold: 20.80 MB
Current GC threshold: 21.12 MB
CDS: off

CodeHeap 'non-profiled nmethods': size=120000Kb used=318Kb max_used=318Kb free=119681Kb
 bounds [0x0000017cbce50000, 0x0000017cbd0c0000, 0x0000017cc4380000]
CodeHeap 'profiled nmethods': size=120000Kb used=1365Kb max_used=1365Kb free=118634Kb
 bounds [0x0000017cb5920000, 0x0000017cb5b90000, 0x0000017cbce50000]
CodeHeap 'non-nmethods': size=5760Kb used=1168Kb max_used=1193Kb free=4591Kb
 bounds [0x0000017cb5380000, 0x0000017cb55f0000, 0x0000017cb5920000]
 total_blobs=1295 nmethods=863 adapters=345
 compilation: enabled
              stopped_count=0, restarted_count=0
 full_count=0

Compilation events (20 events):
Event: 1.575 Thread 0x0000017cc9fc3000  794       4       jdk.internal.reflect.ClassFileAssembler::emitByte (11 bytes)
Event: 1.575 Thread 0x0000017cc959e000  798       3       java.lang.invoke.MethodTypeForm::cachedLambdaForm (44 bytes)
Event: 1.575 Thread 0x0000017cc959e000 nmethod 798 0x0000017cb5a52190 code [0x0000017cb5a52360, 0x0000017cb5a526a8]
Event: 1.576 Thread 0x0000017cc959e000  799       3       java.lang.invoke.LambdaFormBuffer::growNames (281 bytes)
Event: 1.576 Thread 0x0000017cc9fc3000 nmethod 794 0x0000017cbce93310 code [0x0000017cbce934c0, 0x0000017cbce935e8]
Event: 1.576 Thread 0x0000017cc9fc3000  795       4       jdk.internal.reflect.ByteVectorImpl::add (38 bytes)
Event: 1.577 Thread 0x0000017cc959e000 nmethod 799 0x0000017cb5a52790 code [0x0000017cb5a52a40, 0x0000017cb5a53a98]
Event: 1.577 Thread 0x0000017cc959e000  800       3       java.lang.invoke.InvokerBytecodeGenerator::<init> (108 bytes)
Event: 1.578 Thread 0x0000017cc9fc3000 nmethod 795 0x0000017cbce93790 code [0x0000017cbce93940, 0x0000017cbce93a28]
Event: 1.578 Thread 0x0000017cc959e000 nmethod 800 0x0000017cb5a54010 code [0x0000017cb5a54280, 0x0000017cb5a54d98]
Event: 1.578 Thread 0x0000017cc9fc3000  775       4       java.lang.invoke.MemberName::isInvocable (7 bytes)
Event: 1.578 Thread 0x0000017cc959e000  801       3       jdk.internal.org.objectweb.asm.MethodWriter::visitCode (1 bytes)
Event: 1.578 Thread 0x0000017cc959e000 nmethod 801 0x0000017cb5a55110 code [0x0000017cb5a552c0, 0x0000017cb5a553b8]
Event: 1.578 Thread 0x0000017cc959e000  802       3       jdk.internal.org.objectweb.asm.MethodWriter::getSize (838 bytes)
Event: 1.579 Thread 0x0000017cc9fc3000 nmethod 775 0x0000017cbce93b10 code [0x0000017cbce93ca0, 0x0000017cbce93d18]
Event: 1.579 Thread 0x0000017cc9fc3000  796       4       java.lang.String::<init> (15 bytes)
Event: 1.580 Thread 0x0000017cc9fc3000 nmethod 796 0x0000017cbce93e10 code [0x0000017cbce93fa0, 0x0000017cbce940d8]
Event: 1.580 Thread 0x0000017cc9fc3000  774       4       java.lang.invoke.MethodType$ConcurrentWeakInternSet::get (54 bytes)
Event: 1.583 Thread 0x0000017cc959e000 nmethod 802 0x0000017cb5a55490 code [0x0000017cb5a55940, 0x0000017cb5a57828]
Event: 1.583 Thread 0x0000017cc959e000  803       3       jdk.internal.org.objectweb.asm.MethodWriter::put (1602 bytes)

GC Heap History (0 events):
No events

Deoptimization events (0 events):
No events

Classes redefined (0 events):
No events

Internal exceptions (20 events):
Event: 0.224 Thread 0x0000017cb172d000 Exception <a 'java/lang/NoSuchMethodError'{0x00000000d8dc70e0}: 'java.lang.Object java.lang.invoke.DirectMethodHandle$Holder.invokeStaticInit(java.lang.Object, int, int, int, int)'> (0x00000000d8dc70e0) thrown at [./src/hotspot/share/interpreter/linkResolver.cpp, line 773]
Event: 1.399 Thread 0x0000017cb172d000 Exception <a 'java/lang/NoSuchMethodError'{0x00000000d8c52398}: 'java.lang.Object java.lang.invoke.DirectMethodHandle$Holder.invokeStaticInit(java.lang.Object, java.lang.Object, int, int, int, int)'> (0x00000000d8c52398) thrown at [./src/hotspot/share/interpreter/linkResolver.cpp, line 773]
Event: 1.461 Thread 0x0000017cb172d000 Exception <a 'java/lang/NoSuchMethodError'{0x00000000d8a7f0e0}: 'java.lang.Object java.lang.invoke.DirectMethodHandle$Holder.invokeStatic(java.lang.Object, java.lang.Object, java.lang.Object, java.lang.Object, java.lang.Object, java.lang.Object, java.lang.Object, java.lang.Object, java.lang.Object, java.lang.Object, java.lang.Object, java.lang.Object, java.lang.Object, int)'> (0x00000000d8a7f0e0) thrown at [./src/hotspot/share/interpreter/linkResolver.cpp, line 773]
Event: 1.462 Thread 0x0000017cb172d000 Exception <a 'java/lang/NoSuchMethodError'{0x00000000d8a8b620}: 'java.lang.Object java.lang.invoke.DirectMethodHandle$Holder.invokeStatic(java.lang.Object, java.lang.Object, java.lang.Object, java.lang.Object, java.lang.Object, java.lang.Object, java.lang.Object, java.lang.Object, java.lang.Object, java.lang.Object, java.lang.Object, java.lang.Object, java.lang.Object, int, int)'> (0x00000000d8a8b620) thrown at [./src/hotspot/share/interpreter/linkResolver.cpp, line 773]
Event: 1.463 Thread 0x0000017cb172d000 Exception <a 'java/lang/NoSuchMethodError'{0x00000000d8a97d90}: 'java.lang.Object java.lang.invoke.DirectMethodHandle$Holder.invokeStatic(java.lang.Object, java.lang.Object, java.lang.Object, java.lang.Object, java.lang.Object, java.lang.Object, java.lang.Object, java.lang.Object, java.lang.Object, java.lang.Object, java.lang.Object, java.lang.Object, java.lang.Object, int, int, java.lang.Object)'> (0x00000000d8a97d90) thrown at [./src/hotspot/share/interpreter/linkResolver.cpp, line 773]
Event: 1.474 Thread 0x0000017cb172d000 Exception <a 'java/lang/NoSuchMethodError'{0x00000000d8aff778}: 'java.lang.Object java.lang.invoke.DirectMethodHandle$Holder.invokeStatic(java.lang.Object, java.lang.Object, java.lang.Object, java.lang.Object, java.lang.Object, java.lang.Object, java.lang.Object, java.lang.Object, java.lang.Object, java.lang.Object, java.lang.Object, java.lang.Object, java.lang.Object, java.lang.Object, java.lang.Object)'> (0x00000000d8aff778) thrown at [./src/hotspot/share/interpreter/linkResolver.cpp, line 773]
Event: 1.476 Thread 0x0000017cb172d000 Exception <a 'java/lang/NoSuchMethodError'{0x00000000d890dbb8}: 'java.lang.Object java.lang.invoke.DirectMethodHandle$Holder.invokeStatic(java.lang.Object, java.lang.Object, java.lang.Object, java.lang.Object, java.lang.Object, java.lang.Object, java.lang.Object, java.lang.Object, java.lang.Object, java.lang.Object, java.lang.Object, java.lang.Object, java.lang.Object, java.lang.Object, java.lang.Object, java.lang.Object)'> (0x00000000d890dbb8) thrown at [./src/hotspot/share/interpreter/linkResolver.cpp, l
Event: 1.478 Thread 0x0000017cb172d000 Exception <a 'java/lang/NoSuchMethodError'{0x00000000d891b8e8}: 'java.lang.Object java.lang.invoke.DirectMethodHandle$Holder.invokeSpecial(java.lang.Object, java.lang.Object, int, int, java.lang.Object, java.lang.Object, java.lang.Object)'> (0x00000000d891b8e8) thrown at [./src/hotspot/share/interpreter/linkResolver.cpp, line 773]
Event: 1.478 Thread 0x0000017cb172d000 Exception <a 'java/lang/NoSuchMethodError'{0x00000000d891ee78}: 'java.lang.Object java.lang.invoke.DelegatingMethodHandle$Holder.reinvoke_L(java.lang.Object, int, int, java.lang.Object, java.lang.Object, java.lang.Object)'> (0x00000000d891ee78) thrown at [./src/hotspot/share/interpreter/linkResolver.cpp, line 773]
Event: 1.479 Thread 0x0000017cb172d000 Exception <a 'java/lang/NoSuchMethodError'{0x00000000d892d090}: 'java.lang.Object java.lang.invoke.DirectMethodHandle$Holder.invokeStatic(java.lang.Object, java.lang.Object, java.lang.Object, java.lang.Object, java.lang.Object, java.lang.Object, int)'> (0x00000000d892d090) thrown at [./src/hotspot/share/interpreter/linkResolver.cpp, line 773]
Event: 1.497 Thread 0x0000017cb172d000 Exception <a 'java/lang/NoSuchMethodError'{0x00000000d8801ea0}: 'java.lang.Object java.lang.invoke.DirectMethodHandle$Holder.invokeSpecial(java.lang.Object, java.lang.Object, int, int, java.lang.Object, int, java.lang.Object, java.lang.Object)'> (0x00000000d8801ea0) thrown at [./src/hotspot/share/interpreter/linkResolver.cpp, line 773]
Event: 1.497 Thread 0x0000017cb172d000 Exception <a 'java/lang/NoSuchMethodError'{0x00000000d88054e0}: 'java.lang.Object java.lang.invoke.DelegatingMethodHandle$Holder.reinvoke_L(java.lang.Object, int, int, java.lang.Object, int, java.lang.Object, java.lang.Object)'> (0x00000000d88054e0) thrown at [./src/hotspot/share/interpreter/linkResolver.cpp, line 773]
Event: 1.500 Thread 0x0000017cb172d000 Exception <a 'java/lang/NoSuchMethodError'{0x00000000d882f7d8}: 'java.lang.Object java.lang.invoke.DirectMethodHandle$Holder.invokeStatic(java.lang.Object, java.lang.Object, java.lang.Object, java.lang.Object, java.lang.Object, java.lang.Object, java.lang.Object, java.lang.Object, int)'> (0x00000000d882f7d8) thrown at [./src/hotspot/share/interpreter/linkResolver.cpp, line 773]
Event: 1.502 Thread 0x0000017cb172d000 Exception <a 'java/lang/NoSuchMethodError'{0x00000000d8849d10}: 'java.lang.Object java.lang.invoke.DirectMethodHandle$Holder.invokeStatic(java.lang.Object, java.lang.Object, java.lang.Object, java.lang.Object, java.lang.Object, java.lang.Object, java.lang.Object, java.lang.Object, int, int)'> (0x00000000d8849d10) thrown at [./src/hotspot/share/interpreter/linkResolver.cpp, line 773]
Event: 1.504 Thread 0x0000017cb172d000 Exception <a 'java/lang/NoSuchMethodError'{0x00000000d8865268}: 'java.lang.Object java.lang.invoke.DirectMethodHandle$Holder.invokeStatic(java.lang.Object, java.lang.Object, java.lang.Object, java.lang.Object, java.lang.Object, java.lang.Object, java.lang.Object, java.lang.Object, int, int, java.lang.Object)'> (0x00000000d8865268) thrown at [./src/hotspot/share/interpreter/linkResolver.cpp, line 773]
Event: 1.506 Thread 0x0000017cb172d000 Exception <a 'java/lang/NoSuchMethodError'{0x00000000d8882188}: 'java.lang.Object java.lang.invoke.DirectMethodHandle$Holder.invokeStatic(java.lang.Object, java.lang.Object, java.lang.Object, java.lang.Object, java.lang.Object, java.lang.Object, java.lang.Object, java.lang.Object, int, int, java.lang.Object, java.lang.Object)'> (0x00000000d8882188) thrown at [./src/hotspot/share/interpreter/linkResolver.cpp, line 773]
Event: 1.525 Thread 0x0000017cb172d000 Exception <a 'java/lang/NoSuchMethodError'{0x00000000d8706808}: 'java.lang.Object java.lang.invoke.DirectMethodHandle$Holder.invokeStatic(java.lang.Object, java.lang.Object, java.lang.Object, java.lang.Object, int)'> (0x00000000d8706808) thrown at [./src/hotspot/share/interpreter/linkResolver.cpp, line 773]
Event: 1.544 Thread 0x0000017cb172d000 Exception <a 'java/lang/NoSuchMethodError'{0x00000000d87ca5e8}: 'java.lang.Object java.lang.invoke.DelegatingMethodHandle$Holder.reinvoke_L(java.lang.Object, java.lang.Object, long)'> (0x00000000d87ca5e8) thrown at [./src/hotspot/share/interpreter/linkResolver.cpp, line 773]
Event: 1.544 Thread 0x0000017cb172d000 Exception <a 'java/lang/NoSuchMethodError'{0x00000000d87cd7d8}: 'java.lang.Object java.lang.invoke.Invokers$Holder.linkToTargetMethod(java.lang.Object, long, java.lang.Object)'> (0x00000000d87cd7d8) thrown at [./src/hotspot/share/interpreter/linkResolver.cpp, line 773]
Event: 1.554 Thread 0x0000017cc9e40000 Exception <a 'java/lang/NoSuchMethodError'{0x00000000d8648f20}: 'java.lang.Object java.lang.invoke.DelegatingMethodHandle$Holder.reinvoke_L(java.lang.Object, int, java.lang.Object)'> (0x00000000d8648f20) thrown at [./src/hotspot/share/interpreter/linkResolver.cpp, line 773]

Events (20 events):
Event: 1.579 loading class jdk/internal/misc/JavaIOFilePermissionAccess
Event: 1.579 loading class jdk/internal/misc/JavaIOFilePermissionAccess done
Event: 1.579 loading class java/io/FilePermission$1 done
Event: 1.579 Executing VM operation: RevokeBias
Event: 1.579 loading class java/math/BigInteger done
Event: 1.580 Executing VM operation: RevokeBias done
Event: 1.580 Executing VM operation: RevokeBias
Event: 1.580 Executing VM operation: RevokeBias done
Event: 1.580 loading class sun/util/logging/internal/LoggingProviderImpl$JULWrapper
Event: 1.581 loading class sun/util/logging/internal/LoggingProviderImpl$JULWrapper done
Event: 1.581 loading class java/io/ObjectStreamClass$ExceptionInfo
Event: 1.581 loading class java/io/ObjectStreamClass$ExceptionInfo done
Event: 1.581 Executing VM operation: RevokeBias
Event: 1.581 Executing VM operation: RevokeBias done
Event: 1.583 loading class java/io/ObjectInputStream$FieldValues
Event: 1.583 loading class java/io/ObjectInputStream$FieldValues done
Event: 1.584 loading class java/rmi/dgc/Lease
Event: 1.585 loading class java/rmi/dgc/Lease done
Event: 1.585 loading class java/rmi/dgc/VMID
Event: 1.585 loading class java/rmi/dgc/VMID done


Dynamic libraries:
0x00007ff604000000 - 0x00007ff60400a000 	C:\Program Files\JetBrains\IntelliJ IDEA 2020.1.2\jbr\bin\java.exe
0x00007ff8f84f0000 - 0x00007ff8f86e7000 	C:\WINDOWS\SYSTEM32\ntdll.dll
0x00007ff8f6eb0000 - 0x00007ff8f6f6d000 	C:\WINDOWS\System32\KERNEL32.DLL
0x00007ff8f60d0000 - 0x00007ff8f639d000 	C:\WINDOWS\System32\KERNELBASE.dll
0x00007ff8f5cb0000 - 0x00007ff8f5db0000 	C:\WINDOWS\System32\ucrtbase.dll
0x00007ff8ef090000 - 0x00007ff8ef0a9000 	C:\Program Files\JetBrains\IntelliJ IDEA 2020.1.2\jbr\bin\jli.dll
0x00007ff8db890000 - 0x00007ff8db8a7000 	C:\Program Files\JetBrains\IntelliJ IDEA 2020.1.2\jbr\bin\VCRUNTIME140.dll
0x00007ff8f6f70000 - 0x00007ff8f7110000 	C:\WINDOWS\System32\USER32.dll
0x00007ff8f6460000 - 0x00007ff8f6482000 	C:\WINDOWS\System32\win32u.dll
0x00007ff8f6e80000 - 0x00007ff8f6eaa000 	C:\WINDOWS\System32\GDI32.dll
0x00007ff8debf0000 - 0x00007ff8dee8a000 	C:\WINDOWS\WinSxS\amd64_microsoft.windows.common-controls_6595b64144ccf1df_6.0.19041.1110_none_60b5254171f9507e\COMCTL32.dll
0x00007ff8f5db0000 - 0x00007ff8f5ebb000 	C:\WINDOWS\System32\gdi32full.dll
0x00007ff8f5c10000 - 0x00007ff8f5cad000 	C:\WINDOWS\System32\msvcp_win.dll
0x00007ff8f7310000 - 0x00007ff8f73ae000 	C:\WINDOWS\System32\msvcrt.dll
0x00007ff8f6d80000 - 0x00007ff8f6db0000 	C:\WINDOWS\System32\IMM32.DLL
0x00007ff8acbd0000 - 0x00007ff8acc6d000 	C:\Program Files\JetBrains\IntelliJ IDEA 2020.1.2\jbr\bin\msvcp140.dll
0x00007ff8a4510000 - 0x00007ff8a5086000 	C:\Program Files\JetBrains\IntelliJ IDEA 2020.1.2\jbr\bin\server\jvm.dll
0x00007ff8f7600000 - 0x00007ff8f76ae000 	C:\WINDOWS\System32\ADVAPI32.dll
0x00007ff8f67b0000 - 0x00007ff8f684c000 	C:\WINDOWS\System32\sechost.dll
0x00007ff8f82a0000 - 0x00007ff8f83c5000 	C:\WINDOWS\System32\RPCRT4.dll
0x00007ff8f72a0000 - 0x00007ff8f72a8000 	C:\WINDOWS\System32\PSAPI.DLL
0x00007ff8dcf10000 - 0x00007ff8dcf19000 	C:\WINDOWS\SYSTEM32\WSOCK32.dll
0x00007ff8f7590000 - 0x00007ff8f75fb000 	C:\WINDOWS\System32\WS2_32.dll
0x00007ff8df040000 - 0x00007ff8df067000 	C:\WINDOWS\SYSTEM32\WINMM.dll
0x00007ff8ec0f0000 - 0x00007ff8ec0fa000 	C:\WINDOWS\SYSTEM32\VERSION.dll
0x00007ff8f44a0000 - 0x00007ff8f44b2000 	C:\WINDOWS\SYSTEM32\kernel.appcore.dll
0x00007ff8f04b0000 - 0x00007ff8f04c1000 	C:\Program Files\JetBrains\IntelliJ IDEA 2020.1.2\jbr\bin\verify.dll
0x00007ff8f38c0000 - 0x00007ff8f3aa4000 	C:\WINDOWS\SYSTEM32\DBGHELP.DLL
0x00007ff8d9080000 - 0x00007ff8d90ac000 	C:\WINDOWS\SYSTEM32\dbgcore.DLL
0x00007ff8f63a0000 - 0x00007ff8f6422000 	C:\WINDOWS\System32\bcryptPrimitives.dll
0x00007ff8f0480000 - 0x00007ff8f04a9000 	C:\Program Files\JetBrains\IntelliJ IDEA 2020.1.2\jbr\bin\java.dll
0x00007ff8f0f70000 - 0x00007ff8f0f7b000 	C:\Program Files\JetBrains\IntelliJ IDEA 2020.1.2\jbr\bin\jimage.dll
0x00007ff8f0460000 - 0x00007ff8f0478000 	C:\Program Files\JetBrains\IntelliJ IDEA 2020.1.2\jbr\bin\zip.dll
0x00007ff8f7790000 - 0x00007ff8f7ed4000 	C:\WINDOWS\System32\SHELL32.dll
0x00007ff8f3cf0000 - 0x00007ff8f4484000 	C:\WINDOWS\SYSTEM32\windows.storage.dll
0x00007ff8f7ee0000 - 0x00007ff8f8234000 	C:\WINDOWS\System32\combase.dll
0x00007ff8f5670000 - 0x00007ff8f569c000 	C:\WINDOWS\SYSTEM32\Wldp.dll
0x00007ff8f6700000 - 0x00007ff8f67ad000 	C:\WINDOWS\System32\SHCORE.dll
0x00007ff8f72b0000 - 0x00007ff8f7305000 	C:\WINDOWS\System32\shlwapi.dll
0x00007ff8f5b50000 - 0x00007ff8f5b6f000 	C:\WINDOWS\SYSTEM32\profapi.dll
0x00007ff8f0440000 - 0x00007ff8f045a000 	C:\Program Files\JetBrains\IntelliJ IDEA 2020.1.2\jbr\bin\net.dll
0x00007ff8e2fb0000 - 0x00007ff8e30ba000 	C:\WINDOWS\SYSTEM32\WINHTTP.dll
0x00007ff8f53d0000 - 0x00007ff8f543a000 	C:\WINDOWS\system32\mswsock.dll
0x00007ff8ef070000 - 0x00007ff8ef084000 	C:\Program Files\JetBrains\IntelliJ IDEA 2020.1.2\jbr\bin\nio.dll
0x00007ff8f55c0000 - 0x00007ff8f55d8000 	C:\WINDOWS\SYSTEM32\CRYPTSP.dll
0x00007ff8f4ce0000 - 0x00007ff8f4d14000 	C:\WINDOWS\system32\rsaenh.dll
0x00007ff8f6430000 - 0x00007ff8f6457000 	C:\WINDOWS\System32\bcrypt.dll
0x00007ff8f5b10000 - 0x00007ff8f5b3e000 	C:\WINDOWS\SYSTEM32\USERENV.dll
0x00007ff8f55e0000 - 0x00007ff8f55ec000 	C:\WINDOWS\SYSTEM32\CRYPTBASE.dll
0x00007ff8f5070000 - 0x00007ff8f50ab000 	C:\WINDOWS\SYSTEM32\IPHLPAPI.DLL
0x00007ff8f6ce0000 - 0x00007ff8f6ce8000 	C:\WINDOWS\System32\NSI.dll
0x00007ff8ecf10000 - 0x00007ff8ecf27000 	C:\WINDOWS\SYSTEM32\dhcpcsvc6.DLL
0x00007ff8ecef0000 - 0x00007ff8ecf0d000 	C:\WINDOWS\SYSTEM32\dhcpcsvc.DLL
0x00007ff8f50c0000 - 0x00007ff8f518b000 	C:\WINDOWS\SYSTEM32\DNSAPI.dll
0x00007ff8eea40000 - 0x00007ff8eea48000 	C:\Program Files\JetBrains\IntelliJ IDEA 2020.1.2\jbr\bin\rmi.dll

dbghelp: loaded successfully - version: 4.0.5 - missing functions: none
symbol engine: initialized successfully - sym options: 0x614 - pdb path: .;C:\Program Files\JetBrains\IntelliJ IDEA 2020.1.2\jbr\bin;C:\WINDOWS\SYSTEM32;C:\WINDOWS\WinSxS\amd64_microsoft.windows.common-controls_6595b64144ccf1df_6.0.19041.1110_none_60b5254171f9507e;C:\Program Files\JetBrains\IntelliJ IDEA 2020.1.2\jbr\bin\server

VM Arguments:
jvm_args: -Dfile.encoding=UTF-8 -Dsun.jnu.encoding=UTF-8 -Djava.net.preferIPv4Stack=true -Djava.rmi.server.hostname=127.0.0.1 -Duser.timezone=UTC -Xmx750m -Xms128m -Dfile.encoding=UTF-8 
java_command: com.intellij.database.remote.RemoteJdbcServer com.mysql.cj.jdbc.Driver
java_class_path (initial): C:\Program Files\JetBrains\IntelliJ IDEA 2020.1.2\lib\util.jar;C:\Program Files\JetBrains\IntelliJ IDEA 2020.1.2\lib\org_codehaus_groovy_groovy.jar;C:\Program Files\JetBrains\IntelliJ IDEA 2020.1.2\plugins\DatabaseTools\lib\jdbc-console.jar;C:\Users\jaebin2\AppData\Roaming\JetBrains\IntelliJIdea2021.3\jdbc-drivers\MySQL ConnectorJ\8.0.25\mysql-connector-java-8.0.25.jar
Launcher Type: SUN_STANDARD

[Global flags]
     intx CICompilerCount                          = 4                                         {product} {ergonomic}
     uint ConcGCThreads                            = 2                                         {product} {ergonomic}
     uint G1ConcRefinementThreads                  = 8                                         {product} {ergonomic}
   size_t G1HeapRegionSize                         = 1048576                                   {product} {ergonomic}
    uintx GCDrainStackTargetSize                   = 64                                        {product} {ergonomic}
   size_t InitialHeapSize                          = 134217728                                 {product} {command line}
   size_t MarkStackSize                            = 4194304                                   {product} {ergonomic}
   size_t MaxHeapSize                              = 786432000                                 {product} {command line}
   size_t MaxNewSize                               = 471859200                                 {product} {ergonomic}
   size_t MinHeapDeltaBytes                        = 1048576                                   {product} {ergonomic}
    uintx NonNMethodCodeHeapSize                   = 5836300                                {pd product} {ergonomic}
    uintx NonProfiledCodeHeapSize                  = 122910970                              {pd product} {ergonomic}
    uintx ProfiledCodeHeapSize                     = 122910970                              {pd product} {ergonomic}
    uintx ReservedCodeCacheSize                    = 251658240                              {pd product} {ergonomic}
     bool SegmentedCodeCache                       = true                                      {product} {ergonomic}
     bool UseCompressedClassPointers               = true                                 {lp64_product} {ergonomic}
     bool UseCompressedOops                        = true                                 {lp64_product} {ergonomic}
     bool UseG1GC                                  = true                                      {product} {ergonomic}
     bool UseLargePagesIndividualAllocation        = false                                  {pd product} {ergonomic}

Logging:
Log output configuration:
 #0: stdout all=warning uptime,level,tags
 #1: stderr all=off uptime,level,tags

Environment Variables:
JAVA_HOME=C:\Program Files\Java\jdk1.8.0_321
JAVA_TOOL_OPTIONS=-Dfile.encoding=UTF-8 -Dsun.jnu.encoding=UTF-8
PATH=C:\Users\jaebin2\Desktop\Douzone_2th\oracle_client;C:\Users\jaebin2\Desktop\WINDOWS.X64_193000_db_home\bin;C:\Program Files\Java\jdk1.8.0_321\bin;C:\Program Files\Git\cmd;C:\Program Files (x86)\NetSarang\Xshell 6\;C:\Program Files (x86)\NetSarang\Xftp 6\;C:\Program Files\MySQL\MySQL Server 8.0\bin;C:\Program Files (x86)\Yarn\bin\;C:\Python38\Scripts\;C:\Python38\;C:\Program Files (x86)\NAT Service;C:\WINDOWS\system32;C:\WINDOWS;C:\WINDOWS\System32\Wbem;C:\WINDOWS\System32\WindowsPowerShell\v1.0\;C:\WINDOWS\System32\OpenSSH\;C:\Program Files (x86)\NVIDIA Corporation\PhysX\Common;C:\ProgramData\chocolatey\bin;C:\Program Files (x86)\Brackets\command;C:\WINDOWS\system32;C:\WINDOWS;C:\WINDOWS\System32\Wbem;C:\WINDOWS\System32\WindowsPowerShell\v1.0\;C:\WINDOWS\System32\OpenSSH\;C:\Program Files (x86)\PuTTY\;C:\Program Files\nodejs\;C:\Users\jaebin2\AppData\Local\Android\Sdk\tools;C:\Users\jaebin2\AppData\Local\Android\Sdk\platform-tools;C:\Program Files\NVIDIA Corporation\NVIDIA NvDLISR;C:\Users\jaebin2\Desktop\apache-tomcat-9.0.59-windows-x64\apache-tomcat-9.0.59\bin;C:\Program Files\MySQL\MySQL Shell 8.0\bin\;C:\Users\jaebin2\AppData\Local\Microsoft\WindowsApps;C:\Users\jaebin2\AppData\Local\Programs\Microsoft VS Code\bin;C:\Users\jaebin2\AppData\Local\Yarn\bin;C:\Users\jaebin2\AppData\Roaming\npm\node_modules\yarn\bin;C:\Users\jaebin2\AppData\Roaming\npm;C:\Program Files\Java\jdk1.8.0_321\bin;
USERNAME=jaebin2
OS=Windows_NT
PROCESSOR_IDENTIFIER=Intel64 Family 6 Model 158 Stepping 10, GenuineIntel



---------------  S Y S T E M  ---------------

OS: Windows 10 , 64 bit Build 19041 (10.0.19041.1741)
OS uptime: 1 days 2:35 hours

CPU:total 8 (initial active 8) (4 cores per cpu, 2 threads per core) family 6 model 158 stepping 10 microcode 0xde, cmov, cx8, fxsr, mmx, sse, sse2, sse3, ssse3, sse4.1, sse4.2, popcnt, avx, avx2, aes, clmul, erms, 3dnowpref, lzcnt, ht, tsc, tscinvbit, bmi1, bmi2, adx, fma

Memory: 4k page, system-wide physical 16258M (2214M free)
TotalPageFile size 16258M (AvailPageFile size 3M)
current process WorkingSet (physical memory assigned to process): 77M, peak: 77M
current process commit charge ("private bytes"): 227M, peak: 228M

vm_info: OpenJDK 64-Bit Server VM (11.0.13+7-b1751.25) for windows-amd64 JRE (11.0.13+7-b1751.25), built on Jan 13 2022 20:47:27 by "" with MS VC++ 14.0 (VS2015)

END.
